{
  "stats": {
    "suites": 1,
    "tests": 3,
    "passes": 1,
    "pending": 0,
    "failures": 2,
    "start": "2025-09-25T10:18:22.780Z",
    "end": "2025-09-25T10:25:15.401Z",
    "duration": 412621,
    "testsRegistered": 25,
    "passPercent": 4,
    "pendingPercent": 0,
    "other": 0,
    "hasOther": false,
    "skipped": 22,
    "hasSkipped": true
  },
  "results": [
    {
      "uuid": "25cd9a17-3f9d-4b97-801e-93adc425123f",
      "title": "",
      "fullFile": "cypress\\e2e\\homePage.cy.js",
      "file": "cypress\\e2e\\homePage.cy.js",
      "beforeHooks": [],
      "afterHooks": [],
      "tests": [],
      "suites": [
        {
          "uuid": "9289c0cb-f040-485a-ac45-131879af55bf",
          "title": "Home page tests",
          "fullFile": "",
          "file": "",
          "beforeHooks": [],
          "afterHooks": [],
          "tests": [
            {
              "title": "PS_042: Kiểm tra điều hướng từ menu \"Trang chủ\"",
              "fullTitle": "Home page tests PS_042: Kiểm tra điều hướng từ menu \"Trang chủ\"",
              "timedOut": null,
              "duration": 96953,
              "state": "failed",
              "speed": null,
              "pass": false,
              "fail": true,
              "pending": false,
              "context": "[\n  {\n    \"title\": \"cypress-mochawesome-reporter-videos-failed\",\n    \"value\": \"cypress\\\\e2e\\\\homePage.cy.js\"\n  },\n  {\n    \"title\": \"cypress-mochawesome-reporter-screenshots\",\n    \"value\": [\n      [\n        \"\\\\homePage.cy.js\\\\Home page tests -- PS_042 Kiểm tra điều hướng từ menu Trang chủ (failed).png\"\n      ],\n      [\n        \"\\\\homePage.cy.js\\\\Home page tests -- PS_042 Kiểm tra điều hướng từ menu Trang chủ (failed) (attempt 2).png\"\n      ],\n      [\n        \"\\\\homePage.cy.js\\\\Home page tests -- PS_042 Kiểm tra điều hướng từ menu Trang chủ (failed) (attempt 3).png\"\n      ]\n    ]\n  }\n]",
              "code": "menuNav.verifyHome();",
              "err": {
                "message": "AssertionError: Timed out retrying after 6000ms: expected 'http://planshop.com/' to equal 'http://planshop.com'",
                "estack": "AssertionError: Timed out retrying after 6000ms: expected 'http://planshop.com/' to equal 'http://planshop.com'\n    at MenuNav.verifyHome (webpack://testda/./cypress/pageObjects/MenuNav.js:9:13)\n    at Context.eval (webpack://testda/./cypress/e2e/homePage.cy.js:21:12)",
                "diff": "- 'http://planshop.com/'\n+ 'http://planshop.com'\n"
              },
              "uuid": "8037c0a3-51e4-466a-89c6-16874976f8ef",
              "parentUUID": "9289c0cb-f040-485a-ac45-131879af55bf",
              "isHook": false,
              "skipped": false
            },
            {
              "title": "PS_043: Kiểm tra điều hướng từ menu \"Cửa hàng\"",
              "fullTitle": "Home page tests PS_043: Kiểm tra điều hướng từ menu \"Cửa hàng\"",
              "timedOut": null,
              "duration": 41937,
              "state": "passed",
              "speed": "slow",
              "pass": true,
              "fail": false,
              "pending": false,
              "context": "{\n  \"title\": \"cypress-mochawesome-reporter-videos-passed\",\n  \"value\": \"cypress\\\\e2e\\\\homePage.cy.js\"\n}",
              "code": "menuNav.verifyShop();",
              "err": {},
              "uuid": "34f51214-e945-49f8-9535-9e2cd363a303",
              "parentUUID": "9289c0cb-f040-485a-ac45-131879af55bf",
              "isHook": false,
              "skipped": false
            },
            {
              "title": "PS_044: Kiểm tra điều hướng từ menu \"Chăm sóc cây\"",
              "fullTitle": "Home page tests PS_044: Kiểm tra điều hướng từ menu \"Chăm sóc cây\"",
              "timedOut": null,
              "duration": 45376,
              "state": "failed",
              "speed": null,
              "pass": false,
              "fail": true,
              "pending": false,
              "context": "[\n  {\n    \"title\": \"cypress-mochawesome-reporter-videos-failed\",\n    \"value\": \"cypress\\\\e2e\\\\homePage.cy.js\"\n  },\n  {\n    \"title\": \"cypress-mochawesome-reporter-screenshots\",\n    \"value\": [\n      [\n        \"\\\\homePage.cy.js\\\\Home page tests -- PS_044 Kiểm tra điều hướng từ menu Chăm sóc cây (failed).png\"\n      ],\n      [\n        \"\\\\homePage.cy.js\\\\Home page tests -- PS_044 Kiểm tra điều hướng từ menu Chăm sóc cây (failed) (attempt 2).png\"\n      ],\n      [\n        \"\\\\homePage.cy.js\\\\Home page tests -- PS_044 Kiểm tra điều hướng từ menu Chăm sóc cây -- before each hook (failed) (attempt 3).png\"\n      ]\n    ]\n  }\n]",
              "code": "menuNav.verifyPlantCare();",
              "err": {
                "message": "CypressError: Timed out after waiting `45000ms` for your remote page to load.\n\nYour page did not fire its `load` event within `45000ms`.\n\nYou can try increasing the `pageLoadTimeout` value in `Exercise\\testDA\\cypress.config.js` to wait longer.\n\nBrowsers will not fire the `load` event until all stylesheets and scripts are done downloading.\n\nWhen this `load` event occurs, Cypress will continue running commands.\n\nBecause this error occurred during a `before each` hook we are skipping the remaining tests in the current suite: `Home page tests`",
                "estack": "CypressError: Timed out after waiting `45000ms` for your remote page to load.\n\nYour page did not fire its `load` event within `45000ms`.\n\nYou can try increasing the `pageLoadTimeout` value in `Exercise\\testDA\\cypress.config.js` to wait longer.\n\nBrowsers will not fire the `load` event until all stylesheets and scripts are done downloading.\n\nWhen this `load` event occurs, Cypress will continue running commands.\n\nBecause this error occurred during a `before each` hook we are skipping the remaining tests in the current suite: `Home page tests`\n    at timedOutWaitingForPageLoad (http://planshop.com/__cypress/runner/cypress_runner.js:134082:64)\n    at <unknown> (http://planshop.com/__cypress/runner/cypress_runner.js:135076:16)\n    at tryCatcher (http://planshop.com/__cypress/runner/cypress_runner.js:1777:23)\n    at <unknown> (http://planshop.com/__cypress/runner/cypress_runner.js:4156:41)\n    at tryCatcher (http://planshop.com/__cypress/runner/cypress_runner.js:1777:23)\n    at Promise._settlePromiseFromHandler (http://planshop.com/__cypress/runner/cypress_runner.js:1489:31)\n    at Promise._settlePromise (http://planshop.com/__cypress/runner/cypress_runner.js:1546:18)\n    at Promise._settlePromise0 (http://planshop.com/__cypress/runner/cypress_runner.js:1591:10)\n    at Promise._settlePromises (http://planshop.com/__cypress/runner/cypress_runner.js:1667:18)\n    at _drainQueueStep (http://planshop.com/__cypress/runner/cypress_runner.js:2377:12)\n    at _drainQueue (http://planshop.com/__cypress/runner/cypress_runner.js:2370:9)\n    at Async._drainQueues (http://planshop.com/__cypress/runner/cypress_runner.js:2386:5)\n    at Async.drainQueues (http://planshop.com/__cypress/runner/cypress_runner.js:2256:14)\nFrom Your Spec Code:\n    at Context.eval (webpack://testda/./cypress/support/commands.js:2:5)\n    at wrapped (http://planshop.com/__cypress/runner/cypress_runner.js:141524:43)",
                "diff": null
              },
              "uuid": "7d789080-ec2c-44e5-9126-7a743a6da4a8",
              "parentUUID": "9289c0cb-f040-485a-ac45-131879af55bf",
              "isHook": false,
              "skipped": false
            },
            {
              "title": "PS_045: Kiểm tra điều hướng từ menu \"Liên hệ\"",
              "fullTitle": "Home page tests PS_045: Kiểm tra điều hướng từ menu \"Liên hệ\"",
              "timedOut": null,
              "duration": 0,
              "state": "skipped",
              "speed": null,
              "pass": false,
              "fail": false,
              "pending": false,
              "context": null,
              "code": "menuNav.verifyContact();",
              "err": {},
              "uuid": "a407696c-c1c6-42c4-91d1-b5a5b35f6236",
              "parentUUID": "9289c0cb-f040-485a-ac45-131879af55bf",
              "isHook": false,
              "skipped": true
            }
          ],
          "suites": [
            {
              "uuid": "64637ae6-1517-49b4-a631-4ead2cb791e4",
              "title": "Search menu tests",
              "fullFile": "",
              "file": "",
              "beforeHooks": [],
              "afterHooks": [],
              "tests": [
                {
                  "title": "PS_046: Kiểm tra hiển thị mặc định ô tìm kiếm",
                  "fullTitle": "Home page tests Search menu tests PS_046: Kiểm tra hiển thị mặc định ô tìm kiếm",
                  "timedOut": null,
                  "duration": 0,
                  "state": "skipped",
                  "speed": null,
                  "pass": false,
                  "fail": false,
                  "pending": false,
                  "context": null,
                  "code": "searchPage.checkSearchLayout();",
                  "err": {},
                  "uuid": "e02dd3b8-f740-4a1f-afb6-50c7b12b6b77",
                  "parentUUID": null,
                  "isHook": false,
                  "skipped": true
                },
                {
                  "title": "PS_047: Kiểm tra nhập từ khóa tìm kiếm không tồn tại",
                  "fullTitle": "Home page tests Search menu tests PS_047: Kiểm tra nhập từ khóa tìm kiếm không tồn tại",
                  "timedOut": null,
                  "duration": 0,
                  "state": "skipped",
                  "speed": null,
                  "pass": false,
                  "fail": false,
                  "pending": false,
                  "context": null,
                  "code": "cy.fixture('search').then(search => {\n  searchPage.searchKeyword(search.invalidKeyword.keyword);\n  searchPage.keywordNotExits(search.invalidKeyword.keyword, {\n    timeout: 4000\n  });\n});",
                  "err": {},
                  "uuid": "108cf63f-0b33-459f-af97-31e7157ca109",
                  "parentUUID": null,
                  "isHook": false,
                  "skipped": true
                },
                {
                  "title": "PS_048: Kiểm tra tìm kiếm với từ khóa hợp lệ",
                  "fullTitle": "Home page tests Search menu tests PS_048: Kiểm tra tìm kiếm với từ khóa hợp lệ",
                  "timedOut": null,
                  "duration": 0,
                  "state": "skipped",
                  "speed": null,
                  "pass": false,
                  "fail": false,
                  "pending": false,
                  "context": null,
                  "code": "cy.fixture('search').then(search => {\n  searchPage.searchKeyword(search.validKeyword.keyword);\n  searchPage.verifySearchResults();\n});",
                  "err": {},
                  "uuid": "d92e5410-7a2a-4156-a2df-b8add7ba6dba",
                  "parentUUID": null,
                  "isHook": false,
                  "skipped": true
                },
                {
                  "title": "PS_049: Kiểm tra nhập tìm kiếm toàn space hoặc ký tự đặc biệt",
                  "fullTitle": "Home page tests Search menu tests PS_049: Kiểm tra nhập tìm kiếm toàn space hoặc ký tự đặc biệt",
                  "timedOut": null,
                  "duration": 0,
                  "state": "skipped",
                  "speed": null,
                  "pass": false,
                  "fail": false,
                  "pending": false,
                  "context": null,
                  "code": "cy.fixture('search').then(search => {\n  searchPage.searchKeyword(search.spaceKeyword.keyword);\n  searchPage.verifyNoResults();\n});",
                  "err": {},
                  "uuid": "4afcff9b-0e99-44b3-8c9c-68e8b47ed56e",
                  "parentUUID": null,
                  "isHook": false,
                  "skipped": true
                },
                {
                  "title": "PS_050: Kiểm tra khi nhập đúng 1 phần từ khóa",
                  "fullTitle": "Home page tests Search menu tests PS_050: Kiểm tra khi nhập đúng 1 phần từ khóa",
                  "timedOut": null,
                  "duration": 0,
                  "state": "skipped",
                  "speed": null,
                  "pass": false,
                  "fail": false,
                  "pending": false,
                  "context": null,
                  "code": "cy.fixture('search').then(search => {\n  searchPage.searchKeyword(search.exactlyPartKeyword.keyword);\n  searchPage.verifySearchResults();\n  searchPage.verifyKeywordMatchInResults(search.exactlyPartKeyword.keyword);\n});",
                  "err": {},
                  "uuid": "6065b8c0-be13-4405-a464-7625b27ac306",
                  "parentUUID": null,
                  "isHook": false,
                  "skipped": true
                },
                {
                  "title": "PS_051: Kiểm tra click vào 1 sản phẩm trong danh sách",
                  "fullTitle": "Home page tests Search menu tests PS_051: Kiểm tra click vào 1 sản phẩm trong danh sách",
                  "timedOut": null,
                  "duration": 0,
                  "state": "skipped",
                  "speed": null,
                  "pass": false,
                  "fail": false,
                  "pending": false,
                  "context": null,
                  "code": "cy.fixture('search').then(search => {\n  searchPage.searchKeyword(search.validKeyword.keyword);\n  searchPage.clickFirstProduct();\n});",
                  "err": {},
                  "uuid": "6e0352ac-2caf-4d76-87a6-d57092093213",
                  "parentUUID": null,
                  "isHook": false,
                  "skipped": true
                },
                {
                  "title": "PS_052: Kiểm tra click nút \"Thêm vào giỏ hàng\"",
                  "fullTitle": "Home page tests Search menu tests PS_052: Kiểm tra click nút \"Thêm vào giỏ hàng\"",
                  "timedOut": null,
                  "duration": 0,
                  "state": "skipped",
                  "speed": null,
                  "pass": false,
                  "fail": false,
                  "pending": false,
                  "context": null,
                  "code": "cy.fixture('search').then(search => {\n  searchPage.searchKeyword(search.validKeyword.keyword);\n  searchPage.clickAddToCart();\n});",
                  "err": {},
                  "uuid": "e8d3cc0c-44f7-497c-99ad-730610360d3e",
                  "parentUUID": null,
                  "isHook": false,
                  "skipped": true
                },
                {
                  "title": "PS_053: Kiểm tra click nút \"Lựa chọn tùy chọn\"",
                  "fullTitle": "Home page tests Search menu tests PS_053: Kiểm tra click nút \"Lựa chọn tùy chọn\"",
                  "timedOut": null,
                  "duration": 0,
                  "state": "skipped",
                  "speed": null,
                  "pass": false,
                  "fail": false,
                  "pending": false,
                  "context": null,
                  "code": "cy.fixture('search').then(search => {\n  searchPage.searchKeyword(search.exactlyPartKeyword.keyword);\n  searchPage.clickSelectOption();\n});",
                  "err": {},
                  "uuid": "09f3b7d5-ade6-404d-b000-3beaa6d9808d",
                  "parentUUID": null,
                  "isHook": false,
                  "skipped": true
                },
                {
                  "title": "PS_054: Kiểm tra click \"Xem tất cả sản phẩm\"",
                  "fullTitle": "Home page tests Search menu tests PS_054: Kiểm tra click \"Xem tất cả sản phẩm\"",
                  "timedOut": null,
                  "duration": 0,
                  "state": "skipped",
                  "speed": null,
                  "pass": false,
                  "fail": false,
                  "pending": false,
                  "context": null,
                  "code": "cy.fixture('search').then(search => {\n  searchPage.searchKeyword(search.exactlyPartKeyword.keyword);\n  searchPage.clickViewAllProducts();\n});",
                  "err": {},
                  "uuid": "c742bf8f-ebad-47c8-879f-bb0a9c68f4e4",
                  "parentUUID": null,
                  "isHook": false,
                  "skipped": true
                },
                {
                  "title": "PS_055: Kiểm tra kết quả tìm kiếm",
                  "fullTitle": "Home page tests Search menu tests PS_055: Kiểm tra kết quả tìm kiếm",
                  "timedOut": null,
                  "duration": 0,
                  "state": "skipped",
                  "speed": null,
                  "pass": false,
                  "fail": false,
                  "pending": false,
                  "context": null,
                  "code": "cy.fixture('search').then(search => {\n  searchPage.searchKeyword(search.validKeyword.keyword);\n  searchPage.verifyResultPage(search.validKeyword.keyword);\n});",
                  "err": {},
                  "uuid": "1fb4eaa2-01ca-4725-a647-621357684e44",
                  "parentUUID": null,
                  "isHook": false,
                  "skipped": true
                }
              ],
              "suites": [],
              "passes": [],
              "failures": [],
              "pending": [],
              "skipped": [
                "e02dd3b8-f740-4a1f-afb6-50c7b12b6b77",
                "108cf63f-0b33-459f-af97-31e7157ca109",
                "d92e5410-7a2a-4156-a2df-b8add7ba6dba",
                "4afcff9b-0e99-44b3-8c9c-68e8b47ed56e",
                "6065b8c0-be13-4405-a464-7625b27ac306",
                "6e0352ac-2caf-4d76-87a6-d57092093213",
                "e8d3cc0c-44f7-497c-99ad-730610360d3e",
                "09f3b7d5-ade6-404d-b000-3beaa6d9808d",
                "c742bf8f-ebad-47c8-879f-bb0a9c68f4e4",
                "1fb4eaa2-01ca-4725-a647-621357684e44"
              ],
              "duration": 0,
              "root": false,
              "rootEmpty": false,
              "_timeout": 2000
            },
            {
              "uuid": "7794d759-3574-4d26-bfa1-4589889dd718",
              "title": "Account menu tests",
              "fullFile": "",
              "file": "",
              "beforeHooks": [],
              "afterHooks": [],
              "tests": [
                {
                  "title": "PS_056: Kiểm tra hiển thị mặc định",
                  "fullTitle": "Home page tests Account menu tests PS_056: Kiểm tra hiển thị mặc định",
                  "timedOut": null,
                  "duration": 0,
                  "state": "skipped",
                  "speed": null,
                  "pass": false,
                  "fail": false,
                  "pending": false,
                  "context": null,
                  "code": "cy.fixture('users').then(users => {\n  loginPage.login(users.validCustomer.email, users.validCustomer.password);\n  accountMenu.verifyUsernameMenu();\n});",
                  "err": {},
                  "uuid": "b49518ca-7624-4891-8eb8-fc0f55be4c26",
                  "parentUUID": null,
                  "isHook": false,
                  "skipped": true
                },
                {
                  "title": "PS_057: Kiểm tra click \"Tài khoản của tôi\" từ menu",
                  "fullTitle": "Home page tests Account menu tests PS_057: Kiểm tra click \"Tài khoản của tôi\" từ menu",
                  "timedOut": null,
                  "duration": 0,
                  "state": "skipped",
                  "speed": null,
                  "pass": false,
                  "fail": false,
                  "pending": false,
                  "context": null,
                  "code": "cy.fixture('users').then(users => {\n  loginPage.login(users.validCustomer.email, users.validCustomer.password);\n});\naccountMenu.clickMyAccountMenu();",
                  "err": {},
                  "uuid": "93dcec9d-c618-41c7-9bd5-5face681efdf",
                  "parentUUID": null,
                  "isHook": false,
                  "skipped": true
                },
                {
                  "title": "PS_058: Kiểm tra menu \"Đăng xuất\"",
                  "fullTitle": "Home page tests Account menu tests PS_058: Kiểm tra menu \"Đăng xuất\"",
                  "timedOut": null,
                  "duration": 0,
                  "state": "skipped",
                  "speed": null,
                  "pass": false,
                  "fail": false,
                  "pending": false,
                  "context": null,
                  "code": "cy.fixture('users').then(users => {\n  loginPage.login(users.validCustomer.email, users.validCustomer.password);\n});\naccountMenu.clickLogoutMenu();\naccountMenu.verifyLogoutSuccess();",
                  "err": {},
                  "uuid": "5e14d251-7ed7-4239-9a29-7950f437c4d2",
                  "parentUUID": null,
                  "isHook": false,
                  "skipped": true
                }
              ],
              "suites": [],
              "passes": [],
              "failures": [],
              "pending": [],
              "skipped": [
                "b49518ca-7624-4891-8eb8-fc0f55be4c26",
                "93dcec9d-c618-41c7-9bd5-5face681efdf",
                "5e14d251-7ed7-4239-9a29-7950f437c4d2"
              ],
              "duration": 0,
              "root": false,
              "rootEmpty": false,
              "_timeout": 2000
            },
            {
              "uuid": "6bdff408-931e-44c0-aa63-0f48fbd191f0",
              "title": "Cart menu tests",
              "fullFile": "",
              "file": "",
              "beforeHooks": [],
              "afterHooks": [],
              "tests": [
                {
                  "title": "PS_059: Kiểm tra hover vào giỏ hàng khi chưa có sản phẩm nào",
                  "fullTitle": "Home page tests Cart menu tests PS_059: Kiểm tra hover vào giỏ hàng khi chưa có sản phẩm nào",
                  "timedOut": null,
                  "duration": 0,
                  "state": "skipped",
                  "speed": null,
                  "pass": false,
                  "fail": false,
                  "pending": false,
                  "context": null,
                  "code": "cartMenu.verifyCartIsEmpty();\ncartMenu.verifyEmptyCart();",
                  "err": {},
                  "uuid": "6d08c8ed-ccd7-4617-bda4-a89e8dd5a35b",
                  "parentUUID": null,
                  "isHook": false,
                  "skipped": true
                },
                {
                  "title": "PS_060: Kiểm tra click button \"Tiếp tục mua sắm\"",
                  "fullTitle": "Home page tests Cart menu tests PS_060: Kiểm tra click button \"Tiếp tục mua sắm\"",
                  "timedOut": null,
                  "duration": 0,
                  "state": "skipped",
                  "speed": null,
                  "pass": false,
                  "fail": false,
                  "pending": false,
                  "context": null,
                  "code": "cartMenu.verifyCartIsEmpty();\ncartMenu.clickContinueShopping();",
                  "err": {},
                  "uuid": "bcf9afcc-d67d-4ae5-8474-28a8d382fdc9",
                  "parentUUID": null,
                  "isHook": false,
                  "skipped": true
                },
                {
                  "title": "PS_061: Kiểm tra hover vào giỏ hàng khi có sẵn sản phẩm",
                  "fullTitle": "Home page tests Cart menu tests PS_061: Kiểm tra hover vào giỏ hàng khi có sẵn sản phẩm",
                  "timedOut": null,
                  "duration": 0,
                  "state": "skipped",
                  "speed": null,
                  "pass": false,
                  "fail": false,
                  "pending": false,
                  "context": null,
                  "code": "shopPage.addProductToCart();\ncartMenu.verifyCartWithProducts();",
                  "err": {},
                  "uuid": "03712996-0ed1-4688-b143-0f0805c14c59",
                  "parentUUID": null,
                  "isHook": false,
                  "skipped": true
                },
                {
                  "title": "PS_062: Kiểm tra button \"Xem giỏ hàng\"",
                  "fullTitle": "Home page tests Cart menu tests PS_062: Kiểm tra button \"Xem giỏ hàng\"",
                  "timedOut": null,
                  "duration": 0,
                  "state": "skipped",
                  "speed": null,
                  "pass": false,
                  "fail": false,
                  "pending": false,
                  "context": null,
                  "code": "shopPage.addProductToCart();\ncartMenu.clickViewCart();",
                  "err": {},
                  "uuid": "09884ad6-0336-4fa4-89f5-96e19d3155f5",
                  "parentUUID": null,
                  "isHook": false,
                  "skipped": true
                },
                {
                  "title": "PS_063: Kiểm tra button \"Thanh toán\" khi chưa đăng nhập",
                  "fullTitle": "Home page tests Cart menu tests PS_063: Kiểm tra button \"Thanh toán\" khi chưa đăng nhập",
                  "timedOut": null,
                  "duration": 0,
                  "state": "skipped",
                  "speed": null,
                  "pass": false,
                  "fail": false,
                  "pending": false,
                  "context": null,
                  "code": "shopPage.addProductToCart();\ncartMenu.clickCheckoutNotLogIn();",
                  "err": {},
                  "uuid": "e480d7df-0ed9-4c78-b070-ab4842e56091",
                  "parentUUID": null,
                  "isHook": false,
                  "skipped": true
                },
                {
                  "title": "PS_064: Kiểm tra button \"Thanh toán\" khi đã chưa đăng nhập",
                  "fullTitle": "Home page tests Cart menu tests PS_064: Kiểm tra button \"Thanh toán\" khi đã chưa đăng nhập",
                  "timedOut": null,
                  "duration": 0,
                  "state": "skipped",
                  "speed": null,
                  "pass": false,
                  "fail": false,
                  "pending": false,
                  "context": null,
                  "code": "loginPage.clickLoginMenu();\ncy.fixture('users').then(users => {\n  loginPage.login(users.validCustomer.email, users.validCustomer.password);\n  shopPage.addProductToCart();\n  cartMenu.clickCheckout();\n});",
                  "err": {},
                  "uuid": "d1f23ab2-098c-4b2d-9b06-7b8b14386230",
                  "parentUUID": null,
                  "isHook": false,
                  "skipped": true
                },
                {
                  "title": "PS_065: Xóa sản phẩm trong giỏ hàng có một sản phẩm",
                  "fullTitle": "Home page tests Cart menu tests PS_065: Xóa sản phẩm trong giỏ hàng có một sản phẩm",
                  "timedOut": null,
                  "duration": 0,
                  "state": "skipped",
                  "speed": null,
                  "pass": false,
                  "fail": false,
                  "pending": false,
                  "context": null,
                  "code": "shopPage.addProductToCart();\ncartMenu.removeCart1Item();",
                  "err": {},
                  "uuid": "ac1e613e-1e5d-4cf9-88a1-2cac4b9b63f6",
                  "parentUUID": null,
                  "isHook": false,
                  "skipped": true
                },
                {
                  "title": "PS_066: Xóa sản phẩm trong giỏ hàng có nhiều sản phẩm sản phẩm",
                  "fullTitle": "Home page tests Cart menu tests PS_066: Xóa sản phẩm trong giỏ hàng có nhiều sản phẩm sản phẩm",
                  "timedOut": null,
                  "duration": 0,
                  "state": "skipped",
                  "speed": null,
                  "pass": false,
                  "fail": false,
                  "pending": false,
                  "context": null,
                  "code": "shopPage.addMultipleProductsToCart();\ncartMenu.removeCartMultiItem();",
                  "err": {},
                  "uuid": "72b61d48-a213-4c15-b195-5fadea7a9215",
                  "parentUUID": null,
                  "isHook": false,
                  "skipped": true
                }
              ],
              "suites": [],
              "passes": [],
              "failures": [],
              "pending": [],
              "skipped": [
                "6d08c8ed-ccd7-4617-bda4-a89e8dd5a35b",
                "bcf9afcc-d67d-4ae5-8474-28a8d382fdc9",
                "03712996-0ed1-4688-b143-0f0805c14c59",
                "09884ad6-0336-4fa4-89f5-96e19d3155f5",
                "e480d7df-0ed9-4c78-b070-ab4842e56091",
                "d1f23ab2-098c-4b2d-9b06-7b8b14386230",
                "ac1e613e-1e5d-4cf9-88a1-2cac4b9b63f6",
                "72b61d48-a213-4c15-b195-5fadea7a9215"
              ],
              "duration": 0,
              "root": false,
              "rootEmpty": false,
              "_timeout": 2000
            }
          ],
          "passes": [
            "34f51214-e945-49f8-9535-9e2cd363a303"
          ],
          "failures": [
            "8037c0a3-51e4-466a-89c6-16874976f8ef",
            "7d789080-ec2c-44e5-9126-7a743a6da4a8"
          ],
          "pending": [],
          "skipped": [
            "a407696c-c1c6-42c4-91d1-b5a5b35f6236"
          ],
          "duration": 184266,
          "root": false,
          "rootEmpty": false,
          "_timeout": 2000
        }
      ],
      "passes": [],
      "failures": [],
      "pending": [],
      "skipped": [],
      "duration": 0,
      "root": true,
      "rootEmpty": true,
      "_timeout": 2000
    }
  ],
  "meta": {
    "mocha": {
      "version": "7.2.0"
    },
    "mochawesome": {
      "options": {
        "quiet": false,
        "reportFilename": "mochawesome",
        "saveHtml": false,
        "saveJson": true,
        "consoleReporter": "spec",
        "useInlineDiffs": false,
        "code": true
      },
      "version": "7.1.3"
    },
    "marge": {
      "options": {
        "reportDir": "cypress\\reports\\.jsons",
        "overwrite": false,
        "html": false,
        "json": true,
        "timestamp": "mmddyyyy_HHMMss",
        "reportTitle": "PlanShop E2E Test Results",
        "reportPageTitle": "Cypress Test Report",
        "embeddedScreenshots": true,
        "inlineAssets": true,
        "saveAllAttempts": false
      },
      "version": "6.2.0"
    }
  }
}