{
  "stats": {
    "suites": 1,
    "tests": 4,
    "passes": 4,
    "pending": 0,
    "failures": 0,
    "start": "2025-09-24T18:24:07.698Z",
    "end": "2025-09-24T18:26:13.221Z",
    "duration": 125523,
    "testsRegistered": 4,
    "passPercent": 100,
    "pendingPercent": 0,
    "other": 0,
    "hasOther": false,
    "skipped": 0,
    "hasSkipped": false
  },
  "results": [
    {
      "uuid": "d585a7cd-2a4c-4ec0-80a8-0e5269cf8bba",
      "title": "",
      "fullFile": "cypress\\e2e\\auth\\forgotPassword.cy.js",
      "file": "cypress\\e2e\\auth\\forgotPassword.cy.js",
      "beforeHooks": [],
      "afterHooks": [],
      "tests": [],
      "suites": [
        {
          "uuid": "726f6baf-9d05-4cc9-9820-6b36c8ade740",
          "title": "Forgot Password Functionality Tests",
          "fullFile": "",
          "file": "",
          "beforeHooks": [],
          "afterHooks": [],
          "tests": [
            {
              "title": "PS_038: Kiểm tra màn hình bố cục",
              "fullTitle": "Forgot Password Functionality Tests PS_038: Kiểm tra màn hình bố cục",
              "timedOut": null,
              "duration": 26033,
              "state": "passed",
              "speed": "slow",
              "pass": true,
              "fail": false,
              "pending": false,
              "context": "[\n  {\n    \"title\": \"cypress-mochawesome-reporter-videos-passed\",\n    \"value\": \"cypress\\\\e2e\\\\auth\\\\forgotPassword.cy.js\"\n  },\n  {\n    \"title\": \"cypress-mochawesome-reporter-screenshots\",\n    \"value\": [\n      [\n        \"\\\\auth\\\\forgotPassword.cy.js\\\\Forgot Password Functionality Tests -- PS_038 Kiểm tra màn hình bố cục (failed).png\"\n      ],\n      [\n        \"\\\\auth\\\\forgotPassword.cy.js\\\\Forgot Password Functionality Tests -- PS_038 Kiểm tra màn hình bố cục (failed) (attempt 2).png\"\n      ],\n      []\n    ]\n  }\n]",
              "code": "forgotPasswordPage.checkForgotPasswordLayout();",
              "err": {},
              "uuid": "a9bbbe12-f066-47d1-9433-134b31ece0e4",
              "parentUUID": "726f6baf-9d05-4cc9-9820-6b36c8ade740",
              "isHook": false,
              "skipped": false
            },
            {
              "title": "PS_039: Kiểm tra trường email là trường bắt buộc",
              "fullTitle": "Forgot Password Functionality Tests PS_039: Kiểm tra trường email là trường bắt buộc",
              "timedOut": null,
              "duration": 3814,
              "state": "passed",
              "speed": "fast",
              "pass": true,
              "fail": false,
              "pending": false,
              "context": "{\n  \"title\": \"cypress-mochawesome-reporter-videos-passed\",\n  \"value\": \"cypress\\\\e2e\\\\auth\\\\forgotPassword.cy.js\"\n}",
              "code": "cy.fixture('forgot').then(forgot => {\n  forgotPasswordPage.resetPassword(forgot.emptyEmail.email);\n  forgotPasswordPage.checkInvalidFieldEmail('Please fill out this field.', 'user_login');\n});",
              "err": {},
              "uuid": "29664442-87a7-4958-a2c7-4d7bc8f08d93",
              "parentUUID": "726f6baf-9d05-4cc9-9820-6b36c8ade740",
              "isHook": false,
              "skipped": false
            },
            {
              "title": "PS_040: Kiểm tra nhập Username/Email không hợp lệ/chưa đăng ký",
              "fullTitle": "Forgot Password Functionality Tests PS_040: Kiểm tra nhập Username/Email không hợp lệ/chưa đăng ký",
              "timedOut": null,
              "duration": 6062,
              "state": "passed",
              "speed": "medium",
              "pass": true,
              "fail": false,
              "pending": false,
              "context": "{\n  \"title\": \"cypress-mochawesome-reporter-videos-passed\",\n  \"value\": \"cypress\\\\e2e\\\\auth\\\\forgotPassword.cy.js\"\n}",
              "code": "cy.fixture('forgot').then(forgot => {\n  forgotPasswordPage.resetPassword(forgot.nonRegisteredEmail.email);\n  forgotPasswordPage.checkNoticeError('Tên người dùng hoặc e-mail không hợp lệ.');\n});",
              "err": {},
              "uuid": "45c95086-5725-4e1d-8a38-f1f012e536a9",
              "parentUUID": "726f6baf-9d05-4cc9-9820-6b36c8ade740",
              "isHook": false,
              "skipped": false
            },
            {
              "title": "PS_041: Kiểm tra nhập Username/Email đã đăng ký",
              "fullTitle": "Forgot Password Functionality Tests PS_041: Kiểm tra nhập Username/Email đã đăng ký",
              "timedOut": null,
              "duration": 26445,
              "state": "passed",
              "speed": "slow",
              "pass": true,
              "fail": false,
              "pending": false,
              "context": "{\n  \"title\": \"cypress-mochawesome-reporter-videos-passed\",\n  \"value\": \"cypress\\\\e2e\\\\auth\\\\forgotPassword.cy.js\"\n}",
              "code": "cy.fixture('forgot').then(forgot => {\n  forgotPasswordPage.resetPassword(forgot.registeredEmail.email);\n  forgotPasswordPage.pwrecovery();\n});",
              "err": {},
              "uuid": "4f1e4510-7336-4dc9-8937-59746a5a880d",
              "parentUUID": "726f6baf-9d05-4cc9-9820-6b36c8ade740",
              "isHook": false,
              "skipped": false
            }
          ],
          "suites": [],
          "passes": [
            "a9bbbe12-f066-47d1-9433-134b31ece0e4",
            "29664442-87a7-4958-a2c7-4d7bc8f08d93",
            "45c95086-5725-4e1d-8a38-f1f012e536a9",
            "4f1e4510-7336-4dc9-8937-59746a5a880d"
          ],
          "failures": [],
          "pending": [],
          "skipped": [],
          "duration": 62354,
          "root": false,
          "rootEmpty": false,
          "_timeout": 2000
        }
      ],
      "passes": [],
      "failures": [],
      "pending": [],
      "skipped": [],
      "duration": 0,
      "root": true,
      "rootEmpty": true,
      "_timeout": 2000
    }
  ],
  "meta": {
    "mocha": {
      "version": "7.2.0"
    },
    "mochawesome": {
      "options": {
        "quiet": false,
        "reportFilename": "mochawesome",
        "saveHtml": false,
        "saveJson": true,
        "consoleReporter": "spec",
        "useInlineDiffs": false,
        "code": true
      },
      "version": "7.1.3"
    },
    "marge": {
      "options": {
        "reportDir": "cypress\\reports\\.jsons",
        "overwrite": false,
        "html": false,
        "json": true,
        "timestamp": "mmddyyyy_HHMMss",
        "reportTitle": "PlanShop E2E Test Results",
        "reportPageTitle": "Cypress Test Report",
        "embeddedScreenshots": true,
        "inlineAssets": true,
        "saveAllAttempts": false
      },
      "version": "6.2.0"
    }
  }
}