{
  "stats": {
    "suites": 2,
    "tests": 4,
    "passes": 3,
    "pending": 0,
    "failures": 1,
    "start": "2025-09-24T18:21:49.712Z",
    "end": "2025-09-24T18:23:48.672Z",
    "duration": 118960,
    "testsRegistered": 19,
    "passPercent": 15.789473684210526,
    "pendingPercent": 0,
    "other": 0,
    "hasOther": false,
    "skipped": 15,
    "hasSkipped": true
  },
  "results": [
    {
      "uuid": "92c8c498-0ff9-4703-9165-382d9c725951",
      "title": "",
      "fullFile": "cypress\\e2e\\shopPage.cy.js",
      "file": "cypress\\e2e\\shopPage.cy.js",
      "beforeHooks": [],
      "afterHooks": [],
      "tests": [],
      "suites": [
        {
          "uuid": "db150b62-1ca0-4e0c-8dbf-56695d8c023f",
          "title": "Shop Page Tests",
          "fullFile": "",
          "file": "",
          "beforeHooks": [],
          "afterHooks": [],
          "tests": [],
          "suites": [
            {
              "uuid": "257fb8d0-9980-4631-a089-118bac9ed13b",
              "title": "Add Product tests",
              "fullFile": "",
              "file": "",
              "beforeHooks": [],
              "afterHooks": [],
              "tests": [
                {
                  "title": "PS_083: Kiểm tra thêm sản phẩm không có lựa chọn vào giỏ hàng",
                  "fullTitle": "Shop Page Tests Add Product tests PS_083: Kiểm tra thêm sản phẩm không có lựa chọn vào giỏ hàng",
                  "timedOut": null,
                  "duration": 6663,
                  "state": "passed",
                  "speed": "medium",
                  "pass": true,
                  "fail": false,
                  "pending": false,
                  "context": "{\n  \"title\": \"cypress-mochawesome-reporter-videos-passed\",\n  \"value\": \"cypress\\\\e2e\\\\shopPage.cy.js\"\n}",
                  "code": "shopPage.addProductToCart();",
                  "err": {},
                  "uuid": "7eb27405-2430-4835-b30a-a07e7f3db7f6",
                  "parentUUID": "257fb8d0-9980-4631-a089-118bac9ed13b",
                  "isHook": false,
                  "skipped": false
                },
                {
                  "title": "PS_084: Kiểm tra thêm sản phẩm có lựa chọn vào giỏ hàng",
                  "fullTitle": "Shop Page Tests Add Product tests PS_084: Kiểm tra thêm sản phẩm có lựa chọn vào giỏ hàng",
                  "timedOut": null,
                  "duration": 11282,
                  "state": "passed",
                  "speed": "slow",
                  "pass": true,
                  "fail": false,
                  "pending": false,
                  "context": "{\n  \"title\": \"cypress-mochawesome-reporter-videos-passed\",\n  \"value\": \"cypress\\\\e2e\\\\shopPage.cy.js\"\n}",
                  "code": "shopPage.addSelectedProductToCart();",
                  "err": {},
                  "uuid": "9360bc36-4990-4078-91b1-0ad39c465c3f",
                  "parentUUID": "257fb8d0-9980-4631-a089-118bac9ed13b",
                  "isHook": false,
                  "skipped": false
                },
                {
                  "title": "PS_085: Kiểm tra thêm sản phẩm không có lựa chọn đã hết hàng",
                  "fullTitle": "Shop Page Tests Add Product tests PS_085: Kiểm tra thêm sản phẩm không có lựa chọn đã hết hàng",
                  "timedOut": null,
                  "duration": 7523,
                  "state": "passed",
                  "speed": "medium",
                  "pass": true,
                  "fail": false,
                  "pending": false,
                  "context": "{\n  \"title\": \"cypress-mochawesome-reporter-videos-passed\",\n  \"value\": \"cypress\\\\e2e\\\\shopPage.cy.js\"\n}",
                  "code": "shopPage.addProductSoldOut();",
                  "err": {},
                  "uuid": "00623ba7-561f-4080-a7b9-da964ab95ebb",
                  "parentUUID": "257fb8d0-9980-4631-a089-118bac9ed13b",
                  "isHook": false,
                  "skipped": false
                },
                {
                  "title": "PS_086: Kiểm tra thêm sản phẩm có lựa chọn đã hết hàng",
                  "fullTitle": "Shop Page Tests Add Product tests PS_086: Kiểm tra thêm sản phẩm có lựa chọn đã hết hàng",
                  "timedOut": null,
                  "duration": 30218,
                  "state": "failed",
                  "speed": null,
                  "pass": false,
                  "fail": true,
                  "pending": false,
                  "context": "[\n  {\n    \"title\": \"cypress-mochawesome-reporter-videos-failed\",\n    \"value\": \"cypress\\\\e2e\\\\shopPage.cy.js\"\n  },\n  {\n    \"title\": \"cypress-mochawesome-reporter-screenshots\",\n    \"value\": [\n      [\n        \"\\\\shopPage.cy.js\\\\Shop Page Tests -- Add Product tests -- PS_086 Kiểm tra thêm sản phẩm có lựa chọn đã hết hàng (failed).png\"\n      ],\n      [\n        \"\\\\shopPage.cy.js\\\\Shop Page Tests -- Add Product tests -- PS_086 Kiểm tra thêm sản phẩm có lựa chọn đã hết hàng (failed) (attempt 2).png\"\n      ],\n      [\n        \"\\\\shopPage.cy.js\\\\Shop Page Tests -- PS_086 Kiểm tra thêm sản phẩm có lựa chọn đã hết hàng -- before each hook (failed) (attempt 3).png\"\n      ]\n    ]\n  }\n]",
                  "code": "shopPage.addSelectedProductSoldOut();",
                  "err": {
                    "message": "CypressError: `cy.visit()` failed trying to load:\n\nhttp://planshop.local/shop\n\nWe attempted to make an http request to this URL but the request failed without a response.\n\nWe received this error at the network level:\n\n  > Error: ESOCKETTIMEDOUT\n\nCommon situations why this would fail:\n  - you don't have internet access\n  - you forgot to run / boot your web server\n  - your web server isn't accessible\n  - you have weird network configuration settings on your computer\n\nBecause this error occurred during a `before each` hook we are skipping the remaining tests in the current suite: `Shop Page Tests`",
                    "estack": "CypressError: `cy.visit()` failed trying to load:\n\nhttp://planshop.local/shop\n\nWe attempted to make an http request to this URL but the request failed without a response.\n\nWe received this error at the network level:\n\n  > Error: ESOCKETTIMEDOUT\n\nCommon situations why this would fail:\n  - you don't have internet access\n  - you forgot to run / boot your web server\n  - your web server isn't accessible\n  - you have weird network configuration settings on your computer\n\nBecause this error occurred during a `before each` hook we are skipping the remaining tests in the current suite: `Shop Page Tests`\n    at <unknown> (http://planshop.local/__cypress/runner/cypress_runner.js:135059:74)\n    at visitFailedByErr (http://planshop.local/__cypress/runner/cypress_runner.js:134449:12)\n    at <unknown> (http://planshop.local/__cypress/runner/cypress_runner.js:135058:11)\n    at tryCatcher (http://planshop.local/__cypress/runner/cypress_runner.js:1777:23)\n    at Promise._settlePromiseFromHandler (http://planshop.local/__cypress/runner/cypress_runner.js:1489:31)\n    at Promise._settlePromise (http://planshop.local/__cypress/runner/cypress_runner.js:1546:18)\n    at Promise._settlePromise0 (http://planshop.local/__cypress/runner/cypress_runner.js:1591:10)\n    at Promise._settlePromises (http://planshop.local/__cypress/runner/cypress_runner.js:1667:18)\n    at _drainQueueStep (http://planshop.local/__cypress/runner/cypress_runner.js:2377:12)\n    at _drainQueue (http://planshop.local/__cypress/runner/cypress_runner.js:2370:9)\n    at Async._drainQueues (http://planshop.local/__cypress/runner/cypress_runner.js:2386:5)\n    at Async.drainQueues (http://planshop.local/__cypress/runner/cypress_runner.js:2256:14)\nFrom Your Spec Code:\n    at Context.eval (webpack://testda/./cypress/support/commands.js:10:5)\n    at wrapped (http://planshop.local/__cypress/runner/cypress_runner.js:141524:43)\n\nFrom Node.js Internals:\n  Error: ESOCKETTIMEDOUT\n      at ClientRequest.<anonymous> (<embedded>:290:115546)\n      at Object.onceWrapper (node:events:632:28)\n      at ClientRequest.emit (node:events:518:28)\n      at Socket.emitRequestTimeout (node:_http_client:849:9)\n      at Object.onceWrapper (node:events:632:28)\n      at Socket.emit (node:events:530:35)\n      at Socket._onTimeout (node:net:595:8)\n      at listOnTimeout (node:internal/timers:581:17)\n      at process.processTimers (node:internal/timers:519:7)",
                    "diff": null
                  },
                  "uuid": "9ed6e270-be00-42c3-b4a1-484e61dc30f8",
                  "parentUUID": "257fb8d0-9980-4631-a089-118bac9ed13b",
                  "isHook": false,
                  "skipped": false
                }
              ],
              "suites": [],
              "passes": [
                "7eb27405-2430-4835-b30a-a07e7f3db7f6",
                "9360bc36-4990-4078-91b1-0ad39c465c3f",
                "00623ba7-561f-4080-a7b9-da964ab95ebb"
              ],
              "failures": [
                "9ed6e270-be00-42c3-b4a1-484e61dc30f8"
              ],
              "pending": [],
              "skipped": [],
              "duration": 55686,
              "root": false,
              "rootEmpty": false,
              "_timeout": 2000
            },
            {
              "uuid": "4166a9b9-09c1-4fa2-bcc4-2546f6f1be29",
              "title": "Navigation tests",
              "fullFile": "",
              "file": "",
              "beforeHooks": [],
              "afterHooks": [],
              "tests": [
                {
                  "title": "PS_087: Kiểm tra click vào xem sản phẩm bất kỳ",
                  "fullTitle": "Shop Page Tests Navigation tests PS_087: Kiểm tra click vào xem sản phẩm bất kỳ",
                  "timedOut": null,
                  "duration": 0,
                  "state": "skipped",
                  "speed": null,
                  "pass": false,
                  "fail": false,
                  "pending": false,
                  "context": null,
                  "code": "shopPage.viewProduct();",
                  "err": {},
                  "uuid": "dc531791-e258-4fef-9f97-d9c7db7b9c23",
                  "parentUUID": null,
                  "isHook": false,
                  "skipped": true
                },
                {
                  "title": "PS_088: Điều hướng khi click \"Cây trồng trong chậu\"",
                  "fullTitle": "Shop Page Tests Navigation tests PS_088: Điều hướng khi click \"Cây trồng trong chậu\"",
                  "timedOut": null,
                  "duration": 0,
                  "state": "skipped",
                  "speed": null,
                  "pass": false,
                  "fail": false,
                  "pending": false,
                  "context": null,
                  "code": "shopPage.navigateToCategory('pottedPlants');",
                  "err": {},
                  "uuid": "b72653b5-e932-4ae2-ae1c-23c99d2bd75c",
                  "parentUUID": null,
                  "isHook": false,
                  "skipped": true
                },
                {
                  "title": "PS_089: Điều hướng khi click \"Cây trồng trong không khí\"",
                  "fullTitle": "Shop Page Tests Navigation tests PS_089: Điều hướng khi click \"Cây trồng trong không khí\"",
                  "timedOut": null,
                  "duration": 0,
                  "state": "skipped",
                  "speed": null,
                  "pass": false,
                  "fail": false,
                  "pending": false,
                  "context": null,
                  "code": "shopPage.navigateToCategory('airPlants');",
                  "err": {},
                  "uuid": "417a6d9a-edd9-4d00-a8eb-451243a04247",
                  "parentUUID": null,
                  "isHook": false,
                  "skipped": true
                },
                {
                  "title": "PS_090: Điều hướng khi click \"Chậu trồng cây\"",
                  "fullTitle": "Shop Page Tests Navigation tests PS_090: Điều hướng khi click \"Chậu trồng cây\"",
                  "timedOut": null,
                  "duration": 0,
                  "state": "skipped",
                  "speed": null,
                  "pass": false,
                  "fail": false,
                  "pending": false,
                  "context": null,
                  "code": "shopPage.navigateToCategory('potsAndPlanters');",
                  "err": {},
                  "uuid": "5bffb44f-40bc-43a5-9402-200a186fbb40",
                  "parentUUID": null,
                  "isHook": false,
                  "skipped": true
                },
                {
                  "title": "PS_091: Điều hướng khi click \"Dụng cụ chăm sóc\"",
                  "fullTitle": "Shop Page Tests Navigation tests PS_091: Điều hướng khi click \"Dụng cụ chăm sóc\"",
                  "timedOut": null,
                  "duration": 0,
                  "state": "skipped",
                  "speed": null,
                  "pass": false,
                  "fail": false,
                  "pending": false,
                  "context": null,
                  "code": "shopPage.navigateToCategory('careTools');",
                  "err": {},
                  "uuid": "7f58fb61-5ed6-4a89-b4a7-75358c462ca9",
                  "parentUUID": null,
                  "isHook": false,
                  "skipped": true
                }
              ],
              "suites": [],
              "passes": [],
              "failures": [],
              "pending": [],
              "skipped": [
                "dc531791-e258-4fef-9f97-d9c7db7b9c23",
                "b72653b5-e932-4ae2-ae1c-23c99d2bd75c",
                "417a6d9a-edd9-4d00-a8eb-451243a04247",
                "5bffb44f-40bc-43a5-9402-200a186fbb40",
                "7f58fb61-5ed6-4a89-b4a7-75358c462ca9"
              ],
              "duration": 0,
              "root": false,
              "rootEmpty": false,
              "_timeout": 2000
            },
            {
              "uuid": "a52641f9-c299-4558-90c2-90a0be883d1d",
              "title": "Filter tests",
              "fullFile": "",
              "file": "",
              "beforeHooks": [],
              "afterHooks": [],
              "tests": [
                {
                  "title": "PS_092: Kiểm tra sắp xếp theo độ phổ biến",
                  "fullTitle": "Shop Page Tests Filter tests PS_092: Kiểm tra sắp xếp theo độ phổ biến",
                  "timedOut": null,
                  "duration": 0,
                  "state": "skipped",
                  "speed": null,
                  "pass": false,
                  "fail": false,
                  "pending": false,
                  "context": null,
                  "code": "shopPage.sortByPopularity();",
                  "err": {},
                  "uuid": "65c03115-d91c-4c8b-bf3d-557b798f1c02",
                  "parentUUID": null,
                  "isHook": false,
                  "skipped": true
                },
                {
                  "title": "PS_093: Kiểm tra sắp xếp theo xếp hàng trung bình",
                  "fullTitle": "Shop Page Tests Filter tests PS_093: Kiểm tra sắp xếp theo xếp hàng trung bình",
                  "timedOut": null,
                  "duration": 0,
                  "state": "skipped",
                  "speed": null,
                  "pass": false,
                  "fail": false,
                  "pending": false,
                  "context": null,
                  "code": "shopPage.sortByRating();",
                  "err": {},
                  "uuid": "a4e51fc5-a239-42f0-8298-b0c225e11fd2",
                  "parentUUID": null,
                  "isHook": false,
                  "skipped": true
                },
                {
                  "title": "PS_094: Kiểm tra sắp xếp theo mới nhất",
                  "fullTitle": "Shop Page Tests Filter tests PS_094: Kiểm tra sắp xếp theo mới nhất",
                  "timedOut": null,
                  "duration": 0,
                  "state": "skipped",
                  "speed": null,
                  "pass": false,
                  "fail": false,
                  "pending": false,
                  "context": null,
                  "code": "shopPage.sortByNewest();",
                  "err": {},
                  "uuid": "f3287d80-5b50-4b6d-8acd-2112fef2dcbd",
                  "parentUUID": null,
                  "isHook": false,
                  "skipped": true
                },
                {
                  "title": "PS_095: Kiểm tra sắp xếp theo giá: thấp đến cao",
                  "fullTitle": "Shop Page Tests Filter tests PS_095: Kiểm tra sắp xếp theo giá: thấp đến cao",
                  "timedOut": null,
                  "duration": 0,
                  "state": "skipped",
                  "speed": null,
                  "pass": false,
                  "fail": false,
                  "pending": false,
                  "context": null,
                  "code": "shopPage.sortByPriceLowToHigh();",
                  "err": {},
                  "uuid": "1e170422-370b-4767-9255-31a3a3f4923b",
                  "parentUUID": null,
                  "isHook": false,
                  "skipped": true
                },
                {
                  "title": "PS_096: Kiểm tra sắp xếp theo giá: cao đến thấp",
                  "fullTitle": "Shop Page Tests Filter tests PS_096: Kiểm tra sắp xếp theo giá: cao đến thấp",
                  "timedOut": null,
                  "duration": 0,
                  "state": "skipped",
                  "speed": null,
                  "pass": false,
                  "fail": false,
                  "pending": false,
                  "context": null,
                  "code": "shopPage.sortByPriceHighToLow();",
                  "err": {},
                  "uuid": "adfd747d-d052-4563-bcc7-b1ffd935f095",
                  "parentUUID": null,
                  "isHook": false,
                  "skipped": true
                }
              ],
              "suites": [],
              "passes": [],
              "failures": [],
              "pending": [],
              "skipped": [
                "65c03115-d91c-4c8b-bf3d-557b798f1c02",
                "a4e51fc5-a239-42f0-8298-b0c225e11fd2",
                "f3287d80-5b50-4b6d-8acd-2112fef2dcbd",
                "1e170422-370b-4767-9255-31a3a3f4923b",
                "adfd747d-d052-4563-bcc7-b1ffd935f095"
              ],
              "duration": 0,
              "root": false,
              "rootEmpty": false,
              "_timeout": 2000
            },
            {
              "uuid": "8b413fdd-8b41-4c67-9aa5-55ad5c1c2640",
              "title": "Pagination tests",
              "fullFile": "",
              "file": "",
              "beforeHooks": [],
              "afterHooks": [],
              "tests": [
                {
                  "title": "PS_097: Kiểm tra trường hợp ở trang đầu tiên",
                  "fullTitle": "Shop Page Tests Pagination tests PS_097: Kiểm tra trường hợp ở trang đầu tiên",
                  "timedOut": null,
                  "duration": 0,
                  "state": "skipped",
                  "speed": null,
                  "pass": false,
                  "fail": false,
                  "pending": false,
                  "context": null,
                  "code": "shopPage.checkPaginationDisplay();\nshopPage.checkFirstPagePagination();",
                  "err": {},
                  "uuid": "44f9622b-8aa8-4eb7-b033-7d0cd8ab8b29",
                  "parentUUID": null,
                  "isHook": false,
                  "skipped": true
                },
                {
                  "title": "PS_098: Kiểm tra trường hợp ở trang cuối cùng",
                  "fullTitle": "Shop Page Tests Pagination tests PS_098: Kiểm tra trường hợp ở trang cuối cùng",
                  "timedOut": null,
                  "duration": 0,
                  "state": "skipped",
                  "speed": null,
                  "pass": false,
                  "fail": false,
                  "pending": false,
                  "context": null,
                  "code": "shopPage.checkPaginationDisplay();\nshopPage.checkLastPagePagination();",
                  "err": {},
                  "uuid": "908d17bd-592f-4a4d-a803-7b8bee310b74",
                  "parentUUID": null,
                  "isHook": false,
                  "skipped": true
                },
                {
                  "title": "PS_099: Kiểm tra click trang bất kỳ không phải là page 1 hoặc cuối",
                  "fullTitle": "Shop Page Tests Pagination tests PS_099: Kiểm tra click trang bất kỳ không phải là page 1 hoặc cuối",
                  "timedOut": null,
                  "duration": 0,
                  "state": "skipped",
                  "speed": null,
                  "pass": false,
                  "fail": false,
                  "pending": false,
                  "context": null,
                  "code": "shopPage.checkPaginationDisplay();\nshopPage.clickMiddlePage();",
                  "err": {},
                  "uuid": "c64b0697-b9e3-4aab-b609-0d05d7aa73cf",
                  "parentUUID": null,
                  "isHook": false,
                  "skipped": true
                },
                {
                  "title": "PS_100: Kiểm tra click nút [→]",
                  "fullTitle": "Shop Page Tests Pagination tests PS_100: Kiểm tra click nút [→]",
                  "timedOut": null,
                  "duration": 0,
                  "state": "skipped",
                  "speed": null,
                  "pass": false,
                  "fail": false,
                  "pending": false,
                  "context": null,
                  "code": "shopPage.checkPaginationDisplay();\ncy.visitShopPage2();\nshopPage.goToNextPage();",
                  "err": {},
                  "uuid": "0ecf279a-5feb-4f64-951a-a2dfac18ae80",
                  "parentUUID": null,
                  "isHook": false,
                  "skipped": true
                },
                {
                  "title": "PS_101: Kiểm tra click nút [←]",
                  "fullTitle": "Shop Page Tests Pagination tests PS_101: Kiểm tra click nút [←]",
                  "timedOut": null,
                  "duration": 0,
                  "state": "skipped",
                  "speed": null,
                  "pass": false,
                  "fail": false,
                  "pending": false,
                  "context": null,
                  "code": "shopPage.checkPaginationDisplay();\ncy.visitShopPage2();\nshopPage.goToPreviousPage();",
                  "err": {},
                  "uuid": "2769acba-55b6-4954-9912-ee22f0a694ee",
                  "parentUUID": null,
                  "isHook": false,
                  "skipped": true
                }
              ],
              "suites": [],
              "passes": [],
              "failures": [],
              "pending": [],
              "skipped": [
                "44f9622b-8aa8-4eb7-b033-7d0cd8ab8b29",
                "908d17bd-592f-4a4d-a803-7b8bee310b74",
                "c64b0697-b9e3-4aab-b609-0d05d7aa73cf",
                "0ecf279a-5feb-4f64-951a-a2dfac18ae80",
                "2769acba-55b6-4954-9912-ee22f0a694ee"
              ],
              "duration": 0,
              "root": false,
              "rootEmpty": false,
              "_timeout": 2000
            }
          ],
          "passes": [],
          "failures": [],
          "pending": [],
          "skipped": [],
          "duration": 0,
          "root": false,
          "rootEmpty": false,
          "_timeout": 2000
        }
      ],
      "passes": [],
      "failures": [],
      "pending": [],
      "skipped": [],
      "duration": 0,
      "root": true,
      "rootEmpty": true,
      "_timeout": 2000
    }
  ],
  "meta": {
    "mocha": {
      "version": "7.2.0"
    },
    "mochawesome": {
      "options": {
        "quiet": false,
        "reportFilename": "mochawesome",
        "saveHtml": false,
        "saveJson": true,
        "consoleReporter": "spec",
        "useInlineDiffs": false,
        "code": true
      },
      "version": "7.1.3"
    },
    "marge": {
      "options": {
        "reportDir": "cypress\\reports\\.jsons",
        "overwrite": false,
        "html": false,
        "json": true,
        "timestamp": "mmddyyyy_HHMMss",
        "reportTitle": "PlanShop E2E Test Results",
        "reportPageTitle": "Cypress Test Report",
        "embeddedScreenshots": true,
        "inlineAssets": true,
        "saveAllAttempts": false
      },
      "version": "6.2.0"
    }
  }
}