{
  "stats": {
    "suites": 1,
    "tests": 1,
    "passes": 0,
    "pending": 0,
    "failures": 1,
    "start": "2025-09-25T10:53:21.880Z",
    "end": "2025-09-25T10:55:39.325Z",
    "duration": 137445,
    "testsRegistered": 25,
    "passPercent": 0,
    "pendingPercent": 0,
    "other": 0,
    "hasOther": false,
    "skipped": 24,
    "hasSkipped": true
  },
  "results": [
    {
      "uuid": "ac84cf19-eeaf-46f6-8a19-f719682844a8",
      "title": "",
      "fullFile": "cypress\\e2e\\auth\\login.cy.js",
      "file": "cypress\\e2e\\auth\\login.cy.js",
      "beforeHooks": [],
      "afterHooks": [],
      "tests": [],
      "suites": [
        {
          "uuid": "7b9d6c6f-4dfd-45c6-8da3-e0bd9470df60",
          "title": "Login Functionality Tests",
          "fullFile": "",
          "file": "",
          "beforeHooks": [],
          "afterHooks": [],
          "tests": [
            {
              "title": "PS_001: Kiểm tra hiển thị màn Đăng nhập",
              "fullTitle": "Login Functionality Tests PS_001: Kiểm tra hiển thị màn Đăng nhập",
              "timedOut": null,
              "duration": 45417,
              "state": "failed",
              "speed": null,
              "pass": false,
              "fail": true,
              "pending": false,
              "context": "[\n  {\n    \"title\": \"cypress-mochawesome-reporter-videos-failed\",\n    \"value\": \"cypress\\\\e2e\\\\auth\\\\login.cy.js\"\n  },\n  {\n    \"title\": \"cypress-mochawesome-reporter-screenshots\",\n    \"value\": [\n      [\n        \"\\\\auth\\\\login.cy.js\\\\Login Functionality Tests -- PS_001 Kiểm tra hiển thị màn Đăng nhập (failed).png\"\n      ],\n      [\n        \"\\\\auth\\\\login.cy.js\\\\Login Functionality Tests -- PS_001 Kiểm tra hiển thị màn Đăng nhập (failed) (attempt 2).png\"\n      ],\n      [\n        \"\\\\auth\\\\login.cy.js\\\\Login Functionality Tests -- PS_001 Kiểm tra hiển thị màn Đăng nhập -- before each hook (failed) (attempt 3).png\"\n      ]\n    ]\n  }\n]",
              "code": "loginPage.checkLoginPopup();",
              "err": {
                "message": "CypressError: Timed out after waiting `45000ms` for your remote page to load.\n\nYour page did not fire its `load` event within `45000ms`.\n\nYou can try increasing the `pageLoadTimeout` value in `Exercise\\testDA\\cypress.config.js` to wait longer.\n\nBrowsers will not fire the `load` event until all stylesheets and scripts are done downloading.\n\nWhen this `load` event occurs, Cypress will continue running commands.\n\nBecause this error occurred during a `before each` hook we are skipping the remaining tests in the current suite: `Login Functionality Tests`",
                "estack": "CypressError: Timed out after waiting `45000ms` for your remote page to load.\n\nYour page did not fire its `load` event within `45000ms`.\n\nYou can try increasing the `pageLoadTimeout` value in `Exercise\\testDA\\cypress.config.js` to wait longer.\n\nBrowsers will not fire the `load` event until all stylesheets and scripts are done downloading.\n\nWhen this `load` event occurs, Cypress will continue running commands.\n\nBecause this error occurred during a `before each` hook we are skipping the remaining tests in the current suite: `Login Functionality Tests`\n    at timedOutWaitingForPageLoad (http://planshop.com/__cypress/runner/cypress_runner.js:134082:64)\n    at <unknown> (http://planshop.com/__cypress/runner/cypress_runner.js:135076:16)\n    at tryCatcher (http://planshop.com/__cypress/runner/cypress_runner.js:1777:23)\n    at <unknown> (http://planshop.com/__cypress/runner/cypress_runner.js:4156:41)\n    at tryCatcher (http://planshop.com/__cypress/runner/cypress_runner.js:1777:23)\n    at Promise._settlePromiseFromHandler (http://planshop.com/__cypress/runner/cypress_runner.js:1489:31)\n    at Promise._settlePromise (http://planshop.com/__cypress/runner/cypress_runner.js:1546:18)\n    at Promise._settlePromise0 (http://planshop.com/__cypress/runner/cypress_runner.js:1591:10)\n    at Promise._settlePromises (http://planshop.com/__cypress/runner/cypress_runner.js:1667:18)\n    at _drainQueueStep (http://planshop.com/__cypress/runner/cypress_runner.js:2377:12)\n    at _drainQueue (http://planshop.com/__cypress/runner/cypress_runner.js:2370:9)\n    at Async._drainQueues (http://planshop.com/__cypress/runner/cypress_runner.js:2386:5)\n    at Async.drainQueues (http://planshop.com/__cypress/runner/cypress_runner.js:2256:14)\nFrom Your Spec Code:\n    at Context.eval (webpack://testda/./cypress/support/commands.js:2:5)\n    at wrapped (http://planshop.com/__cypress/runner/cypress_runner.js:141524:43)",
                "diff": null
              },
              "uuid": "c9fc363d-ee65-4e8b-90de-4267b70d51e0",
              "parentUUID": "7b9d6c6f-4dfd-45c6-8da3-e0bd9470df60",
              "isHook": false,
              "skipped": false
            },
            {
              "title": "PS_002: Kiểm tra trạng thái menu",
              "fullTitle": "Login Functionality Tests PS_002: Kiểm tra trạng thái menu",
              "timedOut": null,
              "duration": 0,
              "state": "skipped",
              "speed": null,
              "pass": false,
              "fail": false,
              "pending": false,
              "context": null,
              "code": "loginPage.checkMenuHighlight();",
              "err": {},
              "uuid": "3d4f3124-c52b-4065-9f10-8dcfaf71f213",
              "parentUUID": "7b9d6c6f-4dfd-45c6-8da3-e0bd9470df60",
              "isHook": false,
              "skipped": true
            },
            {
              "title": "PS_003: Đăng nhập với user là khách hàng (đã có tài khoản)",
              "fullTitle": "Login Functionality Tests PS_003: Đăng nhập với user là khách hàng (đã có tài khoản)",
              "timedOut": null,
              "duration": 0,
              "state": "skipped",
              "speed": null,
              "pass": false,
              "fail": false,
              "pending": false,
              "context": null,
              "code": "cy.fixture('users').then(users => {\n  loginPage.login(users.validCustomer.email, users.validCustomer.password);\n  loginPage.checkLoginIntegration('customer');\n});",
              "err": {},
              "uuid": "8ad43d47-5a3a-4cea-87ca-7c745cfaa8f8",
              "parentUUID": "7b9d6c6f-4dfd-45c6-8da3-e0bd9470df60",
              "isHook": false,
              "skipped": true
            },
            {
              "title": "PS_004: Đăng nhập với user là admin",
              "fullTitle": "Login Functionality Tests PS_004: Đăng nhập với user là admin",
              "timedOut": null,
              "duration": 0,
              "state": "skipped",
              "speed": null,
              "pass": false,
              "fail": false,
              "pending": false,
              "context": null,
              "code": "cy.fixture('users').then(users => {\n  loginPage.login(users.validAdmin.email, users.validAdmin.password);\n  loginPage.checkLoginIntegration('admin');\n  loginPage.verifyAdminToolbar();\n  accountMenu.verifyUsernameMenu();\n  loginPage.verifyAdminCanAccessProductEdit();\n});",
              "err": {},
              "uuid": "e5cf096a-e196-4229-88f5-560b9ea43377",
              "parentUUID": "7b9d6c6f-4dfd-45c6-8da3-e0bd9470df60",
              "isHook": false,
              "skipped": true
            },
            {
              "title": "PS_005: Kiểm tra giao diện bố cục",
              "fullTitle": "Login Functionality Tests PS_005: Kiểm tra giao diện bố cục",
              "timedOut": null,
              "duration": 0,
              "state": "skipped",
              "speed": null,
              "pass": false,
              "fail": false,
              "pending": false,
              "context": null,
              "code": "loginPage.checkLoginLayout();",
              "err": {},
              "uuid": "93ee755d-181f-42b3-bb9e-aded56c5f593",
              "parentUUID": "7b9d6c6f-4dfd-45c6-8da3-e0bd9470df60",
              "isHook": false,
              "skipped": true
            },
            {
              "title": "PS_006: Kiểm tra enable button \"Đăng nhập\"",
              "fullTitle": "Login Functionality Tests PS_006: Kiểm tra enable button \"Đăng nhập\"",
              "timedOut": null,
              "duration": 0,
              "state": "skipped",
              "speed": null,
              "pass": false,
              "fail": false,
              "pending": false,
              "context": null,
              "code": "loginPage.hoverLoginButton();",
              "err": {},
              "uuid": "fb00ce61-d014-4e57-9a58-16578b7eb4eb",
              "parentUUID": "7b9d6c6f-4dfd-45c6-8da3-e0bd9470df60",
              "isHook": false,
              "skipped": true
            },
            {
              "title": "PS_007: Kiểm tra enable button \"Quên mật khẩu?\"",
              "fullTitle": "Login Functionality Tests PS_007: Kiểm tra enable button \"Quên mật khẩu?\"",
              "timedOut": null,
              "duration": 0,
              "state": "skipped",
              "speed": null,
              "pass": false,
              "fail": false,
              "pending": false,
              "context": null,
              "code": "loginPage.hoverForgotPassword();",
              "err": {},
              "uuid": "3e0b37b3-7043-45cd-839f-2dcc76f2c33e",
              "parentUUID": "7b9d6c6f-4dfd-45c6-8da3-e0bd9470df60",
              "isHook": false,
              "skipped": true
            },
            {
              "title": "PS_008: Kiểm tra hiển thị giá trị mặc định (trường Username)",
              "fullTitle": "Login Functionality Tests PS_008: Kiểm tra hiển thị giá trị mặc định (trường Username)",
              "timedOut": null,
              "duration": 0,
              "state": "skipped",
              "speed": null,
              "pass": false,
              "fail": false,
              "pending": false,
              "context": null,
              "code": "loginPage.checkUsernameDefault();",
              "err": {},
              "uuid": "0e13fc5c-f2c6-460e-b5ef-b44a4e1d5d2b",
              "parentUUID": "7b9d6c6f-4dfd-45c6-8da3-e0bd9470df60",
              "isHook": false,
              "skipped": true
            },
            {
              "title": "PS_009: Kiểm tra trường Username là bắt buộc",
              "fullTitle": "Login Functionality Tests PS_009: Kiểm tra trường Username là bắt buộc",
              "timedOut": null,
              "duration": 0,
              "state": "skipped",
              "speed": null,
              "pass": false,
              "fail": false,
              "pending": false,
              "context": null,
              "code": "loginPage.login('', '');\nloginPage.checkInvalidFieldUsername('Please fill out this field.');",
              "err": {},
              "uuid": "8ddfc421-1fd9-459f-8b2e-dfb157276a00",
              "parentUUID": "7b9d6c6f-4dfd-45c6-8da3-e0bd9470df60",
              "isHook": false,
              "skipped": true
            },
            {
              "title": "PS_010: Kiểm tra khi nhập các ký tự đặc biệt (trường Username)",
              "fullTitle": "Login Functionality Tests PS_010: Kiểm tra khi nhập các ký tự đặc biệt (trường Username)",
              "timedOut": null,
              "duration": 0,
              "state": "skipped",
              "speed": null,
              "pass": false,
              "fail": false,
              "pending": false,
              "context": null,
              "code": "cy.fixture('users').then(users => {\n  loginPage.login(users.specialCharUser.email, users.specialCharUser.password);\n  loginPage.checkNoticeError('Email hoặc tên người dùng không đúng. Quên mật khẩu');\n});",
              "err": {},
              "uuid": "22a7c3eb-2216-4580-93b6-48c8b102d4b4",
              "parentUUID": "7b9d6c6f-4dfd-45c6-8da3-e0bd9470df60",
              "isHook": false,
              "skipped": true
            },
            {
              "title": "PS_011: Kiểm tra khi nhập các thẻ HTML (trường Username)",
              "fullTitle": "Login Functionality Tests PS_011: Kiểm tra khi nhập các thẻ HTML (trường Username)",
              "timedOut": null,
              "duration": 0,
              "state": "skipped",
              "speed": null,
              "pass": false,
              "fail": false,
              "pending": false,
              "context": null,
              "code": "cy.fixture('users').then(users => {\n  loginPage.login(users.htmlTagUser.email, users.htmlTagUser.password);\n  loginPage.checkNoticeError('Email hoặc tên người dùng không đúng. Quên mật khẩu');\n});",
              "err": {},
              "uuid": "380e28cf-ddb0-4d0b-b7d5-502b0d6f2b30",
              "parentUUID": "7b9d6c6f-4dfd-45c6-8da3-e0bd9470df60",
              "isHook": false,
              "skipped": true
            },
            {
              "title": "PS_012: Kiểm tra paste nội dung vào trường Username",
              "fullTitle": "Login Functionality Tests PS_012: Kiểm tra paste nội dung vào trường Username",
              "timedOut": null,
              "duration": 0,
              "state": "skipped",
              "speed": null,
              "pass": false,
              "fail": false,
              "pending": false,
              "context": null,
              "code": "loginPage.pasteIntoFieldUsername('test@example.com');",
              "err": {},
              "uuid": "56fc5a60-b50d-4433-9bac-6eb027920211",
              "parentUUID": "7b9d6c6f-4dfd-45c6-8da3-e0bd9470df60",
              "isHook": false,
              "skipped": true
            },
            {
              "title": "PS_013: Kiểm tra hiển thị giá trị mặc định (trường Password)",
              "fullTitle": "Login Functionality Tests PS_013: Kiểm tra hiển thị giá trị mặc định (trường Password)",
              "timedOut": null,
              "duration": 0,
              "state": "skipped",
              "speed": null,
              "pass": false,
              "fail": false,
              "pending": false,
              "context": null,
              "code": "loginPage.checkPasswordDefault();",
              "err": {},
              "uuid": "642303b9-9e9d-4857-885b-f60e5e3bf14b",
              "parentUUID": "7b9d6c6f-4dfd-45c6-8da3-e0bd9470df60",
              "isHook": false,
              "skipped": true
            },
            {
              "title": "PS_014: Kiểm tra trường Password là bắt buộc",
              "fullTitle": "Login Functionality Tests PS_014: Kiểm tra trường Password là bắt buộc",
              "timedOut": null,
              "duration": 0,
              "state": "skipped",
              "speed": null,
              "pass": false,
              "fail": false,
              "pending": false,
              "context": null,
              "code": "cy.fixture('users').then(users => {\n  loginPage.login('', '');\n  loginPage.checkInvalidFieldPassword('Please fill out this field.');\n});",
              "err": {},
              "uuid": "b35c9204-1e0b-42ae-820a-f90aba1f1823",
              "parentUUID": "7b9d6c6f-4dfd-45c6-8da3-e0bd9470df60",
              "isHook": false,
              "skipped": true
            },
            {
              "title": "PS_015: Kiểm tra mã hóa mật khẩu",
              "fullTitle": "Login Functionality Tests PS_015: Kiểm tra mã hóa mật khẩu",
              "timedOut": null,
              "duration": 0,
              "state": "skipped",
              "speed": null,
              "pass": false,
              "fail": false,
              "pending": false,
              "context": null,
              "code": "loginPage.checkPasswordMasked();",
              "err": {},
              "uuid": "25331c39-17f0-4208-ac2c-8443766622c4",
              "parentUUID": "7b9d6c6f-4dfd-45c6-8da3-e0bd9470df60",
              "isHook": false,
              "skipped": true
            },
            {
              "title": "PS_016: Kiểm tra click vào icon mắt",
              "fullTitle": "Login Functionality Tests PS_016: Kiểm tra click vào icon mắt",
              "timedOut": null,
              "duration": 0,
              "state": "skipped",
              "speed": null,
              "pass": false,
              "fail": false,
              "pending": false,
              "context": null,
              "code": "loginPage.togglePasswordVisibility();",
              "err": {},
              "uuid": "58d02e37-8066-46fa-80a8-dc9d4489731e",
              "parentUUID": "7b9d6c6f-4dfd-45c6-8da3-e0bd9470df60",
              "isHook": false,
              "skipped": true
            },
            {
              "title": "PS_017: Kiểm tra paste nội dung vào Password",
              "fullTitle": "Login Functionality Tests PS_017: Kiểm tra paste nội dung vào Password",
              "timedOut": null,
              "duration": 0,
              "state": "skipped",
              "speed": null,
              "pass": false,
              "fail": false,
              "pending": false,
              "context": null,
              "code": "loginPage.pasteIntoFieldPassword('password123');\nloginPage.checkPasswordMasked();",
              "err": {},
              "uuid": "a7e3a1bc-db6c-4951-8754-ab667c146076",
              "parentUUID": "7b9d6c6f-4dfd-45c6-8da3-e0bd9470df60",
              "isHook": false,
              "skipped": true
            },
            {
              "title": "PS_018: Kiểm tra để trống Username và Password",
              "fullTitle": "Login Functionality Tests PS_018: Kiểm tra để trống Username và Password",
              "timedOut": null,
              "duration": 0,
              "state": "skipped",
              "speed": null,
              "pass": false,
              "fail": false,
              "pending": false,
              "context": null,
              "code": "cy.fixture('users').then(users => {\n  loginPage.login(users.emptyUser.email, users.emptyUser.password);\n  loginPage.checkNoticeError('Nhập thông tin trước khi đăng nhập');\n});",
              "err": {},
              "uuid": "6d9caf82-9c87-47d9-bf3a-72c7578332b7",
              "parentUUID": "7b9d6c6f-4dfd-45c6-8da3-e0bd9470df60",
              "isHook": false,
              "skipped": true
            },
            {
              "title": "PS_019: Kiểm tra chỉ nhập Username, không nhập Password",
              "fullTitle": "Login Functionality Tests PS_019: Kiểm tra chỉ nhập Username, không nhập Password",
              "timedOut": null,
              "duration": 0,
              "state": "skipped",
              "speed": null,
              "pass": false,
              "fail": false,
              "pending": false,
              "context": null,
              "code": "cy.fixture('users').then(users => {\n  loginPage.login(users.validCustomer.email, '');\n  loginPage.checkInvalidFieldPassword('Please fill out this field.');\n});",
              "err": {},
              "uuid": "27f527b7-6e2f-4ce6-a41f-7f6069fd7b60",
              "parentUUID": "7b9d6c6f-4dfd-45c6-8da3-e0bd9470df60",
              "isHook": false,
              "skipped": true
            },
            {
              "title": "PS_020: Kiểm tra chỉ nhập Password, không nhập Username",
              "fullTitle": "Login Functionality Tests PS_020: Kiểm tra chỉ nhập Password, không nhập Username",
              "timedOut": null,
              "duration": 0,
              "state": "skipped",
              "speed": null,
              "pass": false,
              "fail": false,
              "pending": false,
              "context": null,
              "code": "cy.fixture('users').then(users => {\n  loginPage.login('', users.validCustomer.password);\n  loginPage.checkInvalidFieldUsername('Please fill out this field.');\n});",
              "err": {},
              "uuid": "ce6da1a7-1104-4c40-884b-f17dea03f5d6",
              "parentUUID": "7b9d6c6f-4dfd-45c6-8da3-e0bd9470df60",
              "isHook": false,
              "skipped": true
            },
            {
              "title": "PS_021: Kiểm tra nhập username hợp lệ nhưng sai mật khẩu",
              "fullTitle": "Login Functionality Tests PS_021: Kiểm tra nhập username hợp lệ nhưng sai mật khẩu",
              "timedOut": null,
              "duration": 0,
              "state": "skipped",
              "speed": null,
              "pass": false,
              "fail": false,
              "pending": false,
              "context": null,
              "code": "cy.fixture('users').then(users => {\n  loginPage.login(users.invalidPassword.email, users.invalidPassword.password);\n  loginPage.checkNoticeError('Mật khẩu không đúng');\n});",
              "err": {},
              "uuid": "971a02f2-6638-4495-bb73-fc169140cb9a",
              "parentUUID": "7b9d6c6f-4dfd-45c6-8da3-e0bd9470df60",
              "isHook": false,
              "skipped": true
            },
            {
              "title": "PS_022: Kiểm tra nhập đúng username/email và password",
              "fullTitle": "Login Functionality Tests PS_022: Kiểm tra nhập đúng username/email và password",
              "timedOut": null,
              "duration": 0,
              "state": "skipped",
              "speed": null,
              "pass": false,
              "fail": false,
              "pending": false,
              "context": null,
              "code": "cy.fixture('users').then(users => {\n  loginPage.login(users.validCustomer.email, users.validCustomer.password);\n  loginPage.checkLoginIntegration('customer');\n});",
              "err": {},
              "uuid": "b764a5dc-d50f-4c57-8b78-fdd6b6623d8e",
              "parentUUID": "7b9d6c6f-4dfd-45c6-8da3-e0bd9470df60",
              "isHook": false,
              "skipped": true
            },
            {
              "title": "PS_023: Kiểm tra tích chọn Remember me",
              "fullTitle": "Login Functionality Tests PS_023: Kiểm tra tích chọn Remember me",
              "timedOut": null,
              "duration": 0,
              "state": "skipped",
              "speed": null,
              "pass": false,
              "fail": false,
              "pending": false,
              "context": null,
              "code": "cy.fixture('users').then(users => {\n  loginPage.checkRememberMe();\n  loginPage.login(users.validCustomer.email, users.validCustomer.password);\n  cy.closePopup();\n  cy.visitPage();\n  loginPage.clickLoginMenu();\n  cy.get(USERNAME_TXT_BX_SEL).should('have.value', users.validCustomer.email);\n});",
              "err": {},
              "uuid": "8bd4459b-4b7e-40fd-bc50-e539a5782a85",
              "parentUUID": "7b9d6c6f-4dfd-45c6-8da3-e0bd9470df60",
              "isHook": false,
              "skipped": true
            },
            {
              "title": "PS_024: Kiểm tra không tích chọn Remember me",
              "fullTitle": "Login Functionality Tests PS_024: Kiểm tra không tích chọn Remember me",
              "timedOut": null,
              "duration": 0,
              "state": "skipped",
              "speed": null,
              "pass": false,
              "fail": false,
              "pending": false,
              "context": null,
              "code": "cy.fixture('users').then(users => {\n  loginPage.checkNoRememberMe();\n  loginPage.login(users.validCustomer.email, users.validCustomer.password);\n  cy.closePopup();\n  cy.visitPage();\n  loginPage.clickLoginMenu();\n  cy.get(USERNAME_TXT_BX_SEL).should('have.value', '');\n});",
              "err": {},
              "uuid": "fd2ae848-b98d-41b3-86f8-0729896b40c0",
              "parentUUID": "7b9d6c6f-4dfd-45c6-8da3-e0bd9470df60",
              "isHook": false,
              "skipped": true
            },
            {
              "title": "PS_025: Kiểm tra click \"Forgot Password\"",
              "fullTitle": "Login Functionality Tests PS_025: Kiểm tra click \"Forgot Password\"",
              "timedOut": null,
              "duration": 0,
              "state": "skipped",
              "speed": null,
              "pass": false,
              "fail": false,
              "pending": false,
              "context": null,
              "code": "loginPage.clickForgotPassword();\nloginPage.checkForgotPasswordPage();",
              "err": {},
              "uuid": "07e677c2-85b0-4dbe-970c-19b73ada694c",
              "parentUUID": "7b9d6c6f-4dfd-45c6-8da3-e0bd9470df60",
              "isHook": false,
              "skipped": true
            }
          ],
          "suites": [],
          "passes": [],
          "failures": [
            "c9fc363d-ee65-4e8b-90de-4267b70d51e0"
          ],
          "pending": [],
          "skipped": [
            "3d4f3124-c52b-4065-9f10-8dcfaf71f213",
            "8ad43d47-5a3a-4cea-87ca-7c745cfaa8f8",
            "e5cf096a-e196-4229-88f5-560b9ea43377",
            "93ee755d-181f-42b3-bb9e-aded56c5f593",
            "fb00ce61-d014-4e57-9a58-16578b7eb4eb",
            "3e0b37b3-7043-45cd-839f-2dcc76f2c33e",
            "0e13fc5c-f2c6-460e-b5ef-b44a4e1d5d2b",
            "8ddfc421-1fd9-459f-8b2e-dfb157276a00",
            "22a7c3eb-2216-4580-93b6-48c8b102d4b4",
            "380e28cf-ddb0-4d0b-b7d5-502b0d6f2b30",
            "56fc5a60-b50d-4433-9bac-6eb027920211",
            "642303b9-9e9d-4857-885b-f60e5e3bf14b",
            "b35c9204-1e0b-42ae-820a-f90aba1f1823",
            "25331c39-17f0-4208-ac2c-8443766622c4",
            "58d02e37-8066-46fa-80a8-dc9d4489731e",
            "a7e3a1bc-db6c-4951-8754-ab667c146076",
            "6d9caf82-9c87-47d9-bf3a-72c7578332b7",
            "27f527b7-6e2f-4ce6-a41f-7f6069fd7b60",
            "ce6da1a7-1104-4c40-884b-f17dea03f5d6",
            "971a02f2-6638-4495-bb73-fc169140cb9a",
            "b764a5dc-d50f-4c57-8b78-fdd6b6623d8e",
            "8bd4459b-4b7e-40fd-bc50-e539a5782a85",
            "fd2ae848-b98d-41b3-86f8-0729896b40c0",
            "07e677c2-85b0-4dbe-970c-19b73ada694c"
          ],
          "duration": 45417,
          "root": false,
          "rootEmpty": false,
          "_timeout": 2000
        }
      ],
      "passes": [],
      "failures": [],
      "pending": [],
      "skipped": [],
      "duration": 0,
      "root": true,
      "rootEmpty": true,
      "_timeout": 2000
    }
  ],
  "meta": {
    "mocha": {
      "version": "7.2.0"
    },
    "mochawesome": {
      "options": {
        "quiet": false,
        "reportFilename": "mochawesome",
        "saveHtml": false,
        "saveJson": true,
        "consoleReporter": "spec",
        "useInlineDiffs": false,
        "code": true
      },
      "version": "7.1.3"
    },
    "marge": {
      "options": {
        "reportDir": "cypress\\reports\\.jsons",
        "overwrite": false,
        "html": false,
        "json": true,
        "timestamp": "mmddyyyy_HHMMss",
        "reportTitle": "PlanShop E2E Test Results",
        "reportPageTitle": "Cypress Test Report",
        "embeddedScreenshots": true,
        "inlineAssets": true,
        "saveAllAttempts": false
      },
      "version": "6.2.0"
    }
  }
}