{
  "stats": {
    "suites": 1,
    "tests": 12,
    "passes": 11,
    "pending": 0,
    "failures": 1,
    "start": "2025-09-24T18:34:09.285Z",
    "end": "2025-09-24T18:36:07.935Z",
    "duration": 118650,
    "testsRegistered": 12,
    "passPercent": 91.66666666666666,
    "pendingPercent": 0,
    "other": 0,
    "hasOther": false,
    "skipped": 0,
    "hasSkipped": false
  },
  "results": [
    {
      "uuid": "b82fcee5-cf61-49da-9adf-9a3bf4ec1269",
      "title": "",
      "fullFile": "cypress\\e2e\\auth\\register.cy.js",
      "file": "cypress\\e2e\\auth\\register.cy.js",
      "beforeHooks": [],
      "afterHooks": [],
      "tests": [],
      "suites": [
        {
          "uuid": "4a89b321-8bca-4335-85c4-b0f58567e99f",
          "title": "Register Functionality Tests",
          "fullFile": "",
          "file": "",
          "beforeHooks": [],
          "afterHooks": [],
          "tests": [
            {
              "title": "PS_026: Kiểm tra điều hướng đến màn Đăng ký",
              "fullTitle": "Register Functionality Tests PS_026: Kiểm tra điều hướng đến màn Đăng ký",
              "timedOut": null,
              "duration": 5167,
              "state": "passed",
              "speed": "medium",
              "pass": true,
              "fail": false,
              "pending": false,
              "context": "{\n  \"title\": \"cypress-mochawesome-reporter-videos-passed\",\n  \"value\": \"cypress\\\\e2e\\\\auth\\\\register.cy.js\"\n}",
              "code": "registerPage.switchToRegister();",
              "err": {},
              "uuid": "99cda24e-a5b7-4374-96c9-d64756eabfa2",
              "parentUUID": "4a89b321-8bca-4335-85c4-b0f58567e99f",
              "isHook": false,
              "skipped": false
            },
            {
              "title": "PS_027: Kiểm tra trạng thái menu",
              "fullTitle": "Register Functionality Tests PS_027: Kiểm tra trạng thái menu",
              "timedOut": null,
              "duration": 3237,
              "state": "passed",
              "speed": "fast",
              "pass": true,
              "fail": false,
              "pending": false,
              "context": "{\n  \"title\": \"cypress-mochawesome-reporter-videos-passed\",\n  \"value\": \"cypress\\\\e2e\\\\auth\\\\register.cy.js\"\n}",
              "code": "registerPage.checkMenuHighlight();",
              "err": {},
              "uuid": "83128f6a-51a8-4583-b79b-b554a116bb60",
              "parentUUID": "4a89b321-8bca-4335-85c4-b0f58567e99f",
              "isHook": false,
              "skipped": false
            },
            {
              "title": "PS_028: Kiểm tra giao diện bố cục",
              "fullTitle": "Register Functionality Tests PS_028: Kiểm tra giao diện bố cục",
              "timedOut": null,
              "duration": 3737,
              "state": "passed",
              "speed": "fast",
              "pass": true,
              "fail": false,
              "pending": false,
              "context": "{\n  \"title\": \"cypress-mochawesome-reporter-videos-passed\",\n  \"value\": \"cypress\\\\e2e\\\\auth\\\\register.cy.js\"\n}",
              "code": "registerPage.checkRegisterLayout();",
              "err": {},
              "uuid": "76282634-8d9e-4e4d-bc3a-45f4348f4b0b",
              "parentUUID": "4a89b321-8bca-4335-85c4-b0f58567e99f",
              "isHook": false,
              "skipped": false
            },
            {
              "title": "PS_029: Kiểm tra hiển thị nhập trường bắt buộc",
              "fullTitle": "Register Functionality Tests PS_029: Kiểm tra hiển thị nhập trường bắt buộc",
              "timedOut": null,
              "duration": 3954,
              "state": "passed",
              "speed": "fast",
              "pass": true,
              "fail": false,
              "pending": false,
              "context": "{\n  \"title\": \"cypress-mochawesome-reporter-videos-passed\",\n  \"value\": \"cypress\\\\e2e\\\\auth\\\\register.cy.js\"\n}",
              "code": "cy.fixture('register').then(register => {\n  registerPage.register(register.emptyUser.email, register.emptyUser.firstName, register.emptyUser.lastName, register.emptyUser.password, register.emptyUser.confirmPassword, false);\n  registerPage.checkRequiredFields('Please fill out this field.');\n});",
              "err": {},
              "uuid": "a98b42fb-71b7-4208-972e-b5fce2ad41a4",
              "parentUUID": "4a89b321-8bca-4335-85c4-b0f58567e99f",
              "isHook": false,
              "skipped": false
            },
            {
              "title": "PS_030: Kiểm tra nhập email không có @",
              "fullTitle": "Register Functionality Tests PS_030: Kiểm tra nhập email không có @",
              "timedOut": null,
              "duration": 4477,
              "state": "passed",
              "speed": "fast",
              "pass": true,
              "fail": false,
              "pending": false,
              "context": "{\n  \"title\": \"cypress-mochawesome-reporter-videos-passed\",\n  \"value\": \"cypress\\\\e2e\\\\auth\\\\register.cy.js\"\n}",
              "code": "cy.fixture('register').then(register => {\n  registerPage.register(register.invalidEmailUser.email, '', '', '', '');\n  registerPage.checkInvalidFieldEmail(`Please include an '@' in the email address. ${register.invalidEmailUser.email} is missing an '@'.`);\n});",
              "err": {},
              "uuid": "758122c1-7d29-4afd-a527-f51828f4d6e5",
              "parentUUID": "4a89b321-8bca-4335-85c4-b0f58567e99f",
              "isHook": false,
              "skipped": false
            },
            {
              "title": "PS_031: Kiểm tra nhập email không có phần sau @",
              "fullTitle": "Register Functionality Tests PS_031: Kiểm tra nhập email không có phần sau @",
              "timedOut": null,
              "duration": 4034,
              "state": "passed",
              "speed": "fast",
              "pass": true,
              "fail": false,
              "pending": false,
              "context": "{\n  \"title\": \"cypress-mochawesome-reporter-videos-passed\",\n  \"value\": \"cypress\\\\e2e\\\\auth\\\\register.cy.js\"\n}",
              "code": "cy.fixture('register').then(register => {\n  registerPage.register(register.invalidEmail1User.email, '', '', '', '');\n  registerPage.checkInvalidFieldEmail(`Please enter a part following '@'. ${register.invalidEmail1User.email} is incomplete.`);\n});",
              "err": {},
              "uuid": "fa095620-e46d-4165-907f-76c71e90c4ba",
              "parentUUID": "4a89b321-8bca-4335-85c4-b0f58567e99f",
              "isHook": false,
              "skipped": false
            },
            {
              "title": "PS_032: Kiểm tra khi nhập mật khẩu xác nhận không chính xác",
              "fullTitle": "Register Functionality Tests PS_032: Kiểm tra khi nhập mật khẩu xác nhận không chính xác",
              "timedOut": null,
              "duration": 7232,
              "state": "passed",
              "speed": "medium",
              "pass": true,
              "fail": false,
              "pending": false,
              "context": "{\n  \"title\": \"cypress-mochawesome-reporter-videos-passed\",\n  \"value\": \"cypress\\\\e2e\\\\auth\\\\register.cy.js\"\n}",
              "code": "cy.fixture('register').then(register => {\n  registerPage.register(register.mismatchPasswordUser.email, register.mismatchPasswordUser.firstName, register.mismatchPasswordUser.lastName, register.mismatchPasswordUser.password, register.mismatchPasswordUser.confirmPassword);\n  registerPage.checkNoticeError(\"Passwords don't match\");\n});",
              "err": {},
              "uuid": "91952903-4282-4499-a922-aa50965098b3",
              "parentUUID": "4a89b321-8bca-4335-85c4-b0f58567e99f",
              "isHook": false,
              "skipped": false
            },
            {
              "title": "PS_033: Kiểm tra khi không click vào chính sách",
              "fullTitle": "Register Functionality Tests PS_033: Kiểm tra khi không click vào chính sách",
              "timedOut": null,
              "duration": 7326,
              "state": "passed",
              "speed": "medium",
              "pass": true,
              "fail": false,
              "pending": false,
              "context": "{\n  \"title\": \"cypress-mochawesome-reporter-videos-passed\",\n  \"value\": \"cypress\\\\e2e\\\\auth\\\\register.cy.js\"\n}",
              "code": "cy.fixture('register').then(register => {\n  registerPage.register(register.newUser.email, register.newUser.firstName, register.newUser.lastName, register.newUser.password, register.newUser.confirmPassword, false);\n  registerPage.checkNoticeError('Please check The Terms and Conditions.');\n});",
              "err": {},
              "uuid": "315c6068-0485-4dcf-ab48-a263bc5e582d",
              "parentUUID": "4a89b321-8bca-4335-85c4-b0f58567e99f",
              "isHook": false,
              "skipped": false
            },
            {
              "title": "PS_034: Kiểm tra khi nhập mật khẩu ít hơn 6 ký tự",
              "fullTitle": "Register Functionality Tests PS_034: Kiểm tra khi nhập mật khẩu ít hơn 6 ký tự",
              "timedOut": null,
              "duration": 6406,
              "state": "passed",
              "speed": "medium",
              "pass": true,
              "fail": false,
              "pending": false,
              "context": "{\n  \"title\": \"cypress-mochawesome-reporter-videos-passed\",\n  \"value\": \"cypress\\\\e2e\\\\auth\\\\register.cy.js\"\n}",
              "code": "cy.fixture('register').then(register => {\n  registerPage.register(register.shortPasswordUser.email, register.shortPasswordUser.firstName, register.shortPasswordUser.lastName, register.shortPasswordUser.password, register.shortPasswordUser.confirmPassword);\n  registerPage.checkNoticeError('Password needs to be minimum 6 characters');\n});",
              "err": {},
              "uuid": "e8f98768-f169-4f1e-b33c-f2e67adda6d2",
              "parentUUID": "4a89b321-8bca-4335-85c4-b0f58567e99f",
              "isHook": false,
              "skipped": false
            },
            {
              "title": "PS_035: Kiểm tra đăng ký với email đã tồn tại",
              "fullTitle": "Register Functionality Tests PS_035: Kiểm tra đăng ký với email đã tồn tại",
              "timedOut": null,
              "duration": 7022,
              "state": "passed",
              "speed": "medium",
              "pass": true,
              "fail": false,
              "pending": false,
              "context": "{\n  \"title\": \"cypress-mochawesome-reporter-videos-passed\",\n  \"value\": \"cypress\\\\e2e\\\\auth\\\\register.cy.js\"\n}",
              "code": "cy.fixture('register').then(register => {\n  registerPage.register(register.existingEmailUser.email, register.existingEmailUser.firstName, register.existingEmailUser.lastName, register.existingEmailUser.password, register.existingEmailUser.confirmPassword);\n  registerPage.checkNoticeError('Một tài khoản đã được đăng ký bằng địa chỉ email của bạn. Vui lòng đăng nhập.');\n});",
              "err": {},
              "uuid": "95b68b8e-8ce0-4d71-98d9-e41eba739502",
              "parentUUID": "4a89b321-8bca-4335-85c4-b0f58567e99f",
              "isHook": false,
              "skipped": false
            },
            {
              "title": "PS_036: Kiểm tra click vào \"Chính sách bảo mật\"",
              "fullTitle": "Register Functionality Tests PS_036: Kiểm tra click vào \"Chính sách bảo mật\"",
              "timedOut": null,
              "duration": 14741,
              "state": "failed",
              "speed": null,
              "pass": false,
              "fail": true,
              "pending": false,
              "context": "[\n  {\n    \"title\": \"cypress-mochawesome-reporter-videos-failed\",\n    \"value\": \"cypress\\\\e2e\\\\auth\\\\register.cy.js\"\n  },\n  {\n    \"title\": \"cypress-mochawesome-reporter-screenshots\",\n    \"value\": [\n      [\n        \"\\\\auth\\\\register.cy.js\\\\Register Functionality Tests -- PS_036 Kiểm tra click vào Chính sách bảo mật (failed).png\"\n      ],\n      [\n        \"\\\\auth\\\\register.cy.js\\\\Register Functionality Tests -- PS_036 Kiểm tra click vào Chính sách bảo mật (failed) (attempt 2).png\"\n      ],\n      [\n        \"\\\\auth\\\\register.cy.js\\\\Register Functionality Tests -- PS_036 Kiểm tra click vào Chính sách bảo mật (failed) (attempt 3).png\"\n      ]\n    ]\n  }\n]",
              "code": "registerPage.openPrivacyPolicy();",
              "err": {
                "message": "AssertionError: Timed out retrying after 6000ms: expected 'https://www.afternic.com/forsale/planshop.com?utm_source=TDFS_DASLNC&utm_medium=parkedpages&utm_campaign=x_corp_tdfs-daslnc_base&traffic_type=TDFS_DASLNC&traffic_id=daslnc&oref=http%3A%2F%2Fplanshop.local%2F&page_id=3' to include '/privacy-policy'",
                "estack": "AssertionError: Timed out retrying after 6000ms: expected 'https://www.afternic.com/forsale/planshop.com?utm_source=TDFS_DASLNC&utm_medium=parkedpages&utm_campaign=x_corp_tdfs-daslnc_base&traffic_type=TDFS_DASLNC&traffic_id=daslnc&oref=http%3A%2F%2Fplanshop.local%2F&page_id=3' to include '/privacy-policy'\n    at RegisterPage.verifyCurrentUrl (webpack://testda/./cypress/pageObjects/BasePage.js:3:13)\n    at RegisterPage.openPrivacyPolicy (webpack://testda/./cypress/pageObjects/RegisterPage.js:102:9)\n    at Context.eval (webpack://testda/./cypress/e2e/auth/register.cy.js:98:17)",
                "diff": null
              },
              "uuid": "225cf47e-6280-4c1c-a5fb-db90890a6cbb",
              "parentUUID": "4a89b321-8bca-4335-85c4-b0f58567e99f",
              "isHook": false,
              "skipped": false
            },
            {
              "title": "PS_037: Kiểm tra đăng ký thành công",
              "fullTitle": "Register Functionality Tests PS_037: Kiểm tra đăng ký thành công",
              "timedOut": null,
              "duration": 14043,
              "state": "passed",
              "speed": "slow",
              "pass": true,
              "fail": false,
              "pending": false,
              "context": "{\n  \"title\": \"cypress-mochawesome-reporter-videos-passed\",\n  \"value\": \"cypress\\\\e2e\\\\auth\\\\register.cy.js\"\n}",
              "code": "cy.fixture('register').then(register => {\n  registerPage.register(register.newUser.email, register.newUser.firstName, register.newUser.lastName, register.newUser.password, register.newUser.confirmPassword);\n  registerPage.registerSuccess('Đăng ký thành công');\n});",
              "err": {},
              "uuid": "6343368b-239a-4792-8ac9-4c6e94af8433",
              "parentUUID": "4a89b321-8bca-4335-85c4-b0f58567e99f",
              "isHook": false,
              "skipped": false
            }
          ],
          "suites": [],
          "passes": [
            "99cda24e-a5b7-4374-96c9-d64756eabfa2",
            "83128f6a-51a8-4583-b79b-b554a116bb60",
            "76282634-8d9e-4e4d-bc3a-45f4348f4b0b",
            "a98b42fb-71b7-4208-972e-b5fce2ad41a4",
            "758122c1-7d29-4afd-a527-f51828f4d6e5",
            "fa095620-e46d-4165-907f-76c71e90c4ba",
            "91952903-4282-4499-a922-aa50965098b3",
            "315c6068-0485-4dcf-ab48-a263bc5e582d",
            "e8f98768-f169-4f1e-b33c-f2e67adda6d2",
            "95b68b8e-8ce0-4d71-98d9-e41eba739502",
            "6343368b-239a-4792-8ac9-4c6e94af8433"
          ],
          "failures": [
            "225cf47e-6280-4c1c-a5fb-db90890a6cbb"
          ],
          "pending": [],
          "skipped": [],
          "duration": 81376,
          "root": false,
          "rootEmpty": false,
          "_timeout": 2000
        }
      ],
      "passes": [],
      "failures": [],
      "pending": [],
      "skipped": [],
      "duration": 0,
      "root": true,
      "rootEmpty": true,
      "_timeout": 2000
    }
  ],
  "meta": {
    "mocha": {
      "version": "7.2.0"
    },
    "mochawesome": {
      "options": {
        "quiet": false,
        "reportFilename": "mochawesome",
        "saveHtml": false,
        "saveJson": true,
        "consoleReporter": "spec",
        "useInlineDiffs": false,
        "code": true
      },
      "version": "7.1.3"
    },
    "marge": {
      "options": {
        "reportDir": "cypress\\reports\\.jsons",
        "overwrite": false,
        "html": false,
        "json": true,
        "timestamp": "mmddyyyy_HHMMss",
        "reportTitle": "PlanShop E2E Test Results",
        "reportPageTitle": "Cypress Test Report",
        "embeddedScreenshots": true,
        "inlineAssets": true,
        "saveAllAttempts": false
      },
      "version": "6.2.0"
    }
  }
}