{
  "stats": {
    "suites": 1,
    "tests": 12,
    "passes": 10,
    "pending": 0,
    "failures": 2,
    "start": "2025-09-24T23:28:23.287Z",
    "end": "2025-09-24T23:30:52.710Z",
    "duration": 149423,
    "testsRegistered": 12,
    "passPercent": 83.33333333333334,
    "pendingPercent": 0,
    "other": 0,
    "hasOther": false,
    "skipped": 0,
    "hasSkipped": false
  },
  "results": [
    {
      "uuid": "ad434579-5797-43ef-9b3b-43d002997c95",
      "title": "",
      "fullFile": "cypress\\e2e\\auth\\register.cy.js",
      "file": "cypress\\e2e\\auth\\register.cy.js",
      "beforeHooks": [],
      "afterHooks": [],
      "tests": [],
      "suites": [
        {
          "uuid": "c620601a-23ec-4a42-8638-d9d7e0651a13",
          "title": "Register Functionality Tests",
          "fullFile": "",
          "file": "",
          "beforeHooks": [],
          "afterHooks": [],
          "tests": [
            {
              "title": "PS_026: Kiểm tra điều hướng đến màn Đăng ký",
              "fullTitle": "Register Functionality Tests PS_026: Kiểm tra điều hướng đến màn Đăng ký",
              "timedOut": null,
              "duration": 5737,
              "state": "passed",
              "speed": "medium",
              "pass": true,
              "fail": false,
              "pending": false,
              "context": "{\n  \"title\": \"cypress-mochawesome-reporter-videos-passed\",\n  \"value\": \"cypress\\\\e2e\\\\auth\\\\register.cy.js\"\n}",
              "code": "registerPage.switchToRegister();",
              "err": {},
              "uuid": "9d770276-5138-435f-9e3c-e95b2f9f2c70",
              "parentUUID": "c620601a-23ec-4a42-8638-d9d7e0651a13",
              "isHook": false,
              "skipped": false
            },
            {
              "title": "PS_027: Kiểm tra trạng thái menu",
              "fullTitle": "Register Functionality Tests PS_027: Kiểm tra trạng thái menu",
              "timedOut": null,
              "duration": 3805,
              "state": "passed",
              "speed": "fast",
              "pass": true,
              "fail": false,
              "pending": false,
              "context": "{\n  \"title\": \"cypress-mochawesome-reporter-videos-passed\",\n  \"value\": \"cypress\\\\e2e\\\\auth\\\\register.cy.js\"\n}",
              "code": "registerPage.checkMenuHighlight();",
              "err": {},
              "uuid": "430cd180-33c0-4387-88bf-1ff747ce78c8",
              "parentUUID": "c620601a-23ec-4a42-8638-d9d7e0651a13",
              "isHook": false,
              "skipped": false
            },
            {
              "title": "PS_028: Kiểm tra giao diện bố cục",
              "fullTitle": "Register Functionality Tests PS_028: Kiểm tra giao diện bố cục",
              "timedOut": null,
              "duration": 4212,
              "state": "passed",
              "speed": "fast",
              "pass": true,
              "fail": false,
              "pending": false,
              "context": "{\n  \"title\": \"cypress-mochawesome-reporter-videos-passed\",\n  \"value\": \"cypress\\\\e2e\\\\auth\\\\register.cy.js\"\n}",
              "code": "registerPage.checkRegisterLayout();",
              "err": {},
              "uuid": "7d62e987-b759-4b59-ae5b-17773d11009f",
              "parentUUID": "c620601a-23ec-4a42-8638-d9d7e0651a13",
              "isHook": false,
              "skipped": false
            },
            {
              "title": "PS_029: Kiểm tra hiển thị nhập trường bắt buộc",
              "fullTitle": "Register Functionality Tests PS_029: Kiểm tra hiển thị nhập trường bắt buộc",
              "timedOut": null,
              "duration": 3514,
              "state": "passed",
              "speed": "fast",
              "pass": true,
              "fail": false,
              "pending": false,
              "context": "{\n  \"title\": \"cypress-mochawesome-reporter-videos-passed\",\n  \"value\": \"cypress\\\\e2e\\\\auth\\\\register.cy.js\"\n}",
              "code": "cy.fixture('register').then(register => {\n  registerPage.register(register.emptyUser.email, register.emptyUser.firstName, register.emptyUser.lastName, register.emptyUser.password, register.emptyUser.confirmPassword, false);\n  registerPage.checkRequiredFields('Please fill out this field.');\n});",
              "err": {},
              "uuid": "f2c0090d-c845-4440-92c1-460879d1049f",
              "parentUUID": "c620601a-23ec-4a42-8638-d9d7e0651a13",
              "isHook": false,
              "skipped": false
            },
            {
              "title": "PS_030: Kiểm tra nhập email không có @",
              "fullTitle": "Register Functionality Tests PS_030: Kiểm tra nhập email không có @",
              "timedOut": null,
              "duration": 5119,
              "state": "passed",
              "speed": "medium",
              "pass": true,
              "fail": false,
              "pending": false,
              "context": "{\n  \"title\": \"cypress-mochawesome-reporter-videos-passed\",\n  \"value\": \"cypress\\\\e2e\\\\auth\\\\register.cy.js\"\n}",
              "code": "cy.fixture('register').then(register => {\n  registerPage.register(register.invalidEmailUser.email, '', '', '', '');\n  registerPage.checkInvalidFieldEmail(`Please include an '@' in the email address. ${register.invalidEmailUser.email} is missing an '@'.`);\n});",
              "err": {},
              "uuid": "11ffc89f-d0c3-4bbc-ace1-bdbdc86e2ad4",
              "parentUUID": "c620601a-23ec-4a42-8638-d9d7e0651a13",
              "isHook": false,
              "skipped": false
            },
            {
              "title": "PS_031: Kiểm tra nhập email không có phần sau @",
              "fullTitle": "Register Functionality Tests PS_031: Kiểm tra nhập email không có phần sau @",
              "timedOut": null,
              "duration": 7488,
              "state": "passed",
              "speed": "medium",
              "pass": true,
              "fail": false,
              "pending": false,
              "context": "{\n  \"title\": \"cypress-mochawesome-reporter-videos-passed\",\n  \"value\": \"cypress\\\\e2e\\\\auth\\\\register.cy.js\"\n}",
              "code": "cy.fixture('register').then(register => {\n  registerPage.register(register.invalidEmail1User.email, '', '', '', '');\n  registerPage.checkInvalidFieldEmail(`Please enter a part following '@'. ${register.invalidEmail1User.email} is incomplete.`);\n});",
              "err": {},
              "uuid": "29c63d92-6780-49e8-b834-b417137130fa",
              "parentUUID": "c620601a-23ec-4a42-8638-d9d7e0651a13",
              "isHook": false,
              "skipped": false
            },
            {
              "title": "PS_032: Kiểm tra khi nhập mật khẩu xác nhận không chính xác",
              "fullTitle": "Register Functionality Tests PS_032: Kiểm tra khi nhập mật khẩu xác nhận không chính xác",
              "timedOut": null,
              "duration": 6016,
              "state": "passed",
              "speed": "medium",
              "pass": true,
              "fail": false,
              "pending": false,
              "context": "{\n  \"title\": \"cypress-mochawesome-reporter-videos-passed\",\n  \"value\": \"cypress\\\\e2e\\\\auth\\\\register.cy.js\"\n}",
              "code": "cy.fixture('register').then(register => {\n  registerPage.register(register.mismatchPasswordUser.email, register.mismatchPasswordUser.firstName, register.mismatchPasswordUser.lastName, register.mismatchPasswordUser.password, register.mismatchPasswordUser.confirmPassword);\n  registerPage.checkNoticeError(\"Passwords don't match\");\n});",
              "err": {},
              "uuid": "2b4c5ad4-0a90-4c5d-aa28-f99329dcba49",
              "parentUUID": "c620601a-23ec-4a42-8638-d9d7e0651a13",
              "isHook": false,
              "skipped": false
            },
            {
              "title": "PS_033: Kiểm tra khi không click vào chính sách",
              "fullTitle": "Register Functionality Tests PS_033: Kiểm tra khi không click vào chính sách",
              "timedOut": null,
              "duration": 5537,
              "state": "passed",
              "speed": "medium",
              "pass": true,
              "fail": false,
              "pending": false,
              "context": "{\n  \"title\": \"cypress-mochawesome-reporter-videos-passed\",\n  \"value\": \"cypress\\\\e2e\\\\auth\\\\register.cy.js\"\n}",
              "code": "cy.fixture('register').then(register => {\n  registerPage.register(register.newUser.email, register.newUser.firstName, register.newUser.lastName, register.newUser.password, register.newUser.confirmPassword, false);\n  registerPage.checkNoticeError('Please check The Terms and Conditions.');\n});",
              "err": {},
              "uuid": "beecf658-2355-4bcf-9ce2-3568ad3b0e7a",
              "parentUUID": "c620601a-23ec-4a42-8638-d9d7e0651a13",
              "isHook": false,
              "skipped": false
            },
            {
              "title": "PS_034: Kiểm tra khi nhập mật khẩu ít hơn 6 ký tự",
              "fullTitle": "Register Functionality Tests PS_034: Kiểm tra khi nhập mật khẩu ít hơn 6 ký tự",
              "timedOut": null,
              "duration": 6192,
              "state": "passed",
              "speed": "medium",
              "pass": true,
              "fail": false,
              "pending": false,
              "context": "{\n  \"title\": \"cypress-mochawesome-reporter-videos-passed\",\n  \"value\": \"cypress\\\\e2e\\\\auth\\\\register.cy.js\"\n}",
              "code": "cy.fixture('register').then(register => {\n  registerPage.register(register.shortPasswordUser.email, register.shortPasswordUser.firstName, register.shortPasswordUser.lastName, register.shortPasswordUser.password, register.shortPasswordUser.confirmPassword);\n  registerPage.checkNoticeError('Password needs to be minimum 6 characters');\n});",
              "err": {},
              "uuid": "8cce635b-01a4-43c0-a3ab-cb0822ddf260",
              "parentUUID": "c620601a-23ec-4a42-8638-d9d7e0651a13",
              "isHook": false,
              "skipped": false
            },
            {
              "title": "PS_035: Kiểm tra đăng ký với email đã tồn tại",
              "fullTitle": "Register Functionality Tests PS_035: Kiểm tra đăng ký với email đã tồn tại",
              "timedOut": null,
              "duration": 6077,
              "state": "passed",
              "speed": "medium",
              "pass": true,
              "fail": false,
              "pending": false,
              "context": "{\n  \"title\": \"cypress-mochawesome-reporter-videos-passed\",\n  \"value\": \"cypress\\\\e2e\\\\auth\\\\register.cy.js\"\n}",
              "code": "cy.fixture('register').then(register => {\n  registerPage.register(register.existingEmailUser.email, register.existingEmailUser.firstName, register.existingEmailUser.lastName, register.existingEmailUser.password, register.existingEmailUser.confirmPassword);\n  registerPage.checkNoticeError('Một tài khoản đã được đăng ký bằng địa chỉ email của bạn. Vui lòng đăng nhập.');\n});",
              "err": {},
              "uuid": "02062b67-0000-43dd-b4e7-2808ab28ec8e",
              "parentUUID": "c620601a-23ec-4a42-8638-d9d7e0651a13",
              "isHook": false,
              "skipped": false
            },
            {
              "title": "PS_036: Kiểm tra click vào \"Chính sách bảo mật\"",
              "fullTitle": "Register Functionality Tests PS_036: Kiểm tra click vào \"Chính sách bảo mật\"",
              "timedOut": null,
              "duration": 12344,
              "state": "failed",
              "speed": null,
              "pass": false,
              "fail": true,
              "pending": false,
              "context": "[\n  {\n    \"title\": \"cypress-mochawesome-reporter-videos-failed\",\n    \"value\": \"cypress\\\\e2e\\\\auth\\\\register.cy.js\"\n  },\n  {\n    \"title\": \"cypress-mochawesome-reporter-screenshots\",\n    \"value\": [\n      [\n        \"\\\\auth\\\\register.cy.js\\\\Register Functionality Tests -- PS_036 Kiểm tra click vào Chính sách bảo mật (failed).png\"\n      ],\n      [\n        \"\\\\auth\\\\register.cy.js\\\\Register Functionality Tests -- PS_036 Kiểm tra click vào Chính sách bảo mật (failed) (attempt 2).png\"\n      ],\n      [\n        \"\\\\auth\\\\register.cy.js\\\\Register Functionality Tests -- PS_036 Kiểm tra click vào Chính sách bảo mật (failed) (attempt 3).png\"\n      ]\n    ]\n  }\n]",
              "code": "registerPage.openPrivacyPolicy();",
              "err": {
                "message": "AssertionError: Timed out retrying after 6000ms: expected 'https://www.afternic.com/forsale/planshop.com?utm_source=TDFS_DASLNC&utm_medium=parkedpages&utm_campaign=x_corp_tdfs-daslnc_base&traffic_type=TDFS_DASLNC&traffic_id=daslnc&page_id=3' to include '/privacy-policy'",
                "estack": "AssertionError: Timed out retrying after 6000ms: expected 'https://www.afternic.com/forsale/planshop.com?utm_source=TDFS_DASLNC&utm_medium=parkedpages&utm_campaign=x_corp_tdfs-daslnc_base&traffic_type=TDFS_DASLNC&traffic_id=daslnc&page_id=3' to include '/privacy-policy'\n    at RegisterPage.verifyCurrentUrl (webpack://testda/./cypress/pageObjects/BasePage.js:3:13)\n    at RegisterPage.openPrivacyPolicy (webpack://testda/./cypress/pageObjects/RegisterPage.js:102:9)\n    at Context.eval (webpack://testda/./cypress/e2e/auth/register.cy.js:98:17)",
                "diff": null
              },
              "uuid": "46f4042e-836a-4223-ae12-7a69ad0c89eb",
              "parentUUID": "c620601a-23ec-4a42-8638-d9d7e0651a13",
              "isHook": false,
              "skipped": false
            },
            {
              "title": "PS_037: Kiểm tra đăng ký thành công",
              "fullTitle": "Register Functionality Tests PS_037: Kiểm tra đăng ký thành công",
              "timedOut": null,
              "duration": 15968,
              "state": "failed",
              "speed": null,
              "pass": false,
              "fail": true,
              "pending": false,
              "context": "[\n  {\n    \"title\": \"cypress-mochawesome-reporter-videos-failed\",\n    \"value\": \"cypress\\\\e2e\\\\auth\\\\register.cy.js\"\n  },\n  {\n    \"title\": \"cypress-mochawesome-reporter-screenshots\",\n    \"value\": [\n      [\n        \"\\\\auth\\\\register.cy.js\\\\Register Functionality Tests -- PS_037 Kiểm tra đăng ký thành công (failed).png\"\n      ],\n      [\n        \"\\\\auth\\\\register.cy.js\\\\Register Functionality Tests -- PS_037 Kiểm tra đăng ký thành công (failed) (attempt 2).png\"\n      ],\n      [\n        \"\\\\auth\\\\register.cy.js\\\\Register Functionality Tests -- PS_037 Kiểm tra đăng ký thành công (failed) (attempt 3).png\"\n      ]\n    ]\n  }\n]",
              "code": "cy.fixture('register').then(register => {\n  registerPage.register(register.newUser.email, register.newUser.firstName, register.newUser.lastName, register.newUser.password, register.newUser.confirmPassword);\n  registerPage.registerSuccess('Đăng ký thành công');\n});",
              "err": {
                "message": "AssertionError: Timed out retrying after 10000ms: Expected to find element: `.xoo-el-notice .xoo-el-notice-success`, but never found it.",
                "estack": "AssertionError: Timed out retrying after 10000ms: Expected to find element: `.xoo-el-notice .xoo-el-notice-success`, but never found it.\n    at Context.eval (webpack://testda/./cypress/support/commands.js:62:5)\n    at wrapped (https://planshop.local/__cypress/runner/cypress_runner.js:141524:43)",
                "diff": null
              },
              "uuid": "4f730d35-eaef-4cf6-b70f-8c2ea37c43bf",
              "parentUUID": "c620601a-23ec-4a42-8638-d9d7e0651a13",
              "isHook": false,
              "skipped": false
            }
          ],
          "suites": [],
          "passes": [
            "9d770276-5138-435f-9e3c-e95b2f9f2c70",
            "430cd180-33c0-4387-88bf-1ff747ce78c8",
            "7d62e987-b759-4b59-ae5b-17773d11009f",
            "f2c0090d-c845-4440-92c1-460879d1049f",
            "11ffc89f-d0c3-4bbc-ace1-bdbdc86e2ad4",
            "29c63d92-6780-49e8-b834-b417137130fa",
            "2b4c5ad4-0a90-4c5d-aa28-f99329dcba49",
            "beecf658-2355-4bcf-9ce2-3568ad3b0e7a",
            "8cce635b-01a4-43c0-a3ab-cb0822ddf260",
            "02062b67-0000-43dd-b4e7-2808ab28ec8e"
          ],
          "failures": [
            "46f4042e-836a-4223-ae12-7a69ad0c89eb",
            "4f730d35-eaef-4cf6-b70f-8c2ea37c43bf"
          ],
          "pending": [],
          "skipped": [],
          "duration": 82009,
          "root": false,
          "rootEmpty": false,
          "_timeout": 2000
        }
      ],
      "passes": [],
      "failures": [],
      "pending": [],
      "skipped": [],
      "duration": 0,
      "root": true,
      "rootEmpty": true,
      "_timeout": 2000
    }
  ],
  "meta": {
    "mocha": {
      "version": "7.2.0"
    },
    "mochawesome": {
      "options": {
        "quiet": false,
        "reportFilename": "mochawesome",
        "saveHtml": false,
        "saveJson": true,
        "consoleReporter": "spec",
        "useInlineDiffs": false,
        "code": true
      },
      "version": "7.1.3"
    },
    "marge": {
      "options": {
        "reportDir": "cypress\\reports\\.jsons",
        "overwrite": false,
        "html": false,
        "json": true,
        "timestamp": "mmddyyyy_HHMMss",
        "reportTitle": "PlanShop E2E Test Results",
        "reportPageTitle": "Cypress Test Report",
        "embeddedScreenshots": true,
        "inlineAssets": true,
        "saveAllAttempts": false
      },
      "version": "6.2.0"
    }
  }
}