{
  "stats": {
    "suites": 1,
    "tests": 6,
    "passes": 6,
    "pending": 0,
    "failures": 0,
    "start": "2025-09-24T23:51:53.671Z",
    "end": "2025-09-24T23:53:17.008Z",
    "duration": 83337,
    "testsRegistered": 6,
    "passPercent": 100,
    "pendingPercent": 0,
    "other": 0,
    "hasOther": false,
    "skipped": 0,
    "hasSkipped": false
  },
  "results": [
    {
      "uuid": "192e5157-e09f-4233-847c-112365f616f3",
      "title": "",
      "fullFile": "cypress\\e2e\\productDetailPage.cy.js",
      "file": "cypress\\e2e\\productDetailPage.cy.js",
      "beforeHooks": [],
      "afterHooks": [],
      "tests": [],
      "suites": [
        {
          "uuid": "4e6824bf-06b0-42c2-9eae-39ed3c32f0dc",
          "title": "Product Details Tests",
          "fullFile": "",
          "file": "",
          "beforeHooks": [],
          "afterHooks": [],
          "tests": [
            {
              "title": "PS_113: Kiểm tra hiển thị thông tin sản phẩm không có lựa chọn",
              "fullTitle": "Product Details Tests PS_113: Kiểm tra hiển thị thông tin sản phẩm không có lựa chọn",
              "timedOut": null,
              "duration": 9246,
              "state": "passed",
              "speed": "medium",
              "pass": true,
              "fail": false,
              "pending": false,
              "context": "{\n  \"title\": \"cypress-mochawesome-reporter-videos-passed\",\n  \"value\": \"cypress\\\\e2e\\\\productDetailPage.cy.js\"\n}",
              "code": "productDetail.verifyProductWithoutVariations();",
              "err": {},
              "uuid": "bd81bdf6-86cc-4efe-a281-209aec573294",
              "parentUUID": "4e6824bf-06b0-42c2-9eae-39ed3c32f0dc",
              "isHook": false,
              "skipped": false
            },
            {
              "title": "PS_114: Kiểm tra hiển thị thông tin sản phẩm có lựa chọn",
              "fullTitle": "Product Details Tests PS_114: Kiểm tra hiển thị thông tin sản phẩm có lựa chọn",
              "timedOut": null,
              "duration": 10023,
              "state": "passed",
              "speed": "slow",
              "pass": true,
              "fail": false,
              "pending": false,
              "context": "{\n  \"title\": \"cypress-mochawesome-reporter-videos-passed\",\n  \"value\": \"cypress\\\\e2e\\\\productDetailPage.cy.js\"\n}",
              "code": "productDetail.verifyProductWithVariations();",
              "err": {},
              "uuid": "3b8cb442-11fd-4de4-a460-467b3048055f",
              "parentUUID": "4e6824bf-06b0-42c2-9eae-39ed3c32f0dc",
              "isHook": false,
              "skipped": false
            },
            {
              "title": "PS_115: Kiểm tra xóa lựa chọn sản phẩm",
              "fullTitle": "Product Details Tests PS_115: Kiểm tra xóa lựa chọn sản phẩm",
              "timedOut": null,
              "duration": 9386,
              "state": "passed",
              "speed": "medium",
              "pass": true,
              "fail": false,
              "pending": false,
              "context": "{\n  \"title\": \"cypress-mochawesome-reporter-videos-passed\",\n  \"value\": \"cypress\\\\e2e\\\\productDetailPage.cy.js\"\n}",
              "code": "productDetail.verifyRemoveProductVariations();",
              "err": {},
              "uuid": "12c7a2ae-b139-415d-adf9-bfc65288a0ec",
              "parentUUID": "4e6824bf-06b0-42c2-9eae-39ed3c32f0dc",
              "isHook": false,
              "skipped": false
            },
            {
              "title": "PS_116: Kiểm tra click tab đánh giá khi chưa đăng nhập",
              "fullTitle": "Product Details Tests PS_116: Kiểm tra click tab đánh giá khi chưa đăng nhập",
              "timedOut": null,
              "duration": 9659,
              "state": "passed",
              "speed": "medium",
              "pass": true,
              "fail": false,
              "pending": false,
              "context": "{\n  \"title\": \"cypress-mochawesome-reporter-videos-passed\",\n  \"value\": \"cypress\\\\e2e\\\\productDetailPage.cy.js\"\n}",
              "code": "productDetail.verifyReviewTabNotLoggedIn();",
              "err": {},
              "uuid": "72b671a6-98ec-4d58-a691-05e5280cb08c",
              "parentUUID": "4e6824bf-06b0-42c2-9eae-39ed3c32f0dc",
              "isHook": false,
              "skipped": false
            },
            {
              "title": "PS_117: Kiểm tra Click các tab Mô tả / Thông tin bổ sung / Đánh giá",
              "fullTitle": "Product Details Tests PS_117: Kiểm tra Click các tab Mô tả / Thông tin bổ sung / Đánh giá",
              "timedOut": null,
              "duration": 17605,
              "state": "passed",
              "speed": "slow",
              "pass": true,
              "fail": false,
              "pending": false,
              "context": "{\n  \"title\": \"cypress-mochawesome-reporter-videos-passed\",\n  \"value\": \"cypress\\\\e2e\\\\productDetailPage.cy.js\"\n}",
              "code": "loginPage.clickLoginMenu();\ncy.fixture('users').then(users => {\n  loginPage.login(users.cartUser.email, users.cartUser.password);\n  productDetail.verifyAllTabsWhenLoggedIn();\n});",
              "err": {},
              "uuid": "87bd96fc-f32a-4ed9-9420-dda587fef49e",
              "parentUUID": "4e6824bf-06b0-42c2-9eae-39ed3c32f0dc",
              "isHook": false,
              "skipped": false
            },
            {
              "title": "PS_118: Kiểm tra viết đánh giá",
              "fullTitle": "Product Details Tests PS_118: Kiểm tra viết đánh giá",
              "timedOut": null,
              "duration": 25593,
              "state": "passed",
              "speed": "slow",
              "pass": true,
              "fail": false,
              "pending": false,
              "context": "{\n  \"title\": \"cypress-mochawesome-reporter-videos-passed\",\n  \"value\": \"cypress\\\\e2e\\\\productDetailPage.cy.js\"\n}",
              "code": "loginPage.clickLoginMenu();\ncy.fixture('users').then(users => {\n  loginPage.login(users.checkoutUser.email, users.checkoutUser.password);\n  productDetail.verifyWriteReview();\n});",
              "err": {},
              "uuid": "01c7096c-7547-4545-9c08-e9f057568c8b",
              "parentUUID": "4e6824bf-06b0-42c2-9eae-39ed3c32f0dc",
              "isHook": false,
              "skipped": false
            }
          ],
          "suites": [],
          "passes": [
            "bd81bdf6-86cc-4efe-a281-209aec573294",
            "3b8cb442-11fd-4de4-a460-467b3048055f",
            "12c7a2ae-b139-415d-adf9-bfc65288a0ec",
            "72b671a6-98ec-4d58-a691-05e5280cb08c",
            "87bd96fc-f32a-4ed9-9420-dda587fef49e",
            "01c7096c-7547-4545-9c08-e9f057568c8b"
          ],
          "failures": [],
          "pending": [],
          "skipped": [],
          "duration": 81512,
          "root": false,
          "rootEmpty": false,
          "_timeout": 2000
        }
      ],
      "passes": [],
      "failures": [],
      "pending": [],
      "skipped": [],
      "duration": 0,
      "root": true,
      "rootEmpty": true,
      "_timeout": 2000
    }
  ],
  "meta": {
    "mocha": {
      "version": "7.2.0"
    },
    "mochawesome": {
      "options": {
        "quiet": false,
        "reportFilename": "mochawesome",
        "saveHtml": false,
        "saveJson": true,
        "consoleReporter": "spec",
        "useInlineDiffs": false,
        "code": true
      },
      "version": "7.1.3"
    },
    "marge": {
      "options": {
        "reportDir": "cypress\\reports\\.jsons",
        "overwrite": false,
        "html": false,
        "json": true,
        "timestamp": "mmddyyyy_HHMMss",
        "reportTitle": "PlanShop E2E Test Results",
        "reportPageTitle": "Cypress Test Report",
        "embeddedScreenshots": true,
        "inlineAssets": true,
        "saveAllAttempts": false
      },
      "version": "6.2.0"
    }
  }
}