{
  "stats": {
    "suites": 5,
    "tests": 19,
    "passes": 19,
    "pending": 0,
    "failures": 0,
    "start": "2025-09-24T23:53:37.537Z",
    "end": "2025-09-24T23:57:04.988Z",
    "duration": 207451,
    "testsRegistered": 19,
    "passPercent": 100,
    "pendingPercent": 0,
    "other": 0,
    "hasOther": false,
    "skipped": 0,
    "hasSkipped": false
  },
  "results": [
    {
      "uuid": "93743d68-82e0-4198-9a21-85afbfbeccdf",
      "title": "",
      "fullFile": "cypress\\e2e\\shopPage.cy.js",
      "file": "cypress\\e2e\\shopPage.cy.js",
      "beforeHooks": [],
      "afterHooks": [],
      "tests": [],
      "suites": [
        {
          "uuid": "faec4c64-6ca4-4977-ac34-998d72195571",
          "title": "Shop Page Tests",
          "fullFile": "",
          "file": "",
          "beforeHooks": [],
          "afterHooks": [],
          "tests": [],
          "suites": [
            {
              "uuid": "927d51e6-5046-4fce-8cac-9bb74185454d",
              "title": "Add Product tests",
              "fullFile": "",
              "file": "",
              "beforeHooks": [],
              "afterHooks": [],
              "tests": [
                {
                  "title": "PS_083: Kiểm tra thêm sản phẩm không có lựa chọn vào giỏ hàng",
                  "fullTitle": "Shop Page Tests Add Product tests PS_083: Kiểm tra thêm sản phẩm không có lựa chọn vào giỏ hàng",
                  "timedOut": null,
                  "duration": 8883,
                  "state": "passed",
                  "speed": "medium",
                  "pass": true,
                  "fail": false,
                  "pending": false,
                  "context": "{\n  \"title\": \"cypress-mochawesome-reporter-videos-passed\",\n  \"value\": \"cypress\\\\e2e\\\\shopPage.cy.js\"\n}",
                  "code": "shopPage.addProductToCart();",
                  "err": {},
                  "uuid": "4f4b9c78-97ed-4ed0-a08e-a4a803590175",
                  "parentUUID": "927d51e6-5046-4fce-8cac-9bb74185454d",
                  "isHook": false,
                  "skipped": false
                },
                {
                  "title": "PS_084: Kiểm tra thêm sản phẩm có lựa chọn vào giỏ hàng",
                  "fullTitle": "Shop Page Tests Add Product tests PS_084: Kiểm tra thêm sản phẩm có lựa chọn vào giỏ hàng",
                  "timedOut": null,
                  "duration": 19926,
                  "state": "passed",
                  "speed": "slow",
                  "pass": true,
                  "fail": false,
                  "pending": false,
                  "context": "{\n  \"title\": \"cypress-mochawesome-reporter-videos-passed\",\n  \"value\": \"cypress\\\\e2e\\\\shopPage.cy.js\"\n}",
                  "code": "shopPage.addSelectedProductToCart();",
                  "err": {},
                  "uuid": "181ae520-44c2-459e-aad9-76862699b7cd",
                  "parentUUID": "927d51e6-5046-4fce-8cac-9bb74185454d",
                  "isHook": false,
                  "skipped": false
                },
                {
                  "title": "PS_085: Kiểm tra thêm sản phẩm không có lựa chọn đã hết hàng",
                  "fullTitle": "Shop Page Tests Add Product tests PS_085: Kiểm tra thêm sản phẩm không có lựa chọn đã hết hàng",
                  "timedOut": null,
                  "duration": 13655,
                  "state": "passed",
                  "speed": "slow",
                  "pass": true,
                  "fail": false,
                  "pending": false,
                  "context": "{\n  \"title\": \"cypress-mochawesome-reporter-videos-passed\",\n  \"value\": \"cypress\\\\e2e\\\\shopPage.cy.js\"\n}",
                  "code": "shopPage.addProductSoldOut();",
                  "err": {},
                  "uuid": "21e4d908-6ee1-44f6-8b4b-1650c0388505",
                  "parentUUID": "927d51e6-5046-4fce-8cac-9bb74185454d",
                  "isHook": false,
                  "skipped": false
                },
                {
                  "title": "PS_086: Kiểm tra thêm sản phẩm có lựa chọn đã hết hàng",
                  "fullTitle": "Shop Page Tests Add Product tests PS_086: Kiểm tra thêm sản phẩm có lựa chọn đã hết hàng",
                  "timedOut": null,
                  "duration": 13276,
                  "state": "passed",
                  "speed": "slow",
                  "pass": true,
                  "fail": false,
                  "pending": false,
                  "context": "{\n  \"title\": \"cypress-mochawesome-reporter-videos-passed\",\n  \"value\": \"cypress\\\\e2e\\\\shopPage.cy.js\"\n}",
                  "code": "shopPage.addSelectedProductSoldOut();",
                  "err": {},
                  "uuid": "a1353a5e-d0fe-4b9a-8f54-86309c58f49c",
                  "parentUUID": "927d51e6-5046-4fce-8cac-9bb74185454d",
                  "isHook": false,
                  "skipped": false
                }
              ],
              "suites": [],
              "passes": [
                "4f4b9c78-97ed-4ed0-a08e-a4a803590175",
                "181ae520-44c2-459e-aad9-76862699b7cd",
                "21e4d908-6ee1-44f6-8b4b-1650c0388505",
                "a1353a5e-d0fe-4b9a-8f54-86309c58f49c"
              ],
              "failures": [],
              "pending": [],
              "skipped": [],
              "duration": 55740,
              "root": false,
              "rootEmpty": false,
              "_timeout": 2000
            },
            {
              "uuid": "cc0936ea-e38f-4f07-aa33-8653be14b46f",
              "title": "Navigation tests",
              "fullFile": "",
              "file": "",
              "beforeHooks": [],
              "afterHooks": [],
              "tests": [
                {
                  "title": "PS_087: Kiểm tra click vào xem sản phẩm bất kỳ",
                  "fullTitle": "Shop Page Tests Navigation tests PS_087: Kiểm tra click vào xem sản phẩm bất kỳ",
                  "timedOut": null,
                  "duration": 9185,
                  "state": "passed",
                  "speed": "medium",
                  "pass": true,
                  "fail": false,
                  "pending": false,
                  "context": "{\n  \"title\": \"cypress-mochawesome-reporter-videos-passed\",\n  \"value\": \"cypress\\\\e2e\\\\shopPage.cy.js\"\n}",
                  "code": "shopPage.viewProduct();",
                  "err": {},
                  "uuid": "bbf500bf-20ea-4ada-be1d-97a466608c82",
                  "parentUUID": "cc0936ea-e38f-4f07-aa33-8653be14b46f",
                  "isHook": false,
                  "skipped": false
                },
                {
                  "title": "PS_088: Điều hướng khi click \"Cây trồng trong chậu\"",
                  "fullTitle": "Shop Page Tests Navigation tests PS_088: Điều hướng khi click \"Cây trồng trong chậu\"",
                  "timedOut": null,
                  "duration": 12933,
                  "state": "passed",
                  "speed": "slow",
                  "pass": true,
                  "fail": false,
                  "pending": false,
                  "context": "{\n  \"title\": \"cypress-mochawesome-reporter-videos-passed\",\n  \"value\": \"cypress\\\\e2e\\\\shopPage.cy.js\"\n}",
                  "code": "shopPage.navigateToCategory('pottedPlants');",
                  "err": {},
                  "uuid": "cde588d8-00e3-4c0f-9600-1540fe7d5015",
                  "parentUUID": "cc0936ea-e38f-4f07-aa33-8653be14b46f",
                  "isHook": false,
                  "skipped": false
                },
                {
                  "title": "PS_089: Điều hướng khi click \"Cây trồng trong không khí\"",
                  "fullTitle": "Shop Page Tests Navigation tests PS_089: Điều hướng khi click \"Cây trồng trong không khí\"",
                  "timedOut": null,
                  "duration": 10558,
                  "state": "passed",
                  "speed": "slow",
                  "pass": true,
                  "fail": false,
                  "pending": false,
                  "context": "{\n  \"title\": \"cypress-mochawesome-reporter-videos-passed\",\n  \"value\": \"cypress\\\\e2e\\\\shopPage.cy.js\"\n}",
                  "code": "shopPage.navigateToCategory('airPlants');",
                  "err": {},
                  "uuid": "7cecee9b-4a53-49d8-8a10-b5ca77ff9236",
                  "parentUUID": "cc0936ea-e38f-4f07-aa33-8653be14b46f",
                  "isHook": false,
                  "skipped": false
                },
                {
                  "title": "PS_090: Điều hướng khi click \"Chậu trồng cây\"",
                  "fullTitle": "Shop Page Tests Navigation tests PS_090: Điều hướng khi click \"Chậu trồng cây\"",
                  "timedOut": null,
                  "duration": 10974,
                  "state": "passed",
                  "speed": "slow",
                  "pass": true,
                  "fail": false,
                  "pending": false,
                  "context": "{\n  \"title\": \"cypress-mochawesome-reporter-videos-passed\",\n  \"value\": \"cypress\\\\e2e\\\\shopPage.cy.js\"\n}",
                  "code": "shopPage.navigateToCategory('potsAndPlanters');",
                  "err": {},
                  "uuid": "ecf28721-47fc-434a-970d-810c8128a003",
                  "parentUUID": "cc0936ea-e38f-4f07-aa33-8653be14b46f",
                  "isHook": false,
                  "skipped": false
                },
                {
                  "title": "PS_091: Điều hướng khi click \"Dụng cụ chăm sóc\"",
                  "fullTitle": "Shop Page Tests Navigation tests PS_091: Điều hướng khi click \"Dụng cụ chăm sóc\"",
                  "timedOut": null,
                  "duration": 10957,
                  "state": "passed",
                  "speed": "slow",
                  "pass": true,
                  "fail": false,
                  "pending": false,
                  "context": "{\n  \"title\": \"cypress-mochawesome-reporter-videos-passed\",\n  \"value\": \"cypress\\\\e2e\\\\shopPage.cy.js\"\n}",
                  "code": "shopPage.navigateToCategory('careTools');",
                  "err": {},
                  "uuid": "acdbf357-c344-4242-8be4-7e3de041ea19",
                  "parentUUID": "cc0936ea-e38f-4f07-aa33-8653be14b46f",
                  "isHook": false,
                  "skipped": false
                }
              ],
              "suites": [],
              "passes": [
                "bbf500bf-20ea-4ada-be1d-97a466608c82",
                "cde588d8-00e3-4c0f-9600-1540fe7d5015",
                "7cecee9b-4a53-49d8-8a10-b5ca77ff9236",
                "ecf28721-47fc-434a-970d-810c8128a003",
                "acdbf357-c344-4242-8be4-7e3de041ea19"
              ],
              "failures": [],
              "pending": [],
              "skipped": [],
              "duration": 54607,
              "root": false,
              "rootEmpty": false,
              "_timeout": 2000
            },
            {
              "uuid": "f47a165c-0b37-4d56-918e-b879a1d9642a",
              "title": "Filter tests",
              "fullFile": "",
              "file": "",
              "beforeHooks": [],
              "afterHooks": [],
              "tests": [
                {
                  "title": "PS_092: Kiểm tra sắp xếp theo độ phổ biến",
                  "fullTitle": "Shop Page Tests Filter tests PS_092: Kiểm tra sắp xếp theo độ phổ biến",
                  "timedOut": null,
                  "duration": 6432,
                  "state": "passed",
                  "speed": "medium",
                  "pass": true,
                  "fail": false,
                  "pending": false,
                  "context": "{\n  \"title\": \"cypress-mochawesome-reporter-videos-passed\",\n  \"value\": \"cypress\\\\e2e\\\\shopPage.cy.js\"\n}",
                  "code": "shopPage.sortByPopularity();",
                  "err": {},
                  "uuid": "aa2e023b-12b7-4de9-88e9-e8e3317bc6ea",
                  "parentUUID": "f47a165c-0b37-4d56-918e-b879a1d9642a",
                  "isHook": false,
                  "skipped": false
                },
                {
                  "title": "PS_093: Kiểm tra sắp xếp theo xếp hàng trung bình",
                  "fullTitle": "Shop Page Tests Filter tests PS_093: Kiểm tra sắp xếp theo xếp hàng trung bình",
                  "timedOut": null,
                  "duration": 9729,
                  "state": "passed",
                  "speed": "medium",
                  "pass": true,
                  "fail": false,
                  "pending": false,
                  "context": "{\n  \"title\": \"cypress-mochawesome-reporter-videos-passed\",\n  \"value\": \"cypress\\\\e2e\\\\shopPage.cy.js\"\n}",
                  "code": "shopPage.sortByRating();",
                  "err": {},
                  "uuid": "d225eeb6-f20a-45f5-9fc1-8ca49cf84ce6",
                  "parentUUID": "f47a165c-0b37-4d56-918e-b879a1d9642a",
                  "isHook": false,
                  "skipped": false
                },
                {
                  "title": "PS_094: Kiểm tra sắp xếp theo mới nhất",
                  "fullTitle": "Shop Page Tests Filter tests PS_094: Kiểm tra sắp xếp theo mới nhất",
                  "timedOut": null,
                  "duration": 9922,
                  "state": "passed",
                  "speed": "medium",
                  "pass": true,
                  "fail": false,
                  "pending": false,
                  "context": "{\n  \"title\": \"cypress-mochawesome-reporter-videos-passed\",\n  \"value\": \"cypress\\\\e2e\\\\shopPage.cy.js\"\n}",
                  "code": "shopPage.sortByNewest();",
                  "err": {},
                  "uuid": "ff0cd93c-1b08-4c60-9d53-7ade590f6dd3",
                  "parentUUID": "f47a165c-0b37-4d56-918e-b879a1d9642a",
                  "isHook": false,
                  "skipped": false
                },
                {
                  "title": "PS_095: Kiểm tra sắp xếp theo giá: thấp đến cao",
                  "fullTitle": "Shop Page Tests Filter tests PS_095: Kiểm tra sắp xếp theo giá: thấp đến cao",
                  "timedOut": null,
                  "duration": 8456,
                  "state": "passed",
                  "speed": "medium",
                  "pass": true,
                  "fail": false,
                  "pending": false,
                  "context": "{\n  \"title\": \"cypress-mochawesome-reporter-videos-passed\",\n  \"value\": \"cypress\\\\e2e\\\\shopPage.cy.js\"\n}",
                  "code": "shopPage.sortByPriceLowToHigh();",
                  "err": {},
                  "uuid": "27f48cb6-bb47-453b-8d9d-644a3a96f013",
                  "parentUUID": "f47a165c-0b37-4d56-918e-b879a1d9642a",
                  "isHook": false,
                  "skipped": false
                },
                {
                  "title": "PS_096: Kiểm tra sắp xếp theo giá: cao đến thấp",
                  "fullTitle": "Shop Page Tests Filter tests PS_096: Kiểm tra sắp xếp theo giá: cao đến thấp",
                  "timedOut": null,
                  "duration": 8614,
                  "state": "passed",
                  "speed": "medium",
                  "pass": true,
                  "fail": false,
                  "pending": false,
                  "context": "{\n  \"title\": \"cypress-mochawesome-reporter-videos-passed\",\n  \"value\": \"cypress\\\\e2e\\\\shopPage.cy.js\"\n}",
                  "code": "shopPage.sortByPriceHighToLow();",
                  "err": {},
                  "uuid": "2c94fc5f-ada3-43b7-8863-34ec2a1ba10c",
                  "parentUUID": "f47a165c-0b37-4d56-918e-b879a1d9642a",
                  "isHook": false,
                  "skipped": false
                }
              ],
              "suites": [],
              "passes": [
                "aa2e023b-12b7-4de9-88e9-e8e3317bc6ea",
                "d225eeb6-f20a-45f5-9fc1-8ca49cf84ce6",
                "ff0cd93c-1b08-4c60-9d53-7ade590f6dd3",
                "27f48cb6-bb47-453b-8d9d-644a3a96f013",
                "2c94fc5f-ada3-43b7-8863-34ec2a1ba10c"
              ],
              "failures": [],
              "pending": [],
              "skipped": [],
              "duration": 43153,
              "root": false,
              "rootEmpty": false,
              "_timeout": 2000
            },
            {
              "uuid": "42bf08f3-a2df-4911-b4b3-4d4ea805ebe3",
              "title": "Pagination tests",
              "fullFile": "",
              "file": "",
              "beforeHooks": [],
              "afterHooks": [],
              "tests": [
                {
                  "title": "PS_097: Kiểm tra trường hợp ở trang đầu tiên",
                  "fullTitle": "Shop Page Tests Pagination tests PS_097: Kiểm tra trường hợp ở trang đầu tiên",
                  "timedOut": null,
                  "duration": 4215,
                  "state": "passed",
                  "speed": "fast",
                  "pass": true,
                  "fail": false,
                  "pending": false,
                  "context": "{\n  \"title\": \"cypress-mochawesome-reporter-videos-passed\",\n  \"value\": \"cypress\\\\e2e\\\\shopPage.cy.js\"\n}",
                  "code": "shopPage.checkPaginationDisplay();\nshopPage.checkFirstPagePagination();",
                  "err": {},
                  "uuid": "0a6a9a70-9862-4c5f-acf3-2fc06a70bcac",
                  "parentUUID": "42bf08f3-a2df-4911-b4b3-4d4ea805ebe3",
                  "isHook": false,
                  "skipped": false
                },
                {
                  "title": "PS_098: Kiểm tra trường hợp ở trang cuối cùng",
                  "fullTitle": "Shop Page Tests Pagination tests PS_098: Kiểm tra trường hợp ở trang cuối cùng",
                  "timedOut": null,
                  "duration": 8108,
                  "state": "passed",
                  "speed": "medium",
                  "pass": true,
                  "fail": false,
                  "pending": false,
                  "context": "{\n  \"title\": \"cypress-mochawesome-reporter-videos-passed\",\n  \"value\": \"cypress\\\\e2e\\\\shopPage.cy.js\"\n}",
                  "code": "shopPage.checkPaginationDisplay();\nshopPage.checkLastPagePagination();",
                  "err": {},
                  "uuid": "20b5a48e-5d2a-443d-8fc7-381766ebef9f",
                  "parentUUID": "42bf08f3-a2df-4911-b4b3-4d4ea805ebe3",
                  "isHook": false,
                  "skipped": false
                },
                {
                  "title": "PS_099: Kiểm tra click trang bất kỳ không phải là page 1 hoặc cuối",
                  "fullTitle": "Shop Page Tests Pagination tests PS_099: Kiểm tra click trang bất kỳ không phải là page 1 hoặc cuối",
                  "timedOut": null,
                  "duration": 7248,
                  "state": "passed",
                  "speed": "medium",
                  "pass": true,
                  "fail": false,
                  "pending": false,
                  "context": "{\n  \"title\": \"cypress-mochawesome-reporter-videos-passed\",\n  \"value\": \"cypress\\\\e2e\\\\shopPage.cy.js\"\n}",
                  "code": "shopPage.checkPaginationDisplay();\nshopPage.clickMiddlePage();",
                  "err": {},
                  "uuid": "8d087e7c-37b3-4a4a-be1d-3e406559aa0a",
                  "parentUUID": "42bf08f3-a2df-4911-b4b3-4d4ea805ebe3",
                  "isHook": false,
                  "skipped": false
                },
                {
                  "title": "PS_100: Kiểm tra click nút [→]",
                  "fullTitle": "Shop Page Tests Pagination tests PS_100: Kiểm tra click nút [→]",
                  "timedOut": null,
                  "duration": 13007,
                  "state": "passed",
                  "speed": "slow",
                  "pass": true,
                  "fail": false,
                  "pending": false,
                  "context": "{\n  \"title\": \"cypress-mochawesome-reporter-videos-passed\",\n  \"value\": \"cypress\\\\e2e\\\\shopPage.cy.js\"\n}",
                  "code": "shopPage.checkPaginationDisplay();\ncy.visitShopPage2();\nshopPage.goToNextPage();",
                  "err": {},
                  "uuid": "1cc19f25-e135-4b4d-9a5c-9f176bb77ef1",
                  "parentUUID": "42bf08f3-a2df-4911-b4b3-4d4ea805ebe3",
                  "isHook": false,
                  "skipped": false
                },
                {
                  "title": "PS_101: Kiểm tra click nút [←]",
                  "fullTitle": "Shop Page Tests Pagination tests PS_101: Kiểm tra click nút [←]",
                  "timedOut": null,
                  "duration": 14940,
                  "state": "passed",
                  "speed": "slow",
                  "pass": true,
                  "fail": false,
                  "pending": false,
                  "context": "{\n  \"title\": \"cypress-mochawesome-reporter-videos-passed\",\n  \"value\": \"cypress\\\\e2e\\\\shopPage.cy.js\"\n}",
                  "code": "shopPage.checkPaginationDisplay();\ncy.visitShopPage2();\nshopPage.goToPreviousPage();",
                  "err": {},
                  "uuid": "8e3199b8-b7ce-4001-8741-1459ecf1f3d3",
                  "parentUUID": "42bf08f3-a2df-4911-b4b3-4d4ea805ebe3",
                  "isHook": false,
                  "skipped": false
                }
              ],
              "suites": [],
              "passes": [
                "0a6a9a70-9862-4c5f-acf3-2fc06a70bcac",
                "20b5a48e-5d2a-443d-8fc7-381766ebef9f",
                "8d087e7c-37b3-4a4a-be1d-3e406559aa0a",
                "1cc19f25-e135-4b4d-9a5c-9f176bb77ef1",
                "8e3199b8-b7ce-4001-8741-1459ecf1f3d3"
              ],
              "failures": [],
              "pending": [],
              "skipped": [],
              "duration": 47518,
              "root": false,
              "rootEmpty": false,
              "_timeout": 2000
            }
          ],
          "passes": [],
          "failures": [],
          "pending": [],
          "skipped": [],
          "duration": 0,
          "root": false,
          "rootEmpty": false,
          "_timeout": 2000
        }
      ],
      "passes": [],
      "failures": [],
      "pending": [],
      "skipped": [],
      "duration": 0,
      "root": true,
      "rootEmpty": true,
      "_timeout": 2000
    }
  ],
  "meta": {
    "mocha": {
      "version": "7.2.0"
    },
    "mochawesome": {
      "options": {
        "quiet": false,
        "reportFilename": "mochawesome",
        "saveHtml": false,
        "saveJson": true,
        "consoleReporter": "spec",
        "useInlineDiffs": false,
        "code": true
      },
      "version": "7.1.3"
    },
    "marge": {
      "options": {
        "reportDir": "cypress\\reports\\.jsons",
        "overwrite": false,
        "html": false,
        "json": true,
        "timestamp": "mmddyyyy_HHMMss",
        "reportTitle": "PlanShop E2E Test Results",
        "reportPageTitle": "Cypress Test Report",
        "embeddedScreenshots": true,
        "inlineAssets": true,
        "saveAllAttempts": false
      },
      "version": "6.2.0"
    }
  }
}