{
  "stats": {
    "suites": 1,
    "tests": 25,
    "passes": 18,
    "pending": 0,
    "failures": 7,
    "start": "2025-09-24T23:21:25.980Z",
    "end": "2025-09-24T23:27:24.337Z",
    "duration": 358357,
    "testsRegistered": 25,
    "passPercent": 72,
    "pendingPercent": 0,
    "other": 0,
    "hasOther": false,
    "skipped": 0,
    "hasSkipped": false
  },
  "results": [
    {
      "uuid": "0ae22a8a-c7a4-44d2-ab58-c857c81111f9",
      "title": "",
      "fullFile": "cypress\\e2e\\auth\\login.cy.js",
      "file": "cypress\\e2e\\auth\\login.cy.js",
      "beforeHooks": [],
      "afterHooks": [],
      "tests": [],
      "suites": [
        {
          "uuid": "8c6e107e-463a-476b-b89d-12c865cc422b",
          "title": "Login Functionality Tests",
          "fullFile": "",
          "file": "",
          "beforeHooks": [],
          "afterHooks": [],
          "tests": [
            {
              "title": "PS_001: Kiểm tra hiển thị màn Đăng nhập",
              "fullTitle": "Login Functionality Tests PS_001: Kiểm tra hiển thị màn Đăng nhập",
              "timedOut": null,
              "duration": 5590,
              "state": "passed",
              "speed": "medium",
              "pass": true,
              "fail": false,
              "pending": false,
              "context": "{\n  \"title\": \"cypress-mochawesome-reporter-videos-passed\",\n  \"value\": \"cypress\\\\e2e\\\\auth\\\\login.cy.js\"\n}",
              "code": "loginPage.checkLoginPopup();",
              "err": {},
              "uuid": "d7303348-4da6-4326-96dd-cb97d7815906",
              "parentUUID": "8c6e107e-463a-476b-b89d-12c865cc422b",
              "isHook": false,
              "skipped": false
            },
            {
              "title": "PS_002: Kiểm tra trạng thái menu",
              "fullTitle": "Login Functionality Tests PS_002: Kiểm tra trạng thái menu",
              "timedOut": null,
              "duration": 9530,
              "state": "failed",
              "speed": null,
              "pass": false,
              "fail": true,
              "pending": false,
              "context": "[\n  {\n    \"title\": \"cypress-mochawesome-reporter-videos-failed\",\n    \"value\": \"cypress\\\\e2e\\\\auth\\\\login.cy.js\"\n  },\n  {\n    \"title\": \"cypress-mochawesome-reporter-screenshots\",\n    \"value\": [\n      [\n        \"\\\\auth\\\\login.cy.js\\\\Login Functionality Tests -- PS_002 Kiểm tra trạng thái menu (failed).png\"\n      ],\n      [\n        \"\\\\auth\\\\login.cy.js\\\\Login Functionality Tests -- PS_002 Kiểm tra trạng thái menu (failed) (attempt 2).png\"\n      ],\n      [\n        \"\\\\auth\\\\login.cy.js\\\\Login Functionality Tests -- PS_002 Kiểm tra trạng thái menu (failed) (attempt 3).png\"\n      ]\n    ]\n  }\n]",
              "code": "loginPage.checkMenuHighlight();",
              "err": {
                "message": "AssertionError: Timed out retrying after 6000ms: expected '<li#menu-item-1194.xoo-el-login-tgr.menu-item.menu-item-type-custom.menu-item-object-custom.menu-item-1194>' to have class 'current-menu-item'",
                "estack": "AssertionError: Timed out retrying after 6000ms: expected '<li#menu-item-1194.xoo-el-login-tgr.menu-item.menu-item-type-custom.menu-item-object-custom.menu-item-1194>' to have class 'current-menu-item'\n    at LoginPage.checkMenuHighlight (webpack://testda/./cypress/pageObjects/LoginPage.js:37:37)\n    at Context.eval (webpack://testda/./cypress/e2e/auth/login.cy.js:21:14)",
                "diff": null
              },
              "uuid": "908756f9-c664-41c4-ab4e-422006bdda54",
              "parentUUID": "8c6e107e-463a-476b-b89d-12c865cc422b",
              "isHook": false,
              "skipped": false
            },
            {
              "title": "PS_003: Đăng nhập với user là khách hàng (đã có tài khoản)",
              "fullTitle": "Login Functionality Tests PS_003: Đăng nhập với user là khách hàng (đã có tài khoản)",
              "timedOut": null,
              "duration": 9855,
              "state": "passed",
              "speed": "medium",
              "pass": true,
              "fail": false,
              "pending": false,
              "context": "{\n  \"title\": \"cypress-mochawesome-reporter-videos-passed\",\n  \"value\": \"cypress\\\\e2e\\\\auth\\\\login.cy.js\"\n}",
              "code": "cy.fixture('users').then(users => {\n  loginPage.login(users.validCustomer.email, users.validCustomer.password);\n  loginPage.checkLoginIntegration('customer');\n});",
              "err": {},
              "uuid": "121cd2fb-7ef4-4001-a1d8-298a19a7e72b",
              "parentUUID": "8c6e107e-463a-476b-b89d-12c865cc422b",
              "isHook": false,
              "skipped": false
            },
            {
              "title": "PS_004: Đăng nhập với user là admin",
              "fullTitle": "Login Functionality Tests PS_004: Đăng nhập với user là admin",
              "timedOut": null,
              "duration": 11472,
              "state": "passed",
              "speed": "slow",
              "pass": true,
              "fail": false,
              "pending": false,
              "context": "{\n  \"title\": \"cypress-mochawesome-reporter-videos-passed\",\n  \"value\": \"cypress\\\\e2e\\\\auth\\\\login.cy.js\"\n}",
              "code": "cy.fixture('users').then(users => {\n  loginPage.login(users.validAdmin.email, users.validAdmin.password);\n  loginPage.checkLoginIntegration('admin');\n  loginPage.verifyAdminToolbar();\n  accountMenu.verifyUsernameMenu();\n  loginPage.verifyAdminCanAccessProductEdit();\n});",
              "err": {},
              "uuid": "d7404b4d-be67-42d3-82d9-d835cecd1370",
              "parentUUID": "8c6e107e-463a-476b-b89d-12c865cc422b",
              "isHook": false,
              "skipped": false
            },
            {
              "title": "PS_005: Kiểm tra giao diện bố cục",
              "fullTitle": "Login Functionality Tests PS_005: Kiểm tra giao diện bố cục",
              "timedOut": null,
              "duration": 3948,
              "state": "passed",
              "speed": "fast",
              "pass": true,
              "fail": false,
              "pending": false,
              "context": "{\n  \"title\": \"cypress-mochawesome-reporter-videos-passed\",\n  \"value\": \"cypress\\\\e2e\\\\auth\\\\login.cy.js\"\n}",
              "code": "loginPage.checkLoginLayout();",
              "err": {},
              "uuid": "240e946c-211f-4834-8d4d-032c18a7ff09",
              "parentUUID": "8c6e107e-463a-476b-b89d-12c865cc422b",
              "isHook": false,
              "skipped": false
            },
            {
              "title": "PS_006: Kiểm tra enable button \"Đăng nhập\"",
              "fullTitle": "Login Functionality Tests PS_006: Kiểm tra enable button \"Đăng nhập\"",
              "timedOut": null,
              "duration": 10545,
              "state": "failed",
              "speed": null,
              "pass": false,
              "fail": true,
              "pending": false,
              "context": "[\n  {\n    \"title\": \"cypress-mochawesome-reporter-videos-failed\",\n    \"value\": \"cypress\\\\e2e\\\\auth\\\\login.cy.js\"\n  },\n  {\n    \"title\": \"cypress-mochawesome-reporter-screenshots\",\n    \"value\": [\n      [\n        \"\\\\auth\\\\login.cy.js\\\\Login Functionality Tests -- PS_006 Kiểm tra enable button Đăng nhập (failed).png\"\n      ],\n      [\n        \"\\\\auth\\\\login.cy.js\\\\Login Functionality Tests -- PS_006 Kiểm tra enable button Đăng nhập (failed) (attempt 2).png\"\n      ],\n      [\n        \"\\\\auth\\\\login.cy.js\\\\Login Functionality Tests -- PS_006 Kiểm tra enable button Đăng nhập (failed) (attempt 3).png\"\n      ]\n    ]\n  }\n]",
              "code": "loginPage.hoverLoginButton();",
              "err": {
                "message": "AssertionError: Timed out retrying after 6000ms: expected '<button.button.btn.xoo-el-action-btn.xoo-el-login-btn>' to have CSS property 'background-color' with the value 'rgb(0, 0, 0)', but the value was 'rgb(55, 146, 55)'",
                "estack": "AssertionError: Timed out retrying after 6000ms: expected '<button.button.btn.xoo-el-action-btn.xoo-el-login-btn>' to have CSS property 'background-color' with the value 'rgb(0, 0, 0)', but the value was 'rgb(55, 146, 55)'\n    at LoginPage.hoverLoginButton (webpack://testda/./cypress/pageObjects/LoginPage.js:93:37)\n    at Context.eval (webpack://testda/./cypress/e2e/auth/login.cy.js:46:14)",
                "diff": "- 'rgb(55, 146, 55)'\n+ 'rgb(0, 0, 0)'\n"
              },
              "uuid": "e11a95d8-682a-4027-b871-5fea07f4c82e",
              "parentUUID": "8c6e107e-463a-476b-b89d-12c865cc422b",
              "isHook": false,
              "skipped": false
            },
            {
              "title": "PS_007: Kiểm tra enable button \"Quên mật khẩu?\"",
              "fullTitle": "Login Functionality Tests PS_007: Kiểm tra enable button \"Quên mật khẩu?\"",
              "timedOut": null,
              "duration": 9949,
              "state": "failed",
              "speed": null,
              "pass": false,
              "fail": true,
              "pending": false,
              "context": "[\n  {\n    \"title\": \"cypress-mochawesome-reporter-videos-failed\",\n    \"value\": \"cypress\\\\e2e\\\\auth\\\\login.cy.js\"\n  },\n  {\n    \"title\": \"cypress-mochawesome-reporter-screenshots\",\n    \"value\": [\n      [\n        \"\\\\auth\\\\login.cy.js\\\\Login Functionality Tests -- PS_007 Kiểm tra enable button Quên mật khẩu (failed).png\"\n      ],\n      [\n        \"\\\\auth\\\\login.cy.js\\\\Login Functionality Tests -- PS_007 Kiểm tra enable button Quên mật khẩu (failed) (attempt 2).png\"\n      ],\n      [\n        \"\\\\auth\\\\login.cy.js\\\\Login Functionality Tests -- PS_007 Kiểm tra enable button Quên mật khẩu (failed) (attempt 3).png\"\n      ]\n    ]\n  }\n]",
              "code": "loginPage.hoverForgotPassword();",
              "err": {
                "message": "AssertionError: Timed out retrying after 6000ms: expected '[ <a.xoo-el-lostpw-tgr>, 1 more... ]' to have CSS property 'color' with the value 'rgb(55,146,55', but the value was 'rgb(0, 0, 0)'",
                "estack": "AssertionError: Timed out retrying after 6000ms: expected '[ <a.xoo-el-lostpw-tgr>, 1 more... ]' to have CSS property 'color' with the value 'rgb(55,146,55', but the value was 'rgb(0, 0, 0)'\n    at LoginPage.hoverForgotPassword (webpack://testda/./cypress/pageObjects/LoginPage.js:99:44)\n    at Context.eval (webpack://testda/./cypress/e2e/auth/login.cy.js:50:14)",
                "diff": "- 'rgb(0, 0, 0)'\n+ 'rgb(55,146,55'\n"
              },
              "uuid": "32101cce-d8c0-4d66-9450-30ab910234ee",
              "parentUUID": "8c6e107e-463a-476b-b89d-12c865cc422b",
              "isHook": false,
              "skipped": false
            },
            {
              "title": "PS_008: Kiểm tra hiển thị giá trị mặc định (trường Username)",
              "fullTitle": "Login Functionality Tests PS_008: Kiểm tra hiển thị giá trị mặc định (trường Username)",
              "timedOut": null,
              "duration": 3523,
              "state": "passed",
              "speed": "fast",
              "pass": true,
              "fail": false,
              "pending": false,
              "context": "{\n  \"title\": \"cypress-mochawesome-reporter-videos-passed\",\n  \"value\": \"cypress\\\\e2e\\\\auth\\\\login.cy.js\"\n}",
              "code": "loginPage.checkUsernameDefault();",
              "err": {},
              "uuid": "e200147d-8a9d-4d0e-9fe7-e2fed067b23a",
              "parentUUID": "8c6e107e-463a-476b-b89d-12c865cc422b",
              "isHook": false,
              "skipped": false
            },
            {
              "title": "PS_009: Kiểm tra trường Username là bắt buộc",
              "fullTitle": "Login Functionality Tests PS_009: Kiểm tra trường Username là bắt buộc",
              "timedOut": null,
              "duration": 3780,
              "state": "passed",
              "speed": "fast",
              "pass": true,
              "fail": false,
              "pending": false,
              "context": "{\n  \"title\": \"cypress-mochawesome-reporter-videos-passed\",\n  \"value\": \"cypress\\\\e2e\\\\auth\\\\login.cy.js\"\n}",
              "code": "loginPage.login('', '');\nloginPage.checkInvalidFieldUsername('Please fill out this field.');",
              "err": {},
              "uuid": "6874a447-a459-42c1-826d-8d1d35c75d8b",
              "parentUUID": "8c6e107e-463a-476b-b89d-12c865cc422b",
              "isHook": false,
              "skipped": false
            },
            {
              "title": "PS_010: Kiểm tra khi nhập các ký tự đặc biệt (trường Username)",
              "fullTitle": "Login Functionality Tests PS_010: Kiểm tra khi nhập các ký tự đặc biệt (trường Username)",
              "timedOut": null,
              "duration": 7107,
              "state": "passed",
              "speed": "medium",
              "pass": true,
              "fail": false,
              "pending": false,
              "context": "{\n  \"title\": \"cypress-mochawesome-reporter-videos-passed\",\n  \"value\": \"cypress\\\\e2e\\\\auth\\\\login.cy.js\"\n}",
              "code": "cy.fixture('users').then(users => {\n  loginPage.login(users.specialCharUser.email, users.specialCharUser.password);\n  loginPage.checkNoticeError('Email hoặc tên người dùng không đúng. Quên mật khẩu');\n});",
              "err": {},
              "uuid": "230abc9b-16c7-4fb7-83b5-30b6534508cc",
              "parentUUID": "8c6e107e-463a-476b-b89d-12c865cc422b",
              "isHook": false,
              "skipped": false
            },
            {
              "title": "PS_011: Kiểm tra khi nhập các thẻ HTML (trường Username)",
              "fullTitle": "Login Functionality Tests PS_011: Kiểm tra khi nhập các thẻ HTML (trường Username)",
              "timedOut": null,
              "duration": 6898,
              "state": "passed",
              "speed": "medium",
              "pass": true,
              "fail": false,
              "pending": false,
              "context": "{\n  \"title\": \"cypress-mochawesome-reporter-videos-passed\",\n  \"value\": \"cypress\\\\e2e\\\\auth\\\\login.cy.js\"\n}",
              "code": "cy.fixture('users').then(users => {\n  loginPage.login(users.htmlTagUser.email, users.htmlTagUser.password);\n  loginPage.checkNoticeError('Email hoặc tên người dùng không đúng. Quên mật khẩu');\n});",
              "err": {},
              "uuid": "e1b109fe-4fa2-457c-a104-0d07658bc799",
              "parentUUID": "8c6e107e-463a-476b-b89d-12c865cc422b",
              "isHook": false,
              "skipped": false
            },
            {
              "title": "PS_012: Kiểm tra paste nội dung vào trường Username",
              "fullTitle": "Login Functionality Tests PS_012: Kiểm tra paste nội dung vào trường Username",
              "timedOut": null,
              "duration": 3083,
              "state": "passed",
              "speed": "fast",
              "pass": true,
              "fail": false,
              "pending": false,
              "context": "{\n  \"title\": \"cypress-mochawesome-reporter-videos-passed\",\n  \"value\": \"cypress\\\\e2e\\\\auth\\\\login.cy.js\"\n}",
              "code": "loginPage.pasteIntoFieldUsername('test@example.com');",
              "err": {},
              "uuid": "7ed79d4d-63aa-4907-9910-00790b8d5b05",
              "parentUUID": "8c6e107e-463a-476b-b89d-12c865cc422b",
              "isHook": false,
              "skipped": false
            },
            {
              "title": "PS_013: Kiểm tra hiển thị giá trị mặc định (trường Password)",
              "fullTitle": "Login Functionality Tests PS_013: Kiểm tra hiển thị giá trị mặc định (trường Password)",
              "timedOut": null,
              "duration": 4852,
              "state": "passed",
              "speed": "fast",
              "pass": true,
              "fail": false,
              "pending": false,
              "context": "{\n  \"title\": \"cypress-mochawesome-reporter-videos-passed\",\n  \"value\": \"cypress\\\\e2e\\\\auth\\\\login.cy.js\"\n}",
              "code": "loginPage.checkPasswordDefault();",
              "err": {},
              "uuid": "88a06c06-6ff5-4ae2-9ddf-efb995da020a",
              "parentUUID": "8c6e107e-463a-476b-b89d-12c865cc422b",
              "isHook": false,
              "skipped": false
            },
            {
              "title": "PS_014: Kiểm tra trường Password là bắt buộc",
              "fullTitle": "Login Functionality Tests PS_014: Kiểm tra trường Password là bắt buộc",
              "timedOut": null,
              "duration": 10097,
              "state": "failed",
              "speed": null,
              "pass": false,
              "fail": true,
              "pending": false,
              "context": "[\n  {\n    \"title\": \"cypress-mochawesome-reporter-videos-failed\",\n    \"value\": \"cypress\\\\e2e\\\\auth\\\\login.cy.js\"\n  },\n  {\n    \"title\": \"cypress-mochawesome-reporter-screenshots\",\n    \"value\": [\n      [\n        \"\\\\auth\\\\login.cy.js\\\\Login Functionality Tests -- PS_014 Kiểm tra trường Password là bắt buộc (failed).png\"\n      ],\n      [\n        \"\\\\auth\\\\login.cy.js\\\\Login Functionality Tests -- PS_014 Kiểm tra trường Password là bắt buộc (failed) (attempt 2).png\"\n      ],\n      [\n        \"\\\\auth\\\\login.cy.js\\\\Login Functionality Tests -- PS_014 Kiểm tra trường Password là bắt buộc (failed) (attempt 3).png\"\n      ]\n    ]\n  }\n]",
              "code": "cy.fixture('users').then(users => {\n  loginPage.login('', '');\n  loginPage.checkInvalidFieldPassword('Please fill out this field.');\n});",
              "err": {
                "message": "AssertionError: Timed out retrying after 6000ms: expected '<input.xoo-aff-required.xoo-aff-password>' to be 'focused'",
                "estack": "AssertionError: Timed out retrying after 6000ms: expected '<input.xoo-aff-required.xoo-aff-password>' to be 'focused'\n    at Context.eval (webpack://testda/./cypress/support/commands.js:55:7)\n    at getRet (https://planshop.local/__cypress/runner/cypress_runner.js:120949:20)\n    at tryCatcher (https://planshop.local/__cypress/runner/cypress_runner.js:1777:23)\n    at Promise.attempt.Promise.try (https://planshop.local/__cypress/runner/cypress_runner.js:4285:29)\n    at Context.thenFn (https://planshop.local/__cypress/runner/cypress_runner.js:120960:66)\n    at Context.then (https://planshop.local/__cypress/runner/cypress_runner.js:121211:21)\n    at wrapped (https://planshop.local/__cypress/runner/cypress_runner.js:141532:19)",
                "diff": null
              },
              "uuid": "a590e048-2b88-4d66-87cb-fdbc036d8652",
              "parentUUID": "8c6e107e-463a-476b-b89d-12c865cc422b",
              "isHook": false,
              "skipped": false
            },
            {
              "title": "PS_015: Kiểm tra mã hóa mật khẩu",
              "fullTitle": "Login Functionality Tests PS_015: Kiểm tra mã hóa mật khẩu",
              "timedOut": null,
              "duration": 3938,
              "state": "passed",
              "speed": "fast",
              "pass": true,
              "fail": false,
              "pending": false,
              "context": "{\n  \"title\": \"cypress-mochawesome-reporter-videos-passed\",\n  \"value\": \"cypress\\\\e2e\\\\auth\\\\login.cy.js\"\n}",
              "code": "loginPage.checkPasswordMasked();",
              "err": {},
              "uuid": "5eeefdef-22c4-4016-8f8c-74814e4203b9",
              "parentUUID": "8c6e107e-463a-476b-b89d-12c865cc422b",
              "isHook": false,
              "skipped": false
            },
            {
              "title": "PS_016: Kiểm tra click vào icon mắt",
              "fullTitle": "Login Functionality Tests PS_016: Kiểm tra click vào icon mắt",
              "timedOut": null,
              "duration": 5340,
              "state": "passed",
              "speed": "medium",
              "pass": true,
              "fail": false,
              "pending": false,
              "context": "{\n  \"title\": \"cypress-mochawesome-reporter-videos-passed\",\n  \"value\": \"cypress\\\\e2e\\\\auth\\\\login.cy.js\"\n}",
              "code": "loginPage.togglePasswordVisibility();",
              "err": {},
              "uuid": "3ae18a3e-8953-4198-b375-b0d08094541c",
              "parentUUID": "8c6e107e-463a-476b-b89d-12c865cc422b",
              "isHook": false,
              "skipped": false
            },
            {
              "title": "PS_017: Kiểm tra paste nội dung vào Password",
              "fullTitle": "Login Functionality Tests PS_017: Kiểm tra paste nội dung vào Password",
              "timedOut": null,
              "duration": 3964,
              "state": "passed",
              "speed": "fast",
              "pass": true,
              "fail": false,
              "pending": false,
              "context": "{\n  \"title\": \"cypress-mochawesome-reporter-videos-passed\",\n  \"value\": \"cypress\\\\e2e\\\\auth\\\\login.cy.js\"\n}",
              "code": "loginPage.pasteIntoFieldPassword('password123');\nloginPage.checkPasswordMasked();",
              "err": {},
              "uuid": "c3890bc5-fe67-472e-856a-a43a71fa9155",
              "parentUUID": "8c6e107e-463a-476b-b89d-12c865cc422b",
              "isHook": false,
              "skipped": false
            },
            {
              "title": "PS_018: Kiểm tra để trống Username và Password",
              "fullTitle": "Login Functionality Tests PS_018: Kiểm tra để trống Username và Password",
              "timedOut": null,
              "duration": 13879,
              "state": "failed",
              "speed": null,
              "pass": false,
              "fail": true,
              "pending": false,
              "context": "[\n  {\n    \"title\": \"cypress-mochawesome-reporter-videos-failed\",\n    \"value\": \"cypress\\\\e2e\\\\auth\\\\login.cy.js\"\n  },\n  {\n    \"title\": \"cypress-mochawesome-reporter-screenshots\",\n    \"value\": [\n      [\n        \"\\\\auth\\\\login.cy.js\\\\Login Functionality Tests -- PS_018 Kiểm tra để trống Username và Password (failed).png\"\n      ],\n      [\n        \"\\\\auth\\\\login.cy.js\\\\Login Functionality Tests -- PS_018 Kiểm tra để trống Username và Password (failed) (attempt 2).png\"\n      ],\n      [\n        \"\\\\auth\\\\login.cy.js\\\\Login Functionality Tests -- PS_018 Kiểm tra để trống Username và Password (failed) (attempt 3).png\"\n      ]\n    ]\n  }\n]",
              "code": "cy.fixture('users').then(users => {\n  loginPage.login(users.emptyUser.email, users.emptyUser.password);\n  loginPage.checkNoticeError('Nhập thông tin trước khi đăng nhập');\n});",
              "err": {
                "message": "AssertionError: Timed out retrying after 10000ms: Expected to find element: `.xoo-el-notice .xoo-el-notice-error`, but never found it.",
                "estack": "AssertionError: Timed out retrying after 10000ms: Expected to find element: `.xoo-el-notice .xoo-el-notice-error`, but never found it.\n    at Context.eval (webpack://testda/./cypress/support/commands.js:62:5)\n    at wrapped (https://planshop.local/__cypress/runner/cypress_runner.js:141524:43)",
                "diff": null
              },
              "uuid": "3aa2ad29-9977-4ca2-836e-84647feb81f5",
              "parentUUID": "8c6e107e-463a-476b-b89d-12c865cc422b",
              "isHook": false,
              "skipped": false
            },
            {
              "title": "PS_019: Kiểm tra chỉ nhập Username, không nhập Password",
              "fullTitle": "Login Functionality Tests PS_019: Kiểm tra chỉ nhập Username, không nhập Password",
              "timedOut": null,
              "duration": 3970,
              "state": "passed",
              "speed": "fast",
              "pass": true,
              "fail": false,
              "pending": false,
              "context": "{\n  \"title\": \"cypress-mochawesome-reporter-videos-passed\",\n  \"value\": \"cypress\\\\e2e\\\\auth\\\\login.cy.js\"\n}",
              "code": "cy.fixture('users').then(users => {\n  loginPage.login(users.validCustomer.email, '');\n  loginPage.checkInvalidFieldPassword('Please fill out this field.');\n});",
              "err": {},
              "uuid": "49922c5f-fba1-4343-99ec-9abf6a5dd8ed",
              "parentUUID": "8c6e107e-463a-476b-b89d-12c865cc422b",
              "isHook": false,
              "skipped": false
            },
            {
              "title": "PS_020: Kiểm tra chỉ nhập Password, không nhập Username",
              "fullTitle": "Login Functionality Tests PS_020: Kiểm tra chỉ nhập Password, không nhập Username",
              "timedOut": null,
              "duration": 3740,
              "state": "passed",
              "speed": "fast",
              "pass": true,
              "fail": false,
              "pending": false,
              "context": "{\n  \"title\": \"cypress-mochawesome-reporter-videos-passed\",\n  \"value\": \"cypress\\\\e2e\\\\auth\\\\login.cy.js\"\n}",
              "code": "cy.fixture('users').then(users => {\n  loginPage.login('', users.validCustomer.password);\n  loginPage.checkInvalidFieldUsername('Please fill out this field.');\n});",
              "err": {},
              "uuid": "60750d6e-1b97-4cf7-bf2c-114aea9eb879",
              "parentUUID": "8c6e107e-463a-476b-b89d-12c865cc422b",
              "isHook": false,
              "skipped": false
            },
            {
              "title": "PS_021: Kiểm tra nhập username hợp lệ nhưng sai mật khẩu",
              "fullTitle": "Login Functionality Tests PS_021: Kiểm tra nhập username hợp lệ nhưng sai mật khẩu",
              "timedOut": null,
              "duration": 8899,
              "state": "failed",
              "speed": null,
              "pass": false,
              "fail": true,
              "pending": false,
              "context": "[\n  {\n    \"title\": \"cypress-mochawesome-reporter-videos-failed\",\n    \"value\": \"cypress\\\\e2e\\\\auth\\\\login.cy.js\"\n  },\n  {\n    \"title\": \"cypress-mochawesome-reporter-screenshots\",\n    \"value\": [\n      [\n        \"\\\\auth\\\\login.cy.js\\\\Login Functionality Tests -- PS_021 Kiểm tra nhập username hợp lệ nhưng sai mật khẩu (failed).png\"\n      ],\n      [\n        \"\\\\auth\\\\login.cy.js\\\\Login Functionality Tests -- PS_021 Kiểm tra nhập username hợp lệ nhưng sai mật khẩu (failed) (attempt 2).png\"\n      ],\n      [\n        \"\\\\auth\\\\login.cy.js\\\\Login Functionality Tests -- PS_021 Kiểm tra nhập username hợp lệ nhưng sai mật khẩu (failed) (attempt 3).png\"\n      ]\n    ]\n  }\n]",
              "code": "cy.fixture('users').then(users => {\n  loginPage.login(users.invalidPassword.email, users.invalidPassword.password);\n  loginPage.checkNoticeError('Mật khẩu không đúng');\n});",
              "err": {
                "message": "AssertionError: expected 'Email hoặc tên người dùng không đúng. Quên mật khẩu?' to include 'Mật khẩu không đúng'",
                "estack": "AssertionError: expected 'Email hoặc tên người dùng không đúng. Quên mật khẩu?' to include 'Mật khẩu không đúng'\n    at Context.eval (webpack://testda/./cypress/support/commands.js:74:34)\n    at getRet (https://planshop.local/__cypress/runner/cypress_runner.js:120949:20)\n    at tryCatcher (https://planshop.local/__cypress/runner/cypress_runner.js:1777:23)\n    at Promise.attempt.Promise.try (https://planshop.local/__cypress/runner/cypress_runner.js:4285:29)\n    at Context.thenFn (https://planshop.local/__cypress/runner/cypress_runner.js:120960:66)\n    at Context.then (https://planshop.local/__cypress/runner/cypress_runner.js:121211:21)",
                "diff": null
              },
              "uuid": "2b0921d9-a040-439b-af82-f09a5aec5ea6",
              "parentUUID": "8c6e107e-463a-476b-b89d-12c865cc422b",
              "isHook": false,
              "skipped": false
            },
            {
              "title": "PS_022: Kiểm tra nhập đúng username/email và password",
              "fullTitle": "Login Functionality Tests PS_022: Kiểm tra nhập đúng username/email và password",
              "timedOut": null,
              "duration": 11555,
              "state": "passed",
              "speed": "slow",
              "pass": true,
              "fail": false,
              "pending": false,
              "context": "{\n  \"title\": \"cypress-mochawesome-reporter-videos-passed\",\n  \"value\": \"cypress\\\\e2e\\\\auth\\\\login.cy.js\"\n}",
              "code": "cy.fixture('users').then(users => {\n  loginPage.login(users.validCustomer.email, users.validCustomer.password);\n  loginPage.checkLoginIntegration('customer');\n});",
              "err": {},
              "uuid": "19fe44c1-0afa-4e81-a0e1-93afb8bf3700",
              "parentUUID": "8c6e107e-463a-476b-b89d-12c865cc422b",
              "isHook": false,
              "skipped": false
            },
            {
              "title": "PS_023: Kiểm tra tích chọn Remember me",
              "fullTitle": "Login Functionality Tests PS_023: Kiểm tra tích chọn Remember me",
              "timedOut": null,
              "duration": 17268,
              "state": "failed",
              "speed": null,
              "pass": false,
              "fail": true,
              "pending": false,
              "context": "[\n  {\n    \"title\": \"cypress-mochawesome-reporter-videos-failed\",\n    \"value\": \"cypress\\\\e2e\\\\auth\\\\login.cy.js\"\n  },\n  {\n    \"title\": \"cypress-mochawesome-reporter-screenshots\",\n    \"value\": [\n      [\n        \"\\\\auth\\\\login.cy.js\\\\Login Functionality Tests -- PS_023 Kiểm tra tích chọn Remember me (failed).png\"\n      ],\n      [\n        \"\\\\auth\\\\login.cy.js\\\\Login Functionality Tests -- PS_023 Kiểm tra tích chọn Remember me (failed) (attempt 2).png\"\n      ],\n      [\n        \"\\\\auth\\\\login.cy.js\\\\Login Functionality Tests -- PS_023 Kiểm tra tích chọn Remember me (failed) (attempt 3).png\"\n      ]\n    ]\n  }\n]",
              "code": "cy.fixture('users').then(users => {\n  loginPage.checkRememberMe();\n  loginPage.login(users.validCustomer.email, users.validCustomer.password);\n  cy.closePopup();\n  cy.visitPage();\n  loginPage.clickLoginMenu();\n  cy.get(USERNAME_TXT_BX_SEL).should('have.value', users.validCustomer.email);\n});",
              "err": {
                "message": "AssertionError: Timed out retrying after 6000ms: expected '<input.xoo-aff-required.xoo-aff-text>' to have value 'vietvu0820@gmail.com', but the value was ''",
                "estack": "AssertionError: Timed out retrying after 6000ms: expected '<input.xoo-aff-required.xoo-aff-text>' to have value 'vietvu0820@gmail.com', but the value was ''\n    at Context.eval (webpack://testda/./cypress/e2e/auth/login.cy.js:146:34)\n    at getRet (https://planshop.local/__cypress/runner/cypress_runner.js:120949:20)\n    at tryCatcher (https://planshop.local/__cypress/runner/cypress_runner.js:1777:23)\n    at Promise.attempt.Promise.try (https://planshop.local/__cypress/runner/cypress_runner.js:4285:29)\n    at Context.thenFn (https://planshop.local/__cypress/runner/cypress_runner.js:120960:66)\n    at Context.then (https://planshop.local/__cypress/runner/cypress_runner.js:121211:21)\n    at wrapped (https://planshop.local/__cypress/runner/cypress_runner.js:141532:19)",
                "diff": "+ 'vietvu0820@gmail.com'\n"
              },
              "uuid": "8bf06412-d98e-410a-8439-ef98d2c762f6",
              "parentUUID": "8c6e107e-463a-476b-b89d-12c865cc422b",
              "isHook": false,
              "skipped": false
            },
            {
              "title": "PS_024: Kiểm tra không tích chọn Remember me",
              "fullTitle": "Login Functionality Tests PS_024: Kiểm tra không tích chọn Remember me",
              "timedOut": null,
              "duration": 9626,
              "state": "passed",
              "speed": "medium",
              "pass": true,
              "fail": false,
              "pending": false,
              "context": "{\n  \"title\": \"cypress-mochawesome-reporter-videos-passed\",\n  \"value\": \"cypress\\\\e2e\\\\auth\\\\login.cy.js\"\n}",
              "code": "cy.fixture('users').then(users => {\n  loginPage.checkNoRememberMe();\n  loginPage.login(users.validCustomer.email, users.validCustomer.password);\n  cy.closePopup();\n  cy.visitPage();\n  loginPage.clickLoginMenu();\n  cy.get(USERNAME_TXT_BX_SEL).should('have.value', '');\n});",
              "err": {},
              "uuid": "da8c2fab-df9a-4710-a94b-641179248898",
              "parentUUID": "8c6e107e-463a-476b-b89d-12c865cc422b",
              "isHook": false,
              "skipped": false
            },
            {
              "title": "PS_025: Kiểm tra click \"Forgot Password\"",
              "fullTitle": "Login Functionality Tests PS_025: Kiểm tra click \"Forgot Password\"",
              "timedOut": null,
              "duration": 4203,
              "state": "passed",
              "speed": "fast",
              "pass": true,
              "fail": false,
              "pending": false,
              "context": "{\n  \"title\": \"cypress-mochawesome-reporter-videos-passed\",\n  \"value\": \"cypress\\\\e2e\\\\auth\\\\login.cy.js\"\n}",
              "code": "loginPage.clickForgotPassword();\nloginPage.checkForgotPasswordPage();",
              "err": {},
              "uuid": "502e69e3-9328-4e43-8c24-7715a3019af5",
              "parentUUID": "8c6e107e-463a-476b-b89d-12c865cc422b",
              "isHook": false,
              "skipped": false
            }
          ],
          "suites": [],
          "passes": [
            "d7303348-4da6-4326-96dd-cb97d7815906",
            "121cd2fb-7ef4-4001-a1d8-298a19a7e72b",
            "d7404b4d-be67-42d3-82d9-d835cecd1370",
            "240e946c-211f-4834-8d4d-032c18a7ff09",
            "e200147d-8a9d-4d0e-9fe7-e2fed067b23a",
            "6874a447-a459-42c1-826d-8d1d35c75d8b",
            "230abc9b-16c7-4fb7-83b5-30b6534508cc",
            "e1b109fe-4fa2-457c-a104-0d07658bc799",
            "7ed79d4d-63aa-4907-9910-00790b8d5b05",
            "88a06c06-6ff5-4ae2-9ddf-efb995da020a",
            "5eeefdef-22c4-4016-8f8c-74814e4203b9",
            "3ae18a3e-8953-4198-b375-b0d08094541c",
            "c3890bc5-fe67-472e-856a-a43a71fa9155",
            "49922c5f-fba1-4343-99ec-9abf6a5dd8ed",
            "60750d6e-1b97-4cf7-bf2c-114aea9eb879",
            "19fe44c1-0afa-4e81-a0e1-93afb8bf3700",
            "da8c2fab-df9a-4710-a94b-641179248898",
            "502e69e3-9328-4e43-8c24-7715a3019af5"
          ],
          "failures": [
            "908756f9-c664-41c4-ab4e-422006bdda54",
            "e11a95d8-682a-4027-b871-5fea07f4c82e",
            "32101cce-d8c0-4d66-9450-30ab910234ee",
            "a590e048-2b88-4d66-87cb-fdbc036d8652",
            "3aa2ad29-9977-4ca2-836e-84647feb81f5",
            "2b0921d9-a040-439b-af82-f09a5aec5ea6",
            "8bf06412-d98e-410a-8439-ef98d2c762f6"
          ],
          "pending": [],
          "skipped": [],
          "duration": 186611,
          "root": false,
          "rootEmpty": false,
          "_timeout": 2000
        }
      ],
      "passes": [],
      "failures": [],
      "pending": [],
      "skipped": [],
      "duration": 0,
      "root": true,
      "rootEmpty": true,
      "_timeout": 2000
    }
  ],
  "meta": {
    "mocha": {
      "version": "7.2.0"
    },
    "mochawesome": {
      "options": {
        "quiet": false,
        "reportFilename": "mochawesome",
        "saveHtml": false,
        "saveJson": true,
        "consoleReporter": "spec",
        "useInlineDiffs": false,
        "code": true
      },
      "version": "7.1.3"
    },
    "marge": {
      "options": {
        "reportDir": "cypress\\reports\\.jsons",
        "overwrite": false,
        "html": false,
        "json": true,
        "timestamp": "mmddyyyy_HHMMss",
        "reportTitle": "PlanShop E2E Test Results",
        "reportPageTitle": "Cypress Test Report",
        "embeddedScreenshots": true,
        "inlineAssets": true,
        "saveAllAttempts": false
      },
      "version": "6.2.0"
    }
  }
}