{
  "stats": {
    "suites": 1,
    "tests": 25,
    "passes": 18,
    "pending": 0,
    "failures": 7,
    "start": "2025-09-24T18:26:35.821Z",
    "end": "2025-09-24T18:33:09.780Z",
    "duration": 393959,
    "testsRegistered": 25,
    "passPercent": 72,
    "pendingPercent": 0,
    "other": 0,
    "hasOther": false,
    "skipped": 0,
    "hasSkipped": false
  },
  "results": [
    {
      "uuid": "b3a14ba3-f7cb-40c0-9328-2624632e898d",
      "title": "",
      "fullFile": "cypress\\e2e\\auth\\login.cy.js",
      "file": "cypress\\e2e\\auth\\login.cy.js",
      "beforeHooks": [],
      "afterHooks": [],
      "tests": [],
      "suites": [
        {
          "uuid": "2278f628-0b7e-460e-9fe0-2b34fac8d004",
          "title": "Login Functionality Tests",
          "fullFile": "",
          "file": "",
          "beforeHooks": [],
          "afterHooks": [],
          "tests": [
            {
              "title": "PS_001: Kiểm tra hiển thị màn Đăng nhập",
              "fullTitle": "Login Functionality Tests PS_001: Kiểm tra hiển thị màn Đăng nhập",
              "timedOut": null,
              "duration": 4339,
              "state": "passed",
              "speed": "fast",
              "pass": true,
              "fail": false,
              "pending": false,
              "context": "{\n  \"title\": \"cypress-mochawesome-reporter-videos-passed\",\n  \"value\": \"cypress\\\\e2e\\\\auth\\\\login.cy.js\"\n}",
              "code": "loginPage.checkLoginPopup();",
              "err": {},
              "uuid": "eb3b9874-8456-43f2-af28-26f327d520ab",
              "parentUUID": "2278f628-0b7e-460e-9fe0-2b34fac8d004",
              "isHook": false,
              "skipped": false
            },
            {
              "title": "PS_002: Kiểm tra trạng thái menu",
              "fullTitle": "Login Functionality Tests PS_002: Kiểm tra trạng thái menu",
              "timedOut": null,
              "duration": 9987,
              "state": "failed",
              "speed": null,
              "pass": false,
              "fail": true,
              "pending": false,
              "context": "[\n  {\n    \"title\": \"cypress-mochawesome-reporter-videos-failed\",\n    \"value\": \"cypress\\\\e2e\\\\auth\\\\login.cy.js\"\n  },\n  {\n    \"title\": \"cypress-mochawesome-reporter-screenshots\",\n    \"value\": [\n      [\n        \"\\\\auth\\\\login.cy.js\\\\Login Functionality Tests -- PS_002 Kiểm tra trạng thái menu (failed).png\"\n      ],\n      [\n        \"\\\\auth\\\\login.cy.js\\\\Login Functionality Tests -- PS_002 Kiểm tra trạng thái menu (failed) (attempt 2).png\"\n      ],\n      [\n        \"\\\\auth\\\\login.cy.js\\\\Login Functionality Tests -- PS_002 Kiểm tra trạng thái menu (failed) (attempt 3).png\"\n      ]\n    ]\n  }\n]",
              "code": "loginPage.checkMenuHighlight();",
              "err": {
                "message": "AssertionError: Timed out retrying after 6000ms: expected '<li#menu-item-1194.xoo-el-login-tgr.menu-item.menu-item-type-custom.menu-item-object-custom.menu-item-1194>' to have class 'current-menu-item'",
                "estack": "AssertionError: Timed out retrying after 6000ms: expected '<li#menu-item-1194.xoo-el-login-tgr.menu-item.menu-item-type-custom.menu-item-object-custom.menu-item-1194>' to have class 'current-menu-item'\n    at LoginPage.checkMenuHighlight (webpack://testda/./cypress/pageObjects/LoginPage.js:37:37)\n    at Context.eval (webpack://testda/./cypress/e2e/auth/login.cy.js:21:14)",
                "diff": null
              },
              "uuid": "1b2d6ae6-22cd-418c-86b8-e144350d266d",
              "parentUUID": "2278f628-0b7e-460e-9fe0-2b34fac8d004",
              "isHook": false,
              "skipped": false
            },
            {
              "title": "PS_003: Đăng nhập với user là khách hàng (đã có tài khoản)",
              "fullTitle": "Login Functionality Tests PS_003: Đăng nhập với user là khách hàng (đã có tài khoản)",
              "timedOut": null,
              "duration": 12584,
              "state": "passed",
              "speed": "slow",
              "pass": true,
              "fail": false,
              "pending": false,
              "context": "{\n  \"title\": \"cypress-mochawesome-reporter-videos-passed\",\n  \"value\": \"cypress\\\\e2e\\\\auth\\\\login.cy.js\"\n}",
              "code": "cy.fixture('users').then(users => {\n  loginPage.login(users.validCustomer.email, users.validCustomer.password);\n  loginPage.checkLoginIntegration('customer');\n});",
              "err": {},
              "uuid": "ad68ef8d-e424-473d-b684-5187352a3a04",
              "parentUUID": "2278f628-0b7e-460e-9fe0-2b34fac8d004",
              "isHook": false,
              "skipped": false
            },
            {
              "title": "PS_004: Đăng nhập với user là admin",
              "fullTitle": "Login Functionality Tests PS_004: Đăng nhập với user là admin",
              "timedOut": null,
              "duration": 15486,
              "state": "passed",
              "speed": "slow",
              "pass": true,
              "fail": false,
              "pending": false,
              "context": "{\n  \"title\": \"cypress-mochawesome-reporter-videos-passed\",\n  \"value\": \"cypress\\\\e2e\\\\auth\\\\login.cy.js\"\n}",
              "code": "cy.fixture('users').then(users => {\n  loginPage.login(users.validAdmin.email, users.validAdmin.password);\n  loginPage.checkLoginIntegration('admin');\n  loginPage.verifyAdminToolbar();\n  accountMenu.verifyUsernameMenu();\n  loginPage.verifyAdminCanAccessProductEdit();\n});",
              "err": {},
              "uuid": "92c4e1ce-99cc-4226-984d-cd82688488b7",
              "parentUUID": "2278f628-0b7e-460e-9fe0-2b34fac8d004",
              "isHook": false,
              "skipped": false
            },
            {
              "title": "PS_005: Kiểm tra giao diện bố cục",
              "fullTitle": "Login Functionality Tests PS_005: Kiểm tra giao diện bố cục",
              "timedOut": null,
              "duration": 4583,
              "state": "passed",
              "speed": "fast",
              "pass": true,
              "fail": false,
              "pending": false,
              "context": "{\n  \"title\": \"cypress-mochawesome-reporter-videos-passed\",\n  \"value\": \"cypress\\\\e2e\\\\auth\\\\login.cy.js\"\n}",
              "code": "loginPage.checkLoginLayout();",
              "err": {},
              "uuid": "bb7ceae0-3748-4154-aea7-65bd86b6f317",
              "parentUUID": "2278f628-0b7e-460e-9fe0-2b34fac8d004",
              "isHook": false,
              "skipped": false
            },
            {
              "title": "PS_006: Kiểm tra enable button \"Đăng nhập\"",
              "fullTitle": "Login Functionality Tests PS_006: Kiểm tra enable button \"Đăng nhập\"",
              "timedOut": null,
              "duration": 10027,
              "state": "failed",
              "speed": null,
              "pass": false,
              "fail": true,
              "pending": false,
              "context": "[\n  {\n    \"title\": \"cypress-mochawesome-reporter-videos-failed\",\n    \"value\": \"cypress\\\\e2e\\\\auth\\\\login.cy.js\"\n  },\n  {\n    \"title\": \"cypress-mochawesome-reporter-screenshots\",\n    \"value\": [\n      [\n        \"\\\\auth\\\\login.cy.js\\\\Login Functionality Tests -- PS_006 Kiểm tra enable button Đăng nhập (failed).png\"\n      ],\n      [\n        \"\\\\auth\\\\login.cy.js\\\\Login Functionality Tests -- PS_006 Kiểm tra enable button Đăng nhập (failed) (attempt 2).png\"\n      ],\n      [\n        \"\\\\auth\\\\login.cy.js\\\\Login Functionality Tests -- PS_006 Kiểm tra enable button Đăng nhập (failed) (attempt 3).png\"\n      ]\n    ]\n  }\n]",
              "code": "loginPage.hoverLoginButton();",
              "err": {
                "message": "AssertionError: Timed out retrying after 6000ms: expected '<button.button.btn.xoo-el-action-btn.xoo-el-login-btn>' to have CSS property 'background-color' with the value 'rgb(0, 0, 0)', but the value was 'rgb(55, 146, 55)'",
                "estack": "AssertionError: Timed out retrying after 6000ms: expected '<button.button.btn.xoo-el-action-btn.xoo-el-login-btn>' to have CSS property 'background-color' with the value 'rgb(0, 0, 0)', but the value was 'rgb(55, 146, 55)'\n    at LoginPage.hoverLoginButton (webpack://testda/./cypress/pageObjects/LoginPage.js:93:37)\n    at Context.eval (webpack://testda/./cypress/e2e/auth/login.cy.js:46:14)",
                "diff": "- 'rgb(55, 146, 55)'\n+ 'rgb(0, 0, 0)'\n"
              },
              "uuid": "27ba254c-9f3b-4325-9e48-6fb05f6c23d8",
              "parentUUID": "2278f628-0b7e-460e-9fe0-2b34fac8d004",
              "isHook": false,
              "skipped": false
            },
            {
              "title": "PS_007: Kiểm tra enable button \"Quên mật khẩu?\"",
              "fullTitle": "Login Functionality Tests PS_007: Kiểm tra enable button \"Quên mật khẩu?\"",
              "timedOut": null,
              "duration": 10198,
              "state": "failed",
              "speed": null,
              "pass": false,
              "fail": true,
              "pending": false,
              "context": "[\n  {\n    \"title\": \"cypress-mochawesome-reporter-videos-failed\",\n    \"value\": \"cypress\\\\e2e\\\\auth\\\\login.cy.js\"\n  },\n  {\n    \"title\": \"cypress-mochawesome-reporter-screenshots\",\n    \"value\": [\n      [\n        \"\\\\auth\\\\login.cy.js\\\\Login Functionality Tests -- PS_007 Kiểm tra enable button Quên mật khẩu (failed).png\"\n      ],\n      [\n        \"\\\\auth\\\\login.cy.js\\\\Login Functionality Tests -- PS_007 Kiểm tra enable button Quên mật khẩu (failed) (attempt 2).png\"\n      ],\n      [\n        \"\\\\auth\\\\login.cy.js\\\\Login Functionality Tests -- PS_007 Kiểm tra enable button Quên mật khẩu (failed) (attempt 3).png\"\n      ]\n    ]\n  }\n]",
              "code": "loginPage.hoverForgotPassword();",
              "err": {
                "message": "AssertionError: Timed out retrying after 6000ms: expected '[ <a.xoo-el-lostpw-tgr>, 1 more... ]' to have CSS property 'color' with the value 'rgb(55,146,55', but the value was 'rgb(0, 0, 0)'",
                "estack": "AssertionError: Timed out retrying after 6000ms: expected '[ <a.xoo-el-lostpw-tgr>, 1 more... ]' to have CSS property 'color' with the value 'rgb(55,146,55', but the value was 'rgb(0, 0, 0)'\n    at LoginPage.hoverForgotPassword (webpack://testda/./cypress/pageObjects/LoginPage.js:99:44)\n    at Context.eval (webpack://testda/./cypress/e2e/auth/login.cy.js:50:14)",
                "diff": "- 'rgb(0, 0, 0)'\n+ 'rgb(55,146,55'\n"
              },
              "uuid": "84e513a7-d480-4c27-a734-99e68daf0c44",
              "parentUUID": "2278f628-0b7e-460e-9fe0-2b34fac8d004",
              "isHook": false,
              "skipped": false
            },
            {
              "title": "PS_008: Kiểm tra hiển thị giá trị mặc định (trường Username)",
              "fullTitle": "Login Functionality Tests PS_008: Kiểm tra hiển thị giá trị mặc định (trường Username)",
              "timedOut": null,
              "duration": 5735,
              "state": "passed",
              "speed": "medium",
              "pass": true,
              "fail": false,
              "pending": false,
              "context": "{\n  \"title\": \"cypress-mochawesome-reporter-videos-passed\",\n  \"value\": \"cypress\\\\e2e\\\\auth\\\\login.cy.js\"\n}",
              "code": "loginPage.checkUsernameDefault();",
              "err": {},
              "uuid": "30c99924-3a08-468b-96da-3782114450a7",
              "parentUUID": "2278f628-0b7e-460e-9fe0-2b34fac8d004",
              "isHook": false,
              "skipped": false
            },
            {
              "title": "PS_009: Kiểm tra trường Username là bắt buộc",
              "fullTitle": "Login Functionality Tests PS_009: Kiểm tra trường Username là bắt buộc",
              "timedOut": null,
              "duration": 6267,
              "state": "passed",
              "speed": "medium",
              "pass": true,
              "fail": false,
              "pending": false,
              "context": "{\n  \"title\": \"cypress-mochawesome-reporter-videos-passed\",\n  \"value\": \"cypress\\\\e2e\\\\auth\\\\login.cy.js\"\n}",
              "code": "loginPage.login('', '');\nloginPage.checkInvalidFieldUsername('Please fill out this field.');",
              "err": {},
              "uuid": "cf43393d-09b6-4db4-bc49-4a94d6a2b722",
              "parentUUID": "2278f628-0b7e-460e-9fe0-2b34fac8d004",
              "isHook": false,
              "skipped": false
            },
            {
              "title": "PS_010: Kiểm tra khi nhập các ký tự đặc biệt (trường Username)",
              "fullTitle": "Login Functionality Tests PS_010: Kiểm tra khi nhập các ký tự đặc biệt (trường Username)",
              "timedOut": null,
              "duration": 7669,
              "state": "passed",
              "speed": "medium",
              "pass": true,
              "fail": false,
              "pending": false,
              "context": "{\n  \"title\": \"cypress-mochawesome-reporter-videos-passed\",\n  \"value\": \"cypress\\\\e2e\\\\auth\\\\login.cy.js\"\n}",
              "code": "cy.fixture('users').then(users => {\n  loginPage.login(users.specialCharUser.email, users.specialCharUser.password);\n  loginPage.checkNoticeError('Email hoặc tên người dùng không đúng. Quên mật khẩu');\n});",
              "err": {},
              "uuid": "8f0e1577-c2b6-4d7a-84f3-b2e19a507803",
              "parentUUID": "2278f628-0b7e-460e-9fe0-2b34fac8d004",
              "isHook": false,
              "skipped": false
            },
            {
              "title": "PS_011: Kiểm tra khi nhập các thẻ HTML (trường Username)",
              "fullTitle": "Login Functionality Tests PS_011: Kiểm tra khi nhập các thẻ HTML (trường Username)",
              "timedOut": null,
              "duration": 7618,
              "state": "passed",
              "speed": "medium",
              "pass": true,
              "fail": false,
              "pending": false,
              "context": "{\n  \"title\": \"cypress-mochawesome-reporter-videos-passed\",\n  \"value\": \"cypress\\\\e2e\\\\auth\\\\login.cy.js\"\n}",
              "code": "cy.fixture('users').then(users => {\n  loginPage.login(users.htmlTagUser.email, users.htmlTagUser.password);\n  loginPage.checkNoticeError('Email hoặc tên người dùng không đúng. Quên mật khẩu');\n});",
              "err": {},
              "uuid": "054f9990-6320-478c-a07b-eb7dde74fadf",
              "parentUUID": "2278f628-0b7e-460e-9fe0-2b34fac8d004",
              "isHook": false,
              "skipped": false
            },
            {
              "title": "PS_012: Kiểm tra paste nội dung vào trường Username",
              "fullTitle": "Login Functionality Tests PS_012: Kiểm tra paste nội dung vào trường Username",
              "timedOut": null,
              "duration": 5359,
              "state": "passed",
              "speed": "medium",
              "pass": true,
              "fail": false,
              "pending": false,
              "context": "{\n  \"title\": \"cypress-mochawesome-reporter-videos-passed\",\n  \"value\": \"cypress\\\\e2e\\\\auth\\\\login.cy.js\"\n}",
              "code": "loginPage.pasteIntoFieldUsername('test@example.com');",
              "err": {},
              "uuid": "9a7d7eae-9702-45be-a9b6-bcf4d9114137",
              "parentUUID": "2278f628-0b7e-460e-9fe0-2b34fac8d004",
              "isHook": false,
              "skipped": false
            },
            {
              "title": "PS_013: Kiểm tra hiển thị giá trị mặc định (trường Password)",
              "fullTitle": "Login Functionality Tests PS_013: Kiểm tra hiển thị giá trị mặc định (trường Password)",
              "timedOut": null,
              "duration": 4817,
              "state": "passed",
              "speed": "fast",
              "pass": true,
              "fail": false,
              "pending": false,
              "context": "{\n  \"title\": \"cypress-mochawesome-reporter-videos-passed\",\n  \"value\": \"cypress\\\\e2e\\\\auth\\\\login.cy.js\"\n}",
              "code": "loginPage.checkPasswordDefault();",
              "err": {},
              "uuid": "e83127b3-0fa0-41e3-b9c3-64d4ee6682d4",
              "parentUUID": "2278f628-0b7e-460e-9fe0-2b34fac8d004",
              "isHook": false,
              "skipped": false
            },
            {
              "title": "PS_014: Kiểm tra trường Password là bắt buộc",
              "fullTitle": "Login Functionality Tests PS_014: Kiểm tra trường Password là bắt buộc",
              "timedOut": null,
              "duration": 12159,
              "state": "failed",
              "speed": null,
              "pass": false,
              "fail": true,
              "pending": false,
              "context": "[\n  {\n    \"title\": \"cypress-mochawesome-reporter-videos-failed\",\n    \"value\": \"cypress\\\\e2e\\\\auth\\\\login.cy.js\"\n  },\n  {\n    \"title\": \"cypress-mochawesome-reporter-screenshots\",\n    \"value\": [\n      [\n        \"\\\\auth\\\\login.cy.js\\\\Login Functionality Tests -- PS_014 Kiểm tra trường Password là bắt buộc (failed).png\"\n      ],\n      [\n        \"\\\\auth\\\\login.cy.js\\\\Login Functionality Tests -- PS_014 Kiểm tra trường Password là bắt buộc (failed) (attempt 2).png\"\n      ],\n      [\n        \"\\\\auth\\\\login.cy.js\\\\Login Functionality Tests -- PS_014 Kiểm tra trường Password là bắt buộc (failed) (attempt 3).png\"\n      ]\n    ]\n  }\n]",
              "code": "cy.fixture('users').then(users => {\n  loginPage.login('', '');\n  loginPage.checkInvalidFieldPassword('Please fill out this field.');\n});",
              "err": {
                "message": "AssertionError: Timed out retrying after 6000ms: expected '<input.xoo-aff-required.xoo-aff-password>' to be 'focused'",
                "estack": "AssertionError: Timed out retrying after 6000ms: expected '<input.xoo-aff-required.xoo-aff-password>' to be 'focused'\n    at Context.eval (webpack://testda/./cypress/support/commands.js:55:7)\n    at getRet (http://planshop.local/__cypress/runner/cypress_runner.js:120949:20)\n    at tryCatcher (http://planshop.local/__cypress/runner/cypress_runner.js:1777:23)\n    at Promise.attempt.Promise.try (http://planshop.local/__cypress/runner/cypress_runner.js:4285:29)\n    at Context.thenFn (http://planshop.local/__cypress/runner/cypress_runner.js:120960:66)\n    at Context.then (http://planshop.local/__cypress/runner/cypress_runner.js:121211:21)\n    at wrapped (http://planshop.local/__cypress/runner/cypress_runner.js:141532:19)",
                "diff": null
              },
              "uuid": "27f6c360-7ef2-4699-b93a-2a312b589d88",
              "parentUUID": "2278f628-0b7e-460e-9fe0-2b34fac8d004",
              "isHook": false,
              "skipped": false
            },
            {
              "title": "PS_015: Kiểm tra mã hóa mật khẩu",
              "fullTitle": "Login Functionality Tests PS_015: Kiểm tra mã hóa mật khẩu",
              "timedOut": null,
              "duration": 4286,
              "state": "passed",
              "speed": "fast",
              "pass": true,
              "fail": false,
              "pending": false,
              "context": "{\n  \"title\": \"cypress-mochawesome-reporter-videos-passed\",\n  \"value\": \"cypress\\\\e2e\\\\auth\\\\login.cy.js\"\n}",
              "code": "loginPage.checkPasswordMasked();",
              "err": {},
              "uuid": "b1dd16fa-43a3-4251-92de-7928f4120169",
              "parentUUID": "2278f628-0b7e-460e-9fe0-2b34fac8d004",
              "isHook": false,
              "skipped": false
            },
            {
              "title": "PS_016: Kiểm tra click vào icon mắt",
              "fullTitle": "Login Functionality Tests PS_016: Kiểm tra click vào icon mắt",
              "timedOut": null,
              "duration": 6211,
              "state": "passed",
              "speed": "medium",
              "pass": true,
              "fail": false,
              "pending": false,
              "context": "{\n  \"title\": \"cypress-mochawesome-reporter-videos-passed\",\n  \"value\": \"cypress\\\\e2e\\\\auth\\\\login.cy.js\"\n}",
              "code": "loginPage.togglePasswordVisibility();",
              "err": {},
              "uuid": "c9c10def-6a5e-4600-bb9b-46c48f83f69c",
              "parentUUID": "2278f628-0b7e-460e-9fe0-2b34fac8d004",
              "isHook": false,
              "skipped": false
            },
            {
              "title": "PS_017: Kiểm tra paste nội dung vào Password",
              "fullTitle": "Login Functionality Tests PS_017: Kiểm tra paste nội dung vào Password",
              "timedOut": null,
              "duration": 4197,
              "state": "passed",
              "speed": "fast",
              "pass": true,
              "fail": false,
              "pending": false,
              "context": "{\n  \"title\": \"cypress-mochawesome-reporter-videos-passed\",\n  \"value\": \"cypress\\\\e2e\\\\auth\\\\login.cy.js\"\n}",
              "code": "loginPage.pasteIntoFieldPassword('password123');\nloginPage.checkPasswordMasked();",
              "err": {},
              "uuid": "7833abb6-5d18-44a1-8342-36c2340e0850",
              "parentUUID": "2278f628-0b7e-460e-9fe0-2b34fac8d004",
              "isHook": false,
              "skipped": false
            },
            {
              "title": "PS_018: Kiểm tra để trống Username và Password",
              "fullTitle": "Login Functionality Tests PS_018: Kiểm tra để trống Username và Password",
              "timedOut": null,
              "duration": 15949,
              "state": "failed",
              "speed": null,
              "pass": false,
              "fail": true,
              "pending": false,
              "context": "[\n  {\n    \"title\": \"cypress-mochawesome-reporter-videos-failed\",\n    \"value\": \"cypress\\\\e2e\\\\auth\\\\login.cy.js\"\n  },\n  {\n    \"title\": \"cypress-mochawesome-reporter-screenshots\",\n    \"value\": [\n      [\n        \"\\\\auth\\\\login.cy.js\\\\Login Functionality Tests -- PS_018 Kiểm tra để trống Username và Password (failed).png\"\n      ],\n      [\n        \"\\\\auth\\\\login.cy.js\\\\Login Functionality Tests -- PS_018 Kiểm tra để trống Username và Password (failed) (attempt 2).png\"\n      ],\n      [\n        \"\\\\auth\\\\login.cy.js\\\\Login Functionality Tests -- PS_018 Kiểm tra để trống Username và Password (failed) (attempt 3).png\"\n      ]\n    ]\n  }\n]",
              "code": "cy.fixture('users').then(users => {\n  loginPage.login(users.emptyUser.email, users.emptyUser.password);\n  loginPage.checkNoticeError('Nhập thông tin trước khi đăng nhập');\n});",
              "err": {
                "message": "AssertionError: Timed out retrying after 10000ms: Expected to find element: `.xoo-el-notice .xoo-el-notice-error`, but never found it.",
                "estack": "AssertionError: Timed out retrying after 10000ms: Expected to find element: `.xoo-el-notice .xoo-el-notice-error`, but never found it.\n    at Context.eval (webpack://testda/./cypress/support/commands.js:62:5)\n    at wrapped (http://planshop.local/__cypress/runner/cypress_runner.js:141524:43)",
                "diff": null
              },
              "uuid": "bbbedbda-c765-49b7-8bfc-7d8901b802c7",
              "parentUUID": "2278f628-0b7e-460e-9fe0-2b34fac8d004",
              "isHook": false,
              "skipped": false
            },
            {
              "title": "PS_019: Kiểm tra chỉ nhập Username, không nhập Password",
              "fullTitle": "Login Functionality Tests PS_019: Kiểm tra chỉ nhập Username, không nhập Password",
              "timedOut": null,
              "duration": 5423,
              "state": "passed",
              "speed": "medium",
              "pass": true,
              "fail": false,
              "pending": false,
              "context": "{\n  \"title\": \"cypress-mochawesome-reporter-videos-passed\",\n  \"value\": \"cypress\\\\e2e\\\\auth\\\\login.cy.js\"\n}",
              "code": "cy.fixture('users').then(users => {\n  loginPage.login(users.validCustomer.email, '');\n  loginPage.checkInvalidFieldPassword('Please fill out this field.');\n});",
              "err": {},
              "uuid": "087e38f7-79d8-494c-bb67-1cb8c9efd41d",
              "parentUUID": "2278f628-0b7e-460e-9fe0-2b34fac8d004",
              "isHook": false,
              "skipped": false
            },
            {
              "title": "PS_020: Kiểm tra chỉ nhập Password, không nhập Username",
              "fullTitle": "Login Functionality Tests PS_020: Kiểm tra chỉ nhập Password, không nhập Username",
              "timedOut": null,
              "duration": 5328,
              "state": "passed",
              "speed": "medium",
              "pass": true,
              "fail": false,
              "pending": false,
              "context": "{\n  \"title\": \"cypress-mochawesome-reporter-videos-passed\",\n  \"value\": \"cypress\\\\e2e\\\\auth\\\\login.cy.js\"\n}",
              "code": "cy.fixture('users').then(users => {\n  loginPage.login('', users.validCustomer.password);\n  loginPage.checkInvalidFieldUsername('Please fill out this field.');\n});",
              "err": {},
              "uuid": "09b43aae-4ae1-48cb-9e9b-4142fee37513",
              "parentUUID": "2278f628-0b7e-460e-9fe0-2b34fac8d004",
              "isHook": false,
              "skipped": false
            },
            {
              "title": "PS_021: Kiểm tra nhập username hợp lệ nhưng sai mật khẩu",
              "fullTitle": "Login Functionality Tests PS_021: Kiểm tra nhập username hợp lệ nhưng sai mật khẩu",
              "timedOut": null,
              "duration": 8048,
              "state": "failed",
              "speed": null,
              "pass": false,
              "fail": true,
              "pending": false,
              "context": "[\n  {\n    \"title\": \"cypress-mochawesome-reporter-videos-failed\",\n    \"value\": \"cypress\\\\e2e\\\\auth\\\\login.cy.js\"\n  },\n  {\n    \"title\": \"cypress-mochawesome-reporter-screenshots\",\n    \"value\": [\n      [\n        \"\\\\auth\\\\login.cy.js\\\\Login Functionality Tests -- PS_021 Kiểm tra nhập username hợp lệ nhưng sai mật khẩu (failed).png\"\n      ],\n      [\n        \"\\\\auth\\\\login.cy.js\\\\Login Functionality Tests -- PS_021 Kiểm tra nhập username hợp lệ nhưng sai mật khẩu (failed) (attempt 2).png\"\n      ],\n      [\n        \"\\\\auth\\\\login.cy.js\\\\Login Functionality Tests -- PS_021 Kiểm tra nhập username hợp lệ nhưng sai mật khẩu (failed) (attempt 3).png\"\n      ]\n    ]\n  }\n]",
              "code": "cy.fixture('users').then(users => {\n  loginPage.login(users.invalidPassword.email, users.invalidPassword.password);\n  loginPage.checkNoticeError('Mật khẩu không đúng');\n});",
              "err": {
                "message": "AssertionError: expected 'Email hoặc tên người dùng không đúng. Quên mật khẩu?' to include 'Mật khẩu không đúng'",
                "estack": "AssertionError: expected 'Email hoặc tên người dùng không đúng. Quên mật khẩu?' to include 'Mật khẩu không đúng'\n    at Context.eval (webpack://testda/./cypress/support/commands.js:74:34)\n    at getRet (http://planshop.local/__cypress/runner/cypress_runner.js:120949:20)\n    at tryCatcher (http://planshop.local/__cypress/runner/cypress_runner.js:1777:23)\n    at Promise.attempt.Promise.try (http://planshop.local/__cypress/runner/cypress_runner.js:4285:29)\n    at Context.thenFn (http://planshop.local/__cypress/runner/cypress_runner.js:120960:66)\n    at Context.then (http://planshop.local/__cypress/runner/cypress_runner.js:121211:21)",
                "diff": null
              },
              "uuid": "8885035e-7671-4659-bdfb-43d1d5905f70",
              "parentUUID": "2278f628-0b7e-460e-9fe0-2b34fac8d004",
              "isHook": false,
              "skipped": false
            },
            {
              "title": "PS_022: Kiểm tra nhập đúng username/email và password",
              "fullTitle": "Login Functionality Tests PS_022: Kiểm tra nhập đúng username/email và password",
              "timedOut": null,
              "duration": 12769,
              "state": "passed",
              "speed": "slow",
              "pass": true,
              "fail": false,
              "pending": false,
              "context": "{\n  \"title\": \"cypress-mochawesome-reporter-videos-passed\",\n  \"value\": \"cypress\\\\e2e\\\\auth\\\\login.cy.js\"\n}",
              "code": "cy.fixture('users').then(users => {\n  loginPage.login(users.validCustomer.email, users.validCustomer.password);\n  loginPage.checkLoginIntegration('customer');\n});",
              "err": {},
              "uuid": "5f203931-3604-44cd-98a0-87e43fef981e",
              "parentUUID": "2278f628-0b7e-460e-9fe0-2b34fac8d004",
              "isHook": false,
              "skipped": false
            },
            {
              "title": "PS_023: Kiểm tra tích chọn Remember me",
              "fullTitle": "Login Functionality Tests PS_023: Kiểm tra tích chọn Remember me",
              "timedOut": null,
              "duration": 19325,
              "state": "failed",
              "speed": null,
              "pass": false,
              "fail": true,
              "pending": false,
              "context": "[\n  {\n    \"title\": \"cypress-mochawesome-reporter-videos-failed\",\n    \"value\": \"cypress\\\\e2e\\\\auth\\\\login.cy.js\"\n  },\n  {\n    \"title\": \"cypress-mochawesome-reporter-screenshots\",\n    \"value\": [\n      [\n        \"\\\\auth\\\\login.cy.js\\\\Login Functionality Tests -- PS_023 Kiểm tra tích chọn Remember me (failed).png\"\n      ],\n      [\n        \"\\\\auth\\\\login.cy.js\\\\Login Functionality Tests -- PS_023 Kiểm tra tích chọn Remember me (failed) (attempt 2).png\"\n      ],\n      [\n        \"\\\\auth\\\\login.cy.js\\\\Login Functionality Tests -- PS_023 Kiểm tra tích chọn Remember me (failed) (attempt 3).png\"\n      ]\n    ]\n  }\n]",
              "code": "cy.fixture('users').then(users => {\n  loginPage.checkRememberMe();\n  loginPage.login(users.validCustomer.email, users.validCustomer.password);\n  cy.closePopup();\n  cy.visitPage();\n  loginPage.clickLoginMenu();\n  cy.get(USERNAME_TXT_BX_SEL).should('have.value', users.validCustomer.email);\n});",
              "err": {
                "message": "AssertionError: Timed out retrying after 6000ms: expected '<input.xoo-aff-required.xoo-aff-text>' to have value 'vietvu0820@gmail.com', but the value was ''",
                "estack": "AssertionError: Timed out retrying after 6000ms: expected '<input.xoo-aff-required.xoo-aff-text>' to have value 'vietvu0820@gmail.com', but the value was ''\n    at Context.eval (webpack://testda/./cypress/e2e/auth/login.cy.js:146:34)\n    at getRet (http://planshop.local/__cypress/runner/cypress_runner.js:120949:20)\n    at tryCatcher (http://planshop.local/__cypress/runner/cypress_runner.js:1777:23)\n    at Promise.attempt.Promise.try (http://planshop.local/__cypress/runner/cypress_runner.js:4285:29)\n    at Context.thenFn (http://planshop.local/__cypress/runner/cypress_runner.js:120960:66)\n    at Context.then (http://planshop.local/__cypress/runner/cypress_runner.js:121211:21)\n    at wrapped (http://planshop.local/__cypress/runner/cypress_runner.js:141532:19)",
                "diff": "+ 'vietvu0820@gmail.com'\n"
              },
              "uuid": "d23349e3-4901-4db9-a6b2-6d891b10bc65",
              "parentUUID": "2278f628-0b7e-460e-9fe0-2b34fac8d004",
              "isHook": false,
              "skipped": false
            },
            {
              "title": "PS_024: Kiểm tra không tích chọn Remember me",
              "fullTitle": "Login Functionality Tests PS_024: Kiểm tra không tích chọn Remember me",
              "timedOut": null,
              "duration": 13115,
              "state": "passed",
              "speed": "slow",
              "pass": true,
              "fail": false,
              "pending": false,
              "context": "{\n  \"title\": \"cypress-mochawesome-reporter-videos-passed\",\n  \"value\": \"cypress\\\\e2e\\\\auth\\\\login.cy.js\"\n}",
              "code": "cy.fixture('users').then(users => {\n  loginPage.checkNoRememberMe();\n  loginPage.login(users.validCustomer.email, users.validCustomer.password);\n  cy.closePopup();\n  cy.visitPage();\n  loginPage.clickLoginMenu();\n  cy.get(USERNAME_TXT_BX_SEL).should('have.value', '');\n});",
              "err": {},
              "uuid": "d7442c62-4f34-4d08-af5d-d468bac8218f",
              "parentUUID": "2278f628-0b7e-460e-9fe0-2b34fac8d004",
              "isHook": false,
              "skipped": false
            },
            {
              "title": "PS_025: Kiểm tra click \"Forgot Password\"",
              "fullTitle": "Login Functionality Tests PS_025: Kiểm tra click \"Forgot Password\"",
              "timedOut": null,
              "duration": 5888,
              "state": "passed",
              "speed": "medium",
              "pass": true,
              "fail": false,
              "pending": false,
              "context": "{\n  \"title\": \"cypress-mochawesome-reporter-videos-passed\",\n  \"value\": \"cypress\\\\e2e\\\\auth\\\\login.cy.js\"\n}",
              "code": "loginPage.clickForgotPassword();\nloginPage.checkForgotPasswordPage();",
              "err": {},
              "uuid": "1511f8c0-3a39-41c4-a8b1-02d97ddfb03d",
              "parentUUID": "2278f628-0b7e-460e-9fe0-2b34fac8d004",
              "isHook": false,
              "skipped": false
            }
          ],
          "suites": [],
          "passes": [
            "eb3b9874-8456-43f2-af28-26f327d520ab",
            "ad68ef8d-e424-473d-b684-5187352a3a04",
            "92c4e1ce-99cc-4226-984d-cd82688488b7",
            "bb7ceae0-3748-4154-aea7-65bd86b6f317",
            "30c99924-3a08-468b-96da-3782114450a7",
            "cf43393d-09b6-4db4-bc49-4a94d6a2b722",
            "8f0e1577-c2b6-4d7a-84f3-b2e19a507803",
            "054f9990-6320-478c-a07b-eb7dde74fadf",
            "9a7d7eae-9702-45be-a9b6-bcf4d9114137",
            "e83127b3-0fa0-41e3-b9c3-64d4ee6682d4",
            "b1dd16fa-43a3-4251-92de-7928f4120169",
            "c9c10def-6a5e-4600-bb9b-46c48f83f69c",
            "7833abb6-5d18-44a1-8342-36c2340e0850",
            "087e38f7-79d8-494c-bb67-1cb8c9efd41d",
            "09b43aae-4ae1-48cb-9e9b-4142fee37513",
            "5f203931-3604-44cd-98a0-87e43fef981e",
            "d7442c62-4f34-4d08-af5d-d468bac8218f",
            "1511f8c0-3a39-41c4-a8b1-02d97ddfb03d"
          ],
          "failures": [
            "1b2d6ae6-22cd-418c-86b8-e144350d266d",
            "27ba254c-9f3b-4325-9e48-6fb05f6c23d8",
            "84e513a7-d480-4c27-a734-99e68daf0c44",
            "27f6c360-7ef2-4699-b93a-2a312b589d88",
            "bbbedbda-c765-49b7-8bfc-7d8901b802c7",
            "8885035e-7671-4659-bdfb-43d1d5905f70",
            "d23349e3-4901-4db9-a6b2-6d891b10bc65"
          ],
          "pending": [],
          "skipped": [],
          "duration": 217367,
          "root": false,
          "rootEmpty": false,
          "_timeout": 2000
        }
      ],
      "passes": [],
      "failures": [],
      "pending": [],
      "skipped": [],
      "duration": 0,
      "root": true,
      "rootEmpty": true,
      "_timeout": 2000
    }
  ],
  "meta": {
    "mocha": {
      "version": "7.2.0"
    },
    "mochawesome": {
      "options": {
        "quiet": false,
        "reportFilename": "mochawesome",
        "saveHtml": false,
        "saveJson": true,
        "consoleReporter": "spec",
        "useInlineDiffs": false,
        "code": true
      },
      "version": "7.1.3"
    },
    "marge": {
      "options": {
        "reportDir": "cypress\\reports\\.jsons",
        "overwrite": false,
        "html": false,
        "json": true,
        "timestamp": "mmddyyyy_HHMMss",
        "reportTitle": "PlanShop E2E Test Results",
        "reportPageTitle": "Cypress Test Report",
        "embeddedScreenshots": true,
        "inlineAssets": true,
        "saveAllAttempts": false
      },
      "version": "6.2.0"
    }
  }
}