{
  "stats": {
    "suites": 3,
    "tests": 16,
    "passes": 15,
    "pending": 0,
    "failures": 1,
    "start": "2025-09-24T18:06:52.659Z",
    "end": "2025-09-24T18:10:04.547Z",
    "duration": 191888,
    "testsRegistered": 16,
    "passPercent": 93.75,
    "pendingPercent": 0,
    "other": 0,
    "hasOther": false,
    "skipped": 0,
    "hasSkipped": false
  },
  "results": [
    {
      "uuid": "f6cdddfd-18da-4272-a81e-16b782c27741",
      "title": "",
      "fullFile": "cypress\\e2e\\cartPage.cy.js",
      "file": "cypress\\e2e\\cartPage.cy.js",
      "beforeHooks": [],
      "afterHooks": [],
      "tests": [],
      "suites": [
        {
          "uuid": "0a7af31a-251c-4973-8647-a9350f6e6012",
          "title": "Cart page tests",
          "fullFile": "",
          "file": "",
          "beforeHooks": [],
          "afterHooks": [],
          "tests": [
            {
              "title": "PS_067: Kiểm tra click vào giỏ hàng khi chưa có sản phẩm nào",
              "fullTitle": "Cart page tests PS_067: Kiểm tra click vào giỏ hàng khi chưa có sản phẩm nào",
              "timedOut": null,
              "duration": 10320,
              "state": "passed",
              "speed": "slow",
              "pass": true,
              "fail": false,
              "pending": false,
              "context": "{\n  \"title\": \"cypress-mochawesome-reporter-videos-passed\",\n  \"value\": \"cypress\\\\e2e\\\\cartPage.cy.js\"\n}",
              "code": "cy.visitCartPage();\ncartPage.verifyEmptyCartDisplay();",
              "err": {},
              "uuid": "62963592-afca-4c24-9619-b71c1eb7f651",
              "parentUUID": "0a7af31a-251c-4973-8647-a9350f6e6012",
              "isHook": false,
              "skipped": false
            },
            {
              "title": "PS_068: Kiểm tra click button \"Quay trở lại cửa hàng\"",
              "fullTitle": "Cart page tests PS_068: Kiểm tra click button \"Quay trở lại cửa hàng\"",
              "timedOut": null,
              "duration": 9781,
              "state": "passed",
              "speed": "medium",
              "pass": true,
              "fail": false,
              "pending": false,
              "context": "{\n  \"title\": \"cypress-mochawesome-reporter-videos-passed\",\n  \"value\": \"cypress\\\\e2e\\\\cartPage.cy.js\"\n}",
              "code": "cy.visitCartPage();\ncartPage.clickReturnToShop();",
              "err": {},
              "uuid": "f9f5d63a-e3d4-4036-bf43-e65dd2909a8c",
              "parentUUID": "0a7af31a-251c-4973-8647-a9350f6e6012",
              "isHook": false,
              "skipped": false
            }
          ],
          "suites": [
            {
              "uuid": "fe74ed06-7037-490b-8009-686e92f2e394",
              "title": "Shopping cart table tests",
              "fullFile": "",
              "file": "",
              "beforeHooks": [],
              "afterHooks": [],
              "tests": [
                {
                  "title": "PS_069: Kiểm tra hiển thị mặc định giỏ hàng có sản phẩm",
                  "fullTitle": "Cart page tests Shopping cart table tests PS_069: Kiểm tra hiển thị mặc định giỏ hàng có sản phẩm",
                  "timedOut": null,
                  "duration": 12729,
                  "state": "passed",
                  "speed": "slow",
                  "pass": true,
                  "fail": false,
                  "pending": false,
                  "context": "{\n  \"title\": \"cypress-mochawesome-reporter-videos-passed\",\n  \"value\": \"cypress\\\\e2e\\\\cartPage.cy.js\"\n}",
                  "code": "shopPage.addMultipleProductsToCart();\ncy.visitCartPage();\ncartPage.verifyCartWithProductsDisplay();",
                  "err": {},
                  "uuid": "42a21866-a1b1-4dc4-a27f-ee1ad14dbc87",
                  "parentUUID": "fe74ed06-7037-490b-8009-686e92f2e394",
                  "isHook": false,
                  "skipped": false
                },
                {
                  "title": "PS_070: Kiểm tra click nút \"+\"",
                  "fullTitle": "Cart page tests Shopping cart table tests PS_070: Kiểm tra click nút \"+\"",
                  "timedOut": null,
                  "duration": 20137,
                  "state": "passed",
                  "speed": "slow",
                  "pass": true,
                  "fail": false,
                  "pending": false,
                  "context": "{\n  \"title\": \"cypress-mochawesome-reporter-videos-passed\",\n  \"value\": \"cypress\\\\e2e\\\\cartPage.cy.js\"\n}",
                  "code": "shopPage.addProductToCart();\ncy.visitCartPage();\ncartPage.clickPlusButton();",
                  "err": {},
                  "uuid": "f36ea9d7-15b4-4550-85e3-b574a1d030af",
                  "parentUUID": "fe74ed06-7037-490b-8009-686e92f2e394",
                  "isHook": false,
                  "skipped": false
                },
                {
                  "title": "PS_071: Kiểm tra click nút \"-\" khi giỏ hàng có 1 sản phẩm",
                  "fullTitle": "Cart page tests Shopping cart table tests PS_071: Kiểm tra click nút \"-\" khi giỏ hàng có 1 sản phẩm",
                  "timedOut": null,
                  "duration": 8892,
                  "state": "passed",
                  "speed": "medium",
                  "pass": true,
                  "fail": false,
                  "pending": false,
                  "context": "{\n  \"title\": \"cypress-mochawesome-reporter-videos-passed\",\n  \"value\": \"cypress\\\\e2e\\\\cartPage.cy.js\"\n}",
                  "code": "shopPage.addProductToCart();\ncy.visitCartPage();\ncartPage.clickMinusButtonSingleProduct();",
                  "err": {},
                  "uuid": "9a7ab328-0398-4e87-85a4-8512e96f0eed",
                  "parentUUID": "fe74ed06-7037-490b-8009-686e92f2e394",
                  "isHook": false,
                  "skipped": false
                },
                {
                  "title": "PS_072: Kiểm tra click nút \"-\" khi giỏ hàng có nhiều sản phẩm hoặc sản phẩm có số lượng sản phẩm >1",
                  "fullTitle": "Cart page tests Shopping cart table tests PS_072: Kiểm tra click nút \"-\" khi giỏ hàng có nhiều sản phẩm hoặc sản phẩm có số lượng sản phẩm >1",
                  "timedOut": null,
                  "duration": 9290,
                  "state": "passed",
                  "speed": "medium",
                  "pass": true,
                  "fail": false,
                  "pending": false,
                  "context": "{\n  \"title\": \"cypress-mochawesome-reporter-videos-passed\",\n  \"value\": \"cypress\\\\e2e\\\\cartPage.cy.js\"\n}",
                  "code": "shopPage.addMultipleProductsToCart();\ncy.visitCartPage();\ncartPage.clickMinusButtonMultipleProducts();",
                  "err": {},
                  "uuid": "ae6fb0ac-154c-44a6-8c94-6ea03e1f54e0",
                  "parentUUID": "fe74ed06-7037-490b-8009-686e92f2e394",
                  "isHook": false,
                  "skipped": false
                },
                {
                  "title": "PS_073: Xóa sản phẩm khi giỏ hàng có 1 sản phẩm",
                  "fullTitle": "Cart page tests Shopping cart table tests PS_073: Xóa sản phẩm khi giỏ hàng có 1 sản phẩm",
                  "timedOut": null,
                  "duration": 9237,
                  "state": "passed",
                  "speed": "medium",
                  "pass": true,
                  "fail": false,
                  "pending": false,
                  "context": "{\n  \"title\": \"cypress-mochawesome-reporter-videos-passed\",\n  \"value\": \"cypress\\\\e2e\\\\cartPage.cy.js\"\n}",
                  "code": "shopPage.addProductToCart();\ncy.visitCartPage();\ncartPage.removeProductSingleItem();",
                  "err": {},
                  "uuid": "0bdd3d5d-72c2-47c9-aa3d-2d9d8fd890bf",
                  "parentUUID": "fe74ed06-7037-490b-8009-686e92f2e394",
                  "isHook": false,
                  "skipped": false
                },
                {
                  "title": "PS_074: Xóa sản phẩm khi giỏ hàng có nhiều sản phẩm",
                  "fullTitle": "Cart page tests Shopping cart table tests PS_074: Xóa sản phẩm khi giỏ hàng có nhiều sản phẩm",
                  "timedOut": null,
                  "duration": 10734,
                  "state": "passed",
                  "speed": "slow",
                  "pass": true,
                  "fail": false,
                  "pending": false,
                  "context": "{\n  \"title\": \"cypress-mochawesome-reporter-videos-passed\",\n  \"value\": \"cypress\\\\e2e\\\\cartPage.cy.js\"\n}",
                  "code": "shopPage.addMultipleProductsToCart();\ncy.visitCartPage();\ncartPage.removeProductMultipleItems();",
                  "err": {},
                  "uuid": "9fb56197-8c02-482e-901b-76f79f371ab2",
                  "parentUUID": "fe74ed06-7037-490b-8009-686e92f2e394",
                  "isHook": false,
                  "skipped": false
                },
                {
                  "title": "PS_075: Kiểm tra click nút \"Khôi phục?\"",
                  "fullTitle": "Cart page tests Shopping cart table tests PS_075: Kiểm tra click nút \"Khôi phục?\"",
                  "timedOut": null,
                  "duration": 11519,
                  "state": "passed",
                  "speed": "slow",
                  "pass": true,
                  "fail": false,
                  "pending": false,
                  "context": "{\n  \"title\": \"cypress-mochawesome-reporter-videos-passed\",\n  \"value\": \"cypress\\\\e2e\\\\cartPage.cy.js\"\n}",
                  "code": "shopPage.addMultipleProductsToCart();\ncy.visitCartPage();\ncartPage.clickUndoLink();",
                  "err": {},
                  "uuid": "384e128d-43a6-4708-9a94-b4c6b71f3d0f",
                  "parentUUID": "fe74ed06-7037-490b-8009-686e92f2e394",
                  "isHook": false,
                  "skipped": false
                },
                {
                  "title": "PS_076: Kiểm tra không nhập mã giảm giá",
                  "fullTitle": "Cart page tests Shopping cart table tests PS_076: Kiểm tra không nhập mã giảm giá",
                  "timedOut": null,
                  "duration": 9066,
                  "state": "passed",
                  "speed": "medium",
                  "pass": true,
                  "fail": false,
                  "pending": false,
                  "context": "{\n  \"title\": \"cypress-mochawesome-reporter-videos-passed\",\n  \"value\": \"cypress\\\\e2e\\\\cartPage.cy.js\"\n}",
                  "code": "shopPage.addProductToCart();\ncy.visitCartPage();\ncy.fixture('coupon').then(coupon => {\n  cartPage.applyEmptyCoupon(coupon.emptyCoupon.coupon);\n});",
                  "err": {},
                  "uuid": "d4f4562c-671e-40ea-a936-29be0b3732cf",
                  "parentUUID": "fe74ed06-7037-490b-8009-686e92f2e394",
                  "isHook": false,
                  "skipped": false
                },
                {
                  "title": "PS_077: Kiểm tra nhập đúng mã giảm giá",
                  "fullTitle": "Cart page tests Shopping cart table tests PS_077: Kiểm tra nhập đúng mã giảm giá",
                  "timedOut": null,
                  "duration": 10031,
                  "state": "passed",
                  "speed": "slow",
                  "pass": true,
                  "fail": false,
                  "pending": false,
                  "context": "{\n  \"title\": \"cypress-mochawesome-reporter-videos-passed\",\n  \"value\": \"cypress\\\\e2e\\\\cartPage.cy.js\"\n}",
                  "code": "shopPage.addProductToCart();\ncy.visitCartPage();\ncy.fixture('coupon').then(coupon => {\n  cartPage.applyValidCoupon(coupon.validCoupon.coupon);\n});",
                  "err": {},
                  "uuid": "d88d1f7d-a63e-480b-8b09-1aac487403c4",
                  "parentUUID": "fe74ed06-7037-490b-8009-686e92f2e394",
                  "isHook": false,
                  "skipped": false
                },
                {
                  "title": "PS_078: Kiểm tra nhập sai mã giảm giá",
                  "fullTitle": "Cart page tests Shopping cart table tests PS_078: Kiểm tra nhập sai mã giảm giá",
                  "timedOut": null,
                  "duration": 8487,
                  "state": "passed",
                  "speed": "medium",
                  "pass": true,
                  "fail": false,
                  "pending": false,
                  "context": "{\n  \"title\": \"cypress-mochawesome-reporter-videos-passed\",\n  \"value\": \"cypress\\\\e2e\\\\cartPage.cy.js\"\n}",
                  "code": "shopPage.addProductToCart();\ncy.visitCartPage();\ncy.fixture('coupon').then(coupon => {\n  cartPage.applyInvalidCoupon(coupon.invalidCoupon.coupon);\n});",
                  "err": {},
                  "uuid": "f672bcba-f2cc-4f5c-94a9-699b6fe634cf",
                  "parentUUID": "fe74ed06-7037-490b-8009-686e92f2e394",
                  "isHook": false,
                  "skipped": false
                }
              ],
              "suites": [],
              "passes": [
                "42a21866-a1b1-4dc4-a27f-ee1ad14dbc87",
                "f36ea9d7-15b4-4550-85e3-b574a1d030af",
                "9a7ab328-0398-4e87-85a4-8512e96f0eed",
                "ae6fb0ac-154c-44a6-8c94-6ea03e1f54e0",
                "0bdd3d5d-72c2-47c9-aa3d-2d9d8fd890bf",
                "9fb56197-8c02-482e-901b-76f79f371ab2",
                "384e128d-43a6-4708-9a94-b4c6b71f3d0f",
                "d4f4562c-671e-40ea-a936-29be0b3732cf",
                "d88d1f7d-a63e-480b-8b09-1aac487403c4",
                "f672bcba-f2cc-4f5c-94a9-699b6fe634cf"
              ],
              "failures": [],
              "pending": [],
              "skipped": [],
              "duration": 110122,
              "root": false,
              "rootEmpty": false,
              "_timeout": 2000
            },
            {
              "uuid": "6abc2d00-7656-4f67-8ce8-bc7917daa64a",
              "title": "Total cart tests",
              "fullFile": "",
              "file": "",
              "beforeHooks": [],
              "afterHooks": [],
              "tests": [
                {
                  "title": "PS_079: Kiểm tra hiển thị phần tổng cộng giỏ hàng",
                  "fullTitle": "Cart page tests Total cart tests PS_079: Kiểm tra hiển thị phần tổng cộng giỏ hàng",
                  "timedOut": null,
                  "duration": 8761,
                  "state": "failed",
                  "speed": null,
                  "pass": false,
                  "fail": true,
                  "pending": false,
                  "context": "[\n  {\n    \"title\": \"cypress-mochawesome-reporter-videos-failed\",\n    \"value\": \"cypress\\\\e2e\\\\cartPage.cy.js\"\n  },\n  {\n    \"title\": \"cypress-mochawesome-reporter-screenshots\",\n    \"value\": [\n      [\n        \"\\\\cartPage.cy.js\\\\Cart page tests -- Total cart tests -- PS_079 Kiểm tra hiển thị phần tổng cộng giỏ hàng (failed).png\"\n      ],\n      [\n        \"\\\\cartPage.cy.js\\\\Cart page tests -- Total cart tests -- PS_079 Kiểm tra hiển thị phần tổng cộng giỏ hàng (failed) (attempt 2).png\"\n      ],\n      [\n        \"\\\\cartPage.cy.js\\\\Cart page tests -- Total cart tests -- PS_079 Kiểm tra hiển thị phần tổng cộng giỏ hàng (failed) (attempt 3).png\"\n      ]\n    ]\n  }\n]",
                  "code": "shopPage.addMultipleProductsToCart();\ncy.visitCartPage();\ncartPage.verifyCartTotalsSection();",
                  "err": {
                    "message": "ReferenceError: verifyElementVisible is not defined",
                    "estack": "ReferenceError: verifyElementVisible is not defined\n    at Context.eval (webpack://testda/./cypress/pageObjects/CartPage.js:229:6)\n    at withinFn (http://planshop.local/__cypress/runner/cypress_runner.js:135880:8)\n    at <unknown> (http://planshop.local/__cypress/runner/cypress_runner.js:135961:16)\n    at __WEBPACK_DEFAULT_EXPORT__ (http://planshop.local/__cypress/runner/cypress_runner.js:133819:10)\n    at Context.within (http://planshop.local/__cypress/runner/cypress_runner.js:135947:67)\n    at wrapped (http://planshop.local/__cypress/runner/cypress_runner.js:141532:19)\n    at <unknown> (http://planshop.local/__cypress/runner/cypress_runner.js:147477:15)\n    at tryCatcher (http://planshop.local/__cypress/runner/cypress_runner.js:1777:23)\n    at Promise._settlePromiseFromHandler (http://planshop.local/__cypress/runner/cypress_runner.js:1489:31)",
                    "diff": null
                  },
                  "uuid": "87cc1563-93aa-457c-9362-17260059a716",
                  "parentUUID": "6abc2d00-7656-4f67-8ce8-bc7917daa64a",
                  "isHook": false,
                  "skipped": false
                },
                {
                  "title": "PS_080: Kiểm tra click nút \"Đổi địa chỉ\"",
                  "fullTitle": "Cart page tests Total cart tests PS_080: Kiểm tra click nút \"Đổi địa chỉ\"",
                  "timedOut": null,
                  "duration": 7583,
                  "state": "passed",
                  "speed": "medium",
                  "pass": true,
                  "fail": false,
                  "pending": false,
                  "context": "{\n  \"title\": \"cypress-mochawesome-reporter-videos-passed\",\n  \"value\": \"cypress\\\\e2e\\\\cartPage.cy.js\"\n}",
                  "code": "shopPage.addProductToCart();\ncy.visitCartPage();\ncartPage.clickChangeAddress();",
                  "err": {},
                  "uuid": "86b55b6b-e86d-41be-aecd-4e1564d02b86",
                  "parentUUID": "6abc2d00-7656-4f67-8ce8-bc7917daa64a",
                  "isHook": false,
                  "skipped": false
                },
                {
                  "title": "PS_081: Kiểm tra click nút \"Tiến hành thanh toán\" khi chưa đăng nhập",
                  "fullTitle": "Cart page tests Total cart tests PS_081: Kiểm tra click nút \"Tiến hành thanh toán\" khi chưa đăng nhập",
                  "timedOut": null,
                  "duration": 10060,
                  "state": "passed",
                  "speed": "slow",
                  "pass": true,
                  "fail": false,
                  "pending": false,
                  "context": "{\n  \"title\": \"cypress-mochawesome-reporter-videos-passed\",\n  \"value\": \"cypress\\\\e2e\\\\cartPage.cy.js\"\n}",
                  "code": "shopPage.addProductToCart();\ncy.visitCartPage();\ncartPage.clickCheckoutNotLoggedIn();",
                  "err": {},
                  "uuid": "4112201a-a839-46c4-860c-820093d3c98f",
                  "parentUUID": "6abc2d00-7656-4f67-8ce8-bc7917daa64a",
                  "isHook": false,
                  "skipped": false
                },
                {
                  "title": "PS_082: Kiểm tra click nút \"Tiến hành thanh toán\" khi đã đăng nhập",
                  "fullTitle": "Cart page tests Total cart tests PS_082: Kiểm tra click nút \"Tiến hành thanh toán\" khi đã đăng nhập",
                  "timedOut": null,
                  "duration": 14056,
                  "state": "passed",
                  "speed": "slow",
                  "pass": true,
                  "fail": false,
                  "pending": false,
                  "context": "{\n  \"title\": \"cypress-mochawesome-reporter-videos-passed\",\n  \"value\": \"cypress\\\\e2e\\\\cartPage.cy.js\"\n}",
                  "code": "shopPage.addProductToCart();\nloginPage.clickLoginMenu();\ncy.fixture('users').then(users => {\n  loginPage.login(users.cartUser.email, users.cartUser.password);\n  cy.visitCartPage();\n  cartPage.clickCheckoutLoggedIn();\n});",
                  "err": {},
                  "uuid": "c1646bbb-4409-4127-a4e7-34f23ca75f9b",
                  "parentUUID": "6abc2d00-7656-4f67-8ce8-bc7917daa64a",
                  "isHook": false,
                  "skipped": false
                }
              ],
              "suites": [],
              "passes": [
                "86b55b6b-e86d-41be-aecd-4e1564d02b86",
                "4112201a-a839-46c4-860c-820093d3c98f",
                "c1646bbb-4409-4127-a4e7-34f23ca75f9b"
              ],
              "failures": [
                "87cc1563-93aa-457c-9362-17260059a716"
              ],
              "pending": [],
              "skipped": [],
              "duration": 40460,
              "root": false,
              "rootEmpty": false,
              "_timeout": 2000
            }
          ],
          "passes": [
            "62963592-afca-4c24-9619-b71c1eb7f651",
            "f9f5d63a-e3d4-4036-bf43-e65dd2909a8c"
          ],
          "failures": [],
          "pending": [],
          "skipped": [],
          "duration": 20101,
          "root": false,
          "rootEmpty": false,
          "_timeout": 2000
        }
      ],
      "passes": [],
      "failures": [],
      "pending": [],
      "skipped": [],
      "duration": 0,
      "root": true,
      "rootEmpty": true,
      "_timeout": 2000
    }
  ],
  "meta": {
    "mocha": {
      "version": "7.2.0"
    },
    "mochawesome": {
      "options": {
        "quiet": false,
        "reportFilename": "mochawesome",
        "saveHtml": false,
        "saveJson": true,
        "consoleReporter": "spec",
        "useInlineDiffs": false,
        "code": true
      },
      "version": "7.1.3"
    },
    "marge": {
      "options": {
        "reportDir": "cypress\\reports\\.jsons",
        "overwrite": false,
        "html": false,
        "json": true,
        "timestamp": "mmddyyyy_HHMMss",
        "reportTitle": "PlanShop E2E Test Results",
        "reportPageTitle": "Cypress Test Report",
        "embeddedScreenshots": true,
        "inlineAssets": true,
        "saveAllAttempts": false
      },
      "version": "6.2.0"
    }
  }
}