{
  "stats": {
    "suites": 2,
    "tests": 11,
    "passes": 10,
    "pending": 0,
    "failures": 1,
    "start": "2025-09-24T23:37:36.615Z",
    "end": "2025-09-24T23:42:14.728Z",
    "duration": 278113,
    "testsRegistered": 11,
    "passPercent": 90.9090909090909,
    "pendingPercent": 0,
    "other": 0,
    "hasOther": false,
    "skipped": 0,
    "hasSkipped": false
  },
  "results": [
    {
      "uuid": "ca1722f4-7a1d-4b05-bf5e-6d79ed6f7bff",
      "title": "",
      "fullFile": "cypress\\e2e\\checkoutPage.cy.js",
      "file": "cypress\\e2e\\checkoutPage.cy.js",
      "beforeHooks": [],
      "afterHooks": [],
      "tests": [],
      "suites": [
        {
          "uuid": "7205d0ef-c7ca-427d-a6e3-f7db007708e1",
          "title": "Checkout Page Tests",
          "fullFile": "",
          "file": "",
          "beforeHooks": [],
          "afterHooks": [],
          "tests": [
            {
              "title": "PS_0102: Kiểm tra bố cục màn hình \"Thanh toán\"",
              "fullTitle": "Checkout Page Tests PS_0102: Kiểm tra bố cục màn hình \"Thanh toán\"",
              "timedOut": null,
              "duration": 11512,
              "state": "passed",
              "speed": "slow",
              "pass": true,
              "fail": false,
              "pending": false,
              "context": "{\n  \"title\": \"cypress-mochawesome-reporter-videos-passed\",\n  \"value\": \"cypress\\\\e2e\\\\checkoutPage.cy.js\"\n}",
              "code": "checkoutPage.verifyCheckoutPage();",
              "err": {},
              "uuid": "1a1ae910-9e59-4a93-a242-650fbc49f2c1",
              "parentUUID": "7205d0ef-c7ca-427d-a6e3-f7db007708e1",
              "isHook": false,
              "skipped": false
            },
            {
              "title": "PS_103: Kiểm tra màn hình bố cục \"Thông tin thanh toán\"",
              "fullTitle": "Checkout Page Tests PS_103: Kiểm tra màn hình bố cục \"Thông tin thanh toán\"",
              "timedOut": null,
              "duration": 12636,
              "state": "passed",
              "speed": "slow",
              "pass": true,
              "fail": false,
              "pending": false,
              "context": "{\n  \"title\": \"cypress-mochawesome-reporter-videos-passed\",\n  \"value\": \"cypress\\\\e2e\\\\checkoutPage.cy.js\"\n}",
              "code": "checkoutPage.verifyBillingInformationLayout();",
              "err": {},
              "uuid": "6863b0c6-52fb-49b5-afc0-bccc194fc417",
              "parentUUID": "7205d0ef-c7ca-427d-a6e3-f7db007708e1",
              "isHook": false,
              "skipped": false
            },
            {
              "title": "PS_104: Kiểm tra màn hình bố cục \"Đơn hàng của bạn\"",
              "fullTitle": "Checkout Page Tests PS_104: Kiểm tra màn hình bố cục \"Đơn hàng của bạn\"",
              "timedOut": null,
              "duration": 12315,
              "state": "passed",
              "speed": "slow",
              "pass": true,
              "fail": false,
              "pending": false,
              "context": "{\n  \"title\": \"cypress-mochawesome-reporter-videos-passed\",\n  \"value\": \"cypress\\\\e2e\\\\checkoutPage.cy.js\"\n}",
              "code": "checkoutPage.verifyOrderReviewLayout();",
              "err": {},
              "uuid": "acdcb1d8-8dda-42e5-8e2f-515ecf4b681c",
              "parentUUID": "7205d0ef-c7ca-427d-a6e3-f7db007708e1",
              "isHook": false,
              "skipped": false
            },
            {
              "title": "PS_105: Kiểm tra hiển thị nhập trường bắt buộc",
              "fullTitle": "Checkout Page Tests PS_105: Kiểm tra hiển thị nhập trường bắt buộc",
              "timedOut": null,
              "duration": 16098,
              "state": "passed",
              "speed": "slow",
              "pass": true,
              "fail": false,
              "pending": false,
              "context": "{\n  \"title\": \"cypress-mochawesome-reporter-videos-passed\",\n  \"value\": \"cypress\\\\e2e\\\\checkoutPage.cy.js\"\n}",
              "code": "checkoutPage.verifyRequiredFieldValidation();",
              "err": {},
              "uuid": "452ae4f2-eb3a-4734-be05-c3f6a9ca2172",
              "parentUUID": "7205d0ef-c7ca-427d-a6e3-f7db007708e1",
              "isHook": false,
              "skipped": false
            },
            {
              "title": "PS_106: Kiểm tra khi không tick vào \"Tôi đã đọc và đồng ý với trang web [điều khoản]\"",
              "fullTitle": "Checkout Page Tests PS_106: Kiểm tra khi không tick vào \"Tôi đã đọc và đồng ý với trang web [điều khoản]\"",
              "timedOut": null,
              "duration": 15904,
              "state": "passed",
              "speed": "slow",
              "pass": true,
              "fail": false,
              "pending": false,
              "context": "{\n  \"title\": \"cypress-mochawesome-reporter-videos-passed\",\n  \"value\": \"cypress\\\\e2e\\\\checkoutPage.cy.js\"\n}",
              "code": "checkoutPage.verifyTermsAndConditionsRequired();",
              "err": {},
              "uuid": "678bf786-1e2a-4a6a-a60d-e470c42f2f20",
              "parentUUID": "7205d0ef-c7ca-427d-a6e3-f7db007708e1",
              "isHook": false,
              "skipped": false
            },
            {
              "title": "PS_107: Kiểm tra tick vào \"Giao hàng đến một địa chỉ khác\"",
              "fullTitle": "Checkout Page Tests PS_107: Kiểm tra tick vào \"Giao hàng đến một địa chỉ khác\"",
              "timedOut": null,
              "duration": 12138,
              "state": "passed",
              "speed": "slow",
              "pass": true,
              "fail": false,
              "pending": false,
              "context": "{\n  \"title\": \"cypress-mochawesome-reporter-videos-passed\",\n  \"value\": \"cypress\\\\e2e\\\\checkoutPage.cy.js\"\n}",
              "code": "checkoutPage.verifyShipToDifferentAddress();",
              "err": {},
              "uuid": "6e4ab1e9-194d-4025-8769-62e308f45262",
              "parentUUID": "7205d0ef-c7ca-427d-a6e3-f7db007708e1",
              "isHook": false,
              "skipped": false
            },
            {
              "title": "PS_108: Kiểm tra click vào [chính sách riêng tư]",
              "fullTitle": "Checkout Page Tests PS_108: Kiểm tra click vào [chính sách riêng tư]",
              "timedOut": null,
              "duration": 17808,
              "state": "passed",
              "speed": "slow",
              "pass": true,
              "fail": false,
              "pending": false,
              "context": "{\n  \"title\": \"cypress-mochawesome-reporter-videos-passed\",\n  \"value\": \"cypress\\\\e2e\\\\checkoutPage.cy.js\"\n}",
              "code": "checkoutPage.verifyPrivacyPolicyLink();",
              "err": {},
              "uuid": "802d0684-24b7-428a-9a49-cf82b2de92a1",
              "parentUUID": "7205d0ef-c7ca-427d-a6e3-f7db007708e1",
              "isHook": false,
              "skipped": false
            }
          ],
          "suites": [],
          "passes": [
            "1a1ae910-9e59-4a93-a242-650fbc49f2c1",
            "6863b0c6-52fb-49b5-afc0-bccc194fc417",
            "acdcb1d8-8dda-42e5-8e2f-515ecf4b681c",
            "452ae4f2-eb3a-4734-be05-c3f6a9ca2172",
            "678bf786-1e2a-4a6a-a60d-e470c42f2f20",
            "6e4ab1e9-194d-4025-8769-62e308f45262",
            "802d0684-24b7-428a-9a49-cf82b2de92a1"
          ],
          "failures": [],
          "pending": [],
          "skipped": [],
          "duration": 98411,
          "root": false,
          "rootEmpty": false,
          "_timeout": 2000
        },
        {
          "uuid": "849c57e4-9c25-4684-9dc5-9e0133e0152c",
          "title": "Payment Method Tests",
          "fullFile": "",
          "file": "",
          "beforeHooks": [],
          "afterHooks": [],
          "tests": [
            {
              "title": "PS_109: Kiểm tra thanh toán với phương thức \"Chuyển khoản ngân hàng trực tiếp\"",
              "fullTitle": "Payment Method Tests PS_109: Kiểm tra thanh toán với phương thức \"Chuyển khoản ngân hàng trực tiếp\"",
              "timedOut": null,
              "duration": 26667,
              "state": "passed",
              "speed": "slow",
              "pass": true,
              "fail": false,
              "pending": false,
              "context": "{\n  \"title\": \"cypress-mochawesome-reporter-videos-passed\",\n  \"value\": \"cypress\\\\e2e\\\\checkoutPage.cy.js\"\n}",
              "code": "payment.testBankTransferPayment();",
              "err": {},
              "uuid": "94576fc7-eff3-4058-b936-39d1cfb19a54",
              "parentUUID": "849c57e4-9c25-4684-9dc5-9e0133e0152c",
              "isHook": false,
              "skipped": false
            },
            {
              "title": "PS_110: Kiểm tra thanh toán với phương thức \"Thanh toán khi nhận hàng\"",
              "fullTitle": "Payment Method Tests PS_110: Kiểm tra thanh toán với phương thức \"Thanh toán khi nhận hàng\"",
              "timedOut": null,
              "duration": 23853,
              "state": "passed",
              "speed": "slow",
              "pass": true,
              "fail": false,
              "pending": false,
              "context": "{\n  \"title\": \"cypress-mochawesome-reporter-videos-passed\",\n  \"value\": \"cypress\\\\e2e\\\\checkoutPage.cy.js\"\n}",
              "code": "payment.testCODPayment();",
              "err": {},
              "uuid": "2d7d5ead-9bf4-4c6c-a158-40c100dce9ce",
              "parentUUID": "849c57e4-9c25-4684-9dc5-9e0133e0152c",
              "isHook": false,
              "skipped": false
            },
            {
              "title": "PS_111: Kiểm tra thanh toán với phương thức \"Thanh toán qua MoMo\"",
              "fullTitle": "Payment Method Tests PS_111: Kiểm tra thanh toán với phương thức \"Thanh toán qua MoMo\"",
              "timedOut": null,
              "duration": 30213,
              "state": "failed",
              "speed": null,
              "pass": false,
              "fail": true,
              "pending": false,
              "context": "[\n  {\n    \"title\": \"cypress-mochawesome-reporter-videos-failed\",\n    \"value\": \"cypress\\\\e2e\\\\checkoutPage.cy.js\"\n  },\n  {\n    \"title\": \"cypress-mochawesome-reporter-screenshots\",\n    \"value\": [\n      [\n        \"\\\\checkoutPage.cy.js\\\\Payment Method Tests -- PS_111 Kiểm tra thanh toán với phương thức Thanh toán qua MoMo (failed).png\"\n      ],\n      [\n        \"\\\\checkoutPage.cy.js\\\\Payment Method Tests -- PS_111 Kiểm tra thanh toán với phương thức Thanh toán qua MoMo (failed) (attempt 2).png\"\n      ],\n      [\n        \"\\\\checkoutPage.cy.js\\\\Payment Method Tests -- PS_111 Kiểm tra thanh toán với phương thức Thanh toán qua MoMo (failed) (attempt 3).png\"\n      ]\n    ]\n  }\n]",
              "code": "payment.testMoMoPayment();",
              "err": {
                "message": "AssertionError: Timed out retrying after 10000ms: Expected to find element: `.woocommerce-notice--success.woocommerce-thankyou-order-received`, but never found it.",
                "estack": "AssertionError: Timed out retrying after 10000ms: Expected to find element: `.woocommerce-notice--success.woocommerce-thankyou-order-received`, but never found it.\n    at Payment.verifyElementVisible (webpack://testda/./cypress/pageObjects/BasePage.js:7:41)\n    at Payment.verifySuccessMessage (webpack://testda/./cypress/pageObjects/Payment.js:105:9)\n    at Payment.testMoMoPayment (webpack://testda/./cypress/pageObjects/Payment.js:128:9)\n    at Context.eval (webpack://testda/./cypress/e2e/checkoutPage.cy.js:85:16)",
                "diff": null
              },
              "uuid": "5ac78caf-3bc4-4027-9610-5ab75c96a9e3",
              "parentUUID": "849c57e4-9c25-4684-9dc5-9e0133e0152c",
              "isHook": false,
              "skipped": false
            },
            {
              "title": "PS_112: Kiểm tra thanh toán với phương thức \"Chuyển khoản ngân hàng (Quét QR)\"",
              "fullTitle": "Payment Method Tests PS_112: Kiểm tra thanh toán với phương thức \"Chuyển khoản ngân hàng (Quét QR)\"",
              "timedOut": null,
              "duration": 22507,
              "state": "passed",
              "speed": "slow",
              "pass": true,
              "fail": false,
              "pending": false,
              "context": "{\n  \"title\": \"cypress-mochawesome-reporter-videos-passed\",\n  \"value\": \"cypress\\\\e2e\\\\checkoutPage.cy.js\"\n}",
              "code": "payment.testVietQRPayment();",
              "err": {},
              "uuid": "afd59140-3010-4751-9645-55ca3725a584",
              "parentUUID": "849c57e4-9c25-4684-9dc5-9e0133e0152c",
              "isHook": false,
              "skipped": false
            }
          ],
          "suites": [],
          "passes": [
            "94576fc7-eff3-4058-b936-39d1cfb19a54",
            "2d7d5ead-9bf4-4c6c-a158-40c100dce9ce",
            "afd59140-3010-4751-9645-55ca3725a584"
          ],
          "failures": [
            "5ac78caf-3bc4-4027-9610-5ab75c96a9e3"
          ],
          "pending": [],
          "skipped": [],
          "duration": 103240,
          "root": false,
          "rootEmpty": false,
          "_timeout": 2000
        }
      ],
      "passes": [],
      "failures": [],
      "pending": [],
      "skipped": [],
      "duration": 0,
      "root": true,
      "rootEmpty": true,
      "_timeout": 2000
    }
  ],
  "meta": {
    "mocha": {
      "version": "7.2.0"
    },
    "mochawesome": {
      "options": {
        "quiet": false,
        "reportFilename": "mochawesome",
        "saveHtml": false,
        "saveJson": true,
        "consoleReporter": "spec",
        "useInlineDiffs": false,
        "code": true
      },
      "version": "7.1.3"
    },
    "marge": {
      "options": {
        "reportDir": "cypress\\reports\\.jsons",
        "overwrite": false,
        "html": false,
        "json": true,
        "timestamp": "mmddyyyy_HHMMss",
        "reportTitle": "PlanShop E2E Test Results",
        "reportPageTitle": "Cypress Test Report",
        "embeddedScreenshots": true,
        "inlineAssets": true,
        "saveAllAttempts": false
      },
      "version": "6.2.0"
    }
  }
}